#
# There is insufficient memory for the Java Runtime Environment to continue.
# Native memory allocation (mmap) failed to map 76546048 bytes for committing reserved memory.
# Possible reasons:
#   The system is out of physical RAM or swap space
#   The process is running with CompressedOops enabled, and the Java Heap may be blocking the growth of the native heap
# Possible solutions:
#   Reduce memory load on the system
#   Increase physical memory or swap space
#   Check if swap backing store is full
#   Decrease Java heap size (-Xmx/-Xms)
#   Decrease number of Java threads
#   Decrease Java thread stack sizes (-Xss)
#   Set larger code cache with -XX:ReservedCodeCacheSize=
#   JVM is running with Unscaled Compressed Oops mode in which the Java heap is
#     placed in the first 4GB address space. The Java Heap base address is the
#     maximum limit for the native heap growth. Please use -XX:HeapBaseMinAddress
#     to set the Java Heap base and to place the Java Heap above 4GB virtual address.
# This output file may be truncated or incomplete.
#
#  Out of Memory Error (os_linux.cpp:2757), pid=4588, tid=0x00007f44e8546700
#
# JRE version: OpenJDK Runtime Environment (8.0_252-b09) (build 1.8.0_252-8u252-b09-1~16.04-b09)
# Java VM: OpenJDK 64-Bit Server VM (25.252-b09 mixed mode linux-amd64 compressed oops)
# Failed to write core dump. Core dumps have been disabled. To enable core dumping, try "ulimit -c unlimited" before starting Java again
#

---------------  T H R E A D  ---------------

Current thread (0x00007f44fc07b800):  VMThread [stack: 0x00007f44e8446000,0x00007f44e8547000] [id=4598]

Stack: [0x00007f44e8446000,0x00007f44e8547000],  sp=0x00007f44e8545370,  free space=1020k
Native frames: (J=compiled Java code, j=interpreted, Vv=VM code, C=native code)
V  [libjvm.so+0xa7af9b]
V  [libjvm.so+0x4ccc7c]
V  [libjvm.so+0x8c8ce8]
V  [libjvm.so+0x8c032e]
V  [libjvm.so+0x93e076]
V  [libjvm.so+0x93f3a3]
V  [libjvm.so+0x93ba84]
V  [libjvm.so+0x9348d9]
V  [libjvm.so+0x44efc3]
V  [libjvm.so+0xa7c5b9]
V  [libjvm.so+0xa81db7]
V  [libjvm.so+0xa7f5c7]
V  [libjvm.so+0xa80855]
V  [libjvm.so+0xa80e22]
V  [libjvm.so+0x8c6042]

VM_Operation (0x00007f44ca9df6a0): CollectForMetadataAllocation, mode: safepoint, requested by thread 0x00007f44b0002800


---------------  P R O C E S S  ---------------

Java Threads: ( => current thread )
  0x00007f44b0002800 JavaThread "restartedMain" [_thread_blocked, id=4608, stack(0x00007f44ca8e4000,0x00007f44ca9e5000)]
  0x00007f44fc660800 JavaThread "Thread-0" [_thread_blocked, id=4607, stack(0x00007f44ca9e5000,0x00007f44caae6000)]
  0x00007f44fc0c3800 JavaThread "Service Thread" daemon [_thread_blocked, id=4605, stack(0x00007f44cb33e000,0x00007f44cb43f000)]
  0x00007f44fc0c0800 JavaThread "C1 CompilerThread2" daemon [_thread_blocked, id=4604, stack(0x00007f44cb43f000,0x00007f44cb540000)]
  0x00007f44fc0be800 JavaThread "C2 CompilerThread1" daemon [_thread_blocked, id=4603, stack(0x00007f44cb540000,0x00007f44cb641000)]
  0x00007f44fc0bb800 JavaThread "C2 CompilerThread0" daemon [_thread_blocked, id=4602, stack(0x00007f44e8042000,0x00007f44e8143000)]
  0x00007f44fc0ba000 JavaThread "Signal Dispatcher" daemon [_thread_blocked, id=4601, stack(0x00007f44e8143000,0x00007f44e8244000)]
  0x00007f44fc08a000 JavaThread "Finalizer" daemon [_thread_blocked, id=4600, stack(0x00007f44e8244000,0x00007f44e8345000)]
  0x00007f44fc085000 JavaThread "Reference Handler" daemon [_thread_blocked, id=4599, stack(0x00007f44e8345000,0x00007f44e8446000)]
  0x00007f44fc00e000 JavaThread "main" [_thread_blocked, id=4593, stack(0x00007f4502fc8000,0x00007f45030c9000)]

Other Threads:
=>0x00007f44fc07b800 VMThread [stack: 0x00007f44e8446000,0x00007f44e8547000] [id=4598]
  0x00007f44fc0c6000 WatcherThread [stack: 0x00007f44cb23d000,0x00007f44cb33e000] [id=4606]

VM state:at safepoint (normal execution)

VM Mutex/Monitor currently owned by a thread:  ([mutex/lock_event])
[0x00007f44fc00a3d0] Threads_lock - owner thread: 0x00007f44fc07b800
[0x00007f44fc00a8d0] Heap_lock - owner thread: 0x00007f44b0002800

heap address: 0x00000000c3e00000, size: 962 MB, Compressed Oops mode: 32-bit
Narrow klass base: 0x0000000000000000, Narrow klass shift: 3
Compressed class space size: 1073741824 Address: 0x0000000100000000

Heap:
 PSYoungGen      total 131072K, used 2935K [0x00000000ebf80000, 0x00000000f4680000, 0x0000000100000000)
  eden space 123904K, 0% used [0x00000000ebf80000,0x00000000ebf80000,0x00000000f3880000)
  from space 7168K, 40% used [0x00000000f3880000,0x00000000f3b5dc00,0x00000000f3f80000)
  to   space 7168K, 0% used [0x00000000f3f80000,0x00000000f3f80000,0x00000000f4680000)
 ParOldGen       total 42496K, used 7266K [0x00000000c3e00000, 0x00000000c6780000, 0x00000000ebf80000)
  object space 42496K, 17% used [0x00000000c3e00000,0x00000000c4518950,0x00000000c6780000)
 Metaspace       used 20338K, capacity 21202K, committed 21296K, reserved 1069056K
  class space    used 2449K, capacity 2648K, committed 2688K, reserved 1048576K

Card table byte_map: [0x00007f44ec437000,0x00007f44ec619000] byte_map_base: 0x00007f44ebe18000

Marking Bits: (ParMarkBitMap*) 0x00007f45022905a0
 Begin Bits: [0x00007f44ea0e2000, 0x00007f44eafea000)
 End Bits:   [0x00007f44eafea000, 0x00007f44ebef2000)

Polling page: 0x00007f45030e4000

CodeCache: size=245760Kb used=6632Kb max_used=6632Kb free=239127Kb
 bounds [0x00007f44ec9d9000, 0x00007f44ed059000, 0x00007f44fb9d9000]
 total_blobs=2364 nmethods=2011 adapters=266
 compilation: enabled

Compilation events (10 events):
Event: 4,566 Thread 0x00007f44fc0c0800 2007       3       java.lang.reflect.Proxy$Key1::equals (47 bytes)
Event: 4,567 Thread 0x00007f44fc0c0800 nmethod 2007 0x00007f44ed055cd0 code [0x00007f44ed055e60, 0x00007f44ed0564b0]
Event: 4,571 Thread 0x00007f44fc0c0800 2008       3       java.util.Collections::addAll (43 bytes)
Event: 4,571 Thread 0x00007f44fc0c0800 nmethod 2008 0x00007f44ed044a10 code [0x00007f44ed044b80, 0x00007f44ed044e68]
Event: 4,571 Thread 0x00007f44fc0c0800 2009       3       org.springframework.util.StringUtils::containsText (37 bytes)
Event: 4,572 Thread 0x00007f44fc0c0800 nmethod 2009 0x00007f44ed0565d0 code [0x00007f44ed0567a0, 0x00007f44ed056d18]
Event: 4,574 Thread 0x00007f44fc0c0800 2010       3       org.springframework.util.LinkedMultiValueMap::get (6 bytes)
Event: 4,575 Thread 0x00007f44fc0c0800 nmethod 2010 0x00007f44ed056f50 code [0x00007f44ed0570e0, 0x00007f44ed057468]
Event: 4,575 Thread 0x00007f44fc0c0800 2011       3       org.springframework.util.MultiValueMapAdapter::get (14 bytes)
Event: 4,575 Thread 0x00007f44fc0c0800 nmethod 2011 0x00007f44ed057590 code [0x00007f44ed057700, 0x00007f44ed057a28]

GC Heap History (10 events):
Event: 1,281 GC heap after
Heap after GC invocations=4 (full 0):
 PSYoungGen      total 34304K, used 2534K [0x00000000ebf80000, 0x00000000ee380000, 0x0000000100000000)
  eden space 31744K, 0% used [0x00000000ebf80000,0x00000000ebf80000,0x00000000ede80000)
  from space 2560K, 98% used [0x00000000ee100000,0x00000000ee379958,0x00000000ee380000)
  to   space 2560K, 0% used [0x00000000ede80000,0x00000000ede80000,0x00000000ee100000)
 ParOldGen       total 42496K, used 202K [0x00000000c3e00000, 0x00000000c6780000, 0x00000000ebf80000)
  object space 42496K, 0% used [0x00000000c3e00000,0x00000000c3e32838,0x00000000c6780000)
 Metaspace       used 7550K, capacity 7808K, committed 7936K, reserved 1056768K
  class space    used 844K, capacity 927K, committed 1024K, reserved 1048576K
}
Event: 2,002 GC heap before
{Heap before GC invocations=5 (full 0):
 PSYoungGen      total 34304K, used 34278K [0x00000000ebf80000, 0x00000000ee380000, 0x0000000100000000)
  eden space 31744K, 100% used [0x00000000ebf80000,0x00000000ede80000,0x00000000ede80000)
  from space 2560K, 98% used [0x00000000ee100000,0x00000000ee379958,0x00000000ee380000)
  to   space 2560K, 0% used [0x00000000ede80000,0x00000000ede80000,0x00000000ee100000)
 ParOldGen       total 42496K, used 202K [0x00000000c3e00000, 0x00000000c6780000, 0x00000000ebf80000)
  object space 42496K, 0% used [0x00000000c3e00000,0x00000000c3e32838,0x00000000c6780000)
 Metaspace       used 12360K, capacity 12864K, committed 13184K, reserved 1060864K
  class space    used 1393K, capacity 1545K, committed 1664K, reserved 1048576K
Event: 2,017 GC heap after
Heap after GC invocations=5 (full 0):
 PSYoungGen      total 34304K, used 2559K [0x00000000ebf80000, 0x00000000f0780000, 0x0000000100000000)
  eden space 31744K, 0% used [0x00000000ebf80000,0x00000000ebf80000,0x00000000ede80000)
  from space 2560K, 99% used [0x00000000ede80000,0x00000000ee0ffeb0,0x00000000ee100000)
  to   space 5120K, 0% used [0x00000000f0280000,0x00000000f0280000,0x00000000f0780000)
 ParOldGen       total 42496K, used 3026K [0x00000000c3e00000, 0x00000000c6780000, 0x00000000ebf80000)
  object space 42496K, 7% used [0x00000000c3e00000,0x00000000c40f49f0,0x00000000c6780000)
 Metaspace       used 12360K, capacity 12864K, committed 13184K, reserved 1060864K
  class space    used 1393K, capacity 1545K, committed 1664K, reserved 1048576K
}
Event: 2,583 GC heap before
{Heap before GC invocations=6 (full 0):
 PSYoungGen      total 34304K, used 34303K [0x00000000ebf80000, 0x00000000f0780000, 0x0000000100000000)
  eden space 31744K, 100% used [0x00000000ebf80000,0x00000000ede80000,0x00000000ede80000)
  from space 2560K, 99% used [0x00000000ede80000,0x00000000ee0ffeb0,0x00000000ee100000)
  to   space 5120K, 0% used [0x00000000f0280000,0x00000000f0280000,0x00000000f0780000)
 ParOldGen       total 42496K, used 3026K [0x00000000c3e00000, 0x00000000c6780000, 0x00000000ebf80000)
  object space 42496K, 7% used [0x00000000c3e00000,0x00000000c40f49f0,0x00000000c6780000)
 Metaspace       used 15887K, capacity 16474K, committed 16768K, reserved 1064960K
  class space    used 1899K, capacity 2050K, committed 2176K, reserved 1048576K
Event: 2,594 GC heap after
Heap after GC invocations=6 (full 0):
 PSYoungGen      total 67072K, used 5112K [0x00000000ebf80000, 0x00000000f0a80000, 0x0000000100000000)
  eden space 61952K, 0% used [0x00000000ebf80000,0x00000000ebf80000,0x00000000efc00000)
  from space 5120K, 99% used [0x00000000f0280000,0x00000000f077e368,0x00000000f0780000)
  to   space 6656K, 0% used [0x00000000efc00000,0x00000000efc00000,0x00000000f0280000)
 ParOldGen       total 42496K, used 4266K [0x00000000c3e00000, 0x00000000c6780000, 0x00000000ebf80000)
  object space 42496K, 10% used [0x00000000c3e00000,0x00000000c422a9e0,0x00000000c6780000)
 Metaspace       used 15887K, capacity 16474K, committed 16768K, reserved 1064960K
  class space    used 1899K, capacity 2050K, committed 2176K, reserved 1048576K
}
Event: 3,328 GC heap before
{Heap before GC invocations=7 (full 0):
 PSYoungGen      total 67072K, used 67064K [0x00000000ebf80000, 0x00000000f0a80000, 0x0000000100000000)
  eden space 61952K, 100% used [0x00000000ebf80000,0x00000000efc00000,0x00000000efc00000)
  from space 5120K, 99% used [0x00000000f0280000,0x00000000f077e368,0x00000000f0780000)
  to   space 6656K, 0% used [0x00000000efc00000,0x00000000efc00000,0x00000000f0280000)
 ParOldGen       total 42496K, used 4266K [0x00000000c3e00000, 0x00000000c6780000, 0x00000000ebf80000)
  object space 42496K, 10% used [0x00000000c3e00000,0x00000000c422a9e0,0x00000000c6780000)
 Metaspace       used 18606K, capacity 19296K, committed 19456K, reserved 1067008K
  class space    used 2251K, capacity 2433K, committed 2560K, reserved 1048576K
Event: 3,345 GC heap after
Heap after GC invocations=7 (full 0):
 PSYoungGen      total 68608K, used 4691K [0x00000000ebf80000, 0x00000000f4680000, 0x0000000100000000)
  eden space 61952K, 0% used [0x00000000ebf80000,0x00000000ebf80000,0x00000000efc00000)
  from space 6656K, 70% used [0x00000000efc00000,0x00000000f0094ec8,0x00000000f0280000)
  to   space 7168K, 0% used [0x00000000f3f80000,0x00000000f3f80000,0x00000000f4680000)
 ParOldGen       total 42496K, used 5677K [0x00000000c3e00000, 0x00000000c6780000, 0x00000000ebf80000)
  object space 42496K, 13% used [0x00000000c3e00000,0x00000000c438b710,0x00000000c6780000)
 Metaspace       used 18606K, capacity 19296K, committed 19456K, reserved 1067008K
  class space    used 2251K, capacity 2433K, committed 2560K, reserved 1048576K
}
Event: 4,117 GC heap before
{Heap before GC invocations=8 (full 0):
 PSYoungGen      total 68608K, used 66643K [0x00000000ebf80000, 0x00000000f4680000, 0x0000000100000000)
  eden space 61952K, 100% used [0x00000000ebf80000,0x00000000efc00000,0x00000000efc00000)
  from space 6656K, 70% used [0x00000000efc00000,0x00000000f0094ec8,0x00000000f0280000)
  to   space 7168K, 0% used [0x00000000f3f80000,0x00000000f3f80000,0x00000000f4680000)
 ParOldGen       total 42496K, used 5677K [0x00000000c3e00000, 0x00000000c6780000, 0x00000000ebf80000)
  object space 42496K, 13% used [0x00000000c3e00000,0x00000000c438b710,0x00000000c6780000)
 Metaspace       used 19673K, capacity 20508K, committed 20864K, reserved 1067008K
  class space    used 2369K, capacity 2563K, committed 2688K, reserved 1048576K
Event: 4,150 GC heap after
Heap after GC invocations=8 (full 0):
 PSYoungGen      total 131072K, used 5177K [0x00000000ebf80000, 0x00000000f4680000, 0x0000000100000000)
  eden space 123904K, 0% used [0x00000000ebf80000,0x00000000ebf80000,0x00000000f3880000)
  from space 7168K, 72% used [0x00000000f3f80000,0x00000000f448e618,0x00000000f4680000)
  to   space 7168K, 0% used [0x00000000f3880000,0x00000000f3880000,0x00000000f3f80000)
 ParOldGen       total 42496K, used 5725K [0x00000000c3e00000, 0x00000000c6780000, 0x00000000ebf80000)
  object space 42496K, 13% used [0x00000000c3e00000,0x00000000c4397710,0x00000000c6780000)
 Metaspace       used 19673K, capacity 20508K, committed 20864K, reserved 1067008K
  class space    used 2369K, capacity 2563K, committed 2688K, reserved 1048576K
}
Event: 4,581 GC heap before
{Heap before GC invocations=9 (full 0):
 PSYoungGen      total 131072K, used 90605K [0x00000000ebf80000, 0x00000000f4680000, 0x0000000100000000)
  eden space 123904K, 68% used [0x00000000ebf80000,0x00000000f12ed0b0,0x00000000f3880000)
  from space 7168K, 72% used [0x00000000f3f80000,0x00000000f448e618,0x00000000f4680000)
  to   space 7168K, 0% used [0x00000000f3880000,0x00000000f3880000,0x00000000f3f80000)
 ParOldGen       total 42496K, used 5725K [0x00000000c3e00000, 0x00000000c6780000, 0x00000000ebf80000)
  object space 42496K, 13% used [0x00000000c3e00000,0x00000000c4397710,0x00000000c6780000)
 Metaspace       used 20338K, capacity 21202K, committed 21296K, reserved 1069056K
  class space    used 2449K, capacity 2648K, committed 2688K, reserved 1048576K

Deoptimization events (10 events):
Event: 2,223 Thread 0x00007f44b0002800 Uncommon trap: reason=predicate action=maybe_recompile pc=0x00007f44ecd93c7c method=java.lang.String.regionMatches(ZILjava/lang/String;II)Z @ 63
Event: 2,369 Thread 0x00007f44a402b000 Uncommon trap: reason=unstable_if action=reinterpret pc=0x00007f44ecd68820 method=jdk.internal.org.objectweb.asm.Type.getArgumentsAndReturnSizes(Ljava/lang/String;)I @ 47
Event: 2,669 Thread 0x00007f44b0002800 Uncommon trap: reason=unstable_if action=reinterpret pc=0x00007f44ecc80854 method=java.util.HashMap.hash(Ljava/lang/Object;)I @ 1
Event: 2,695 Thread 0x00007f44b0002800 Uncommon trap: reason=unstable_if action=reinterpret pc=0x00007f44ecc5fba4 method=java.util.HashMap.getNode(ILjava/lang/Object;)Ljava/util/HashMap$Node; @ 129
Event: 2,829 Thread 0x00007f44b0002800 Uncommon trap: reason=unstable_if action=reinterpret pc=0x00007f44ece336ec method=java.util.concurrent.ConcurrentHashMap.putVal(Ljava/lang/Object;Ljava/lang/Object;Z)Ljava/lang/Object; @ 206
Event: 4,447 Thread 0x00007f44b0002800 Uncommon trap: reason=class_check action=maybe_recompile pc=0x00007f44ecbbaedc method=java.lang.String.equals(Ljava/lang/Object;)Z @ 8
Event: 4,448 Thread 0x00007f44b0002800 Uncommon trap: reason=class_check action=maybe_recompile pc=0x00007f44ecbbaedc method=java.lang.String.equals(Ljava/lang/Object;)Z @ 8
Event: 4,448 Thread 0x00007f44b0002800 Uncommon trap: reason=class_check action=maybe_recompile pc=0x00007f44ecbbaedc method=java.lang.String.equals(Ljava/lang/Object;)Z @ 8
Event: 4,450 Thread 0x00007f44b0002800 Uncommon trap: reason=unstable_if action=reinterpret pc=0x00007f44ecfc0a50 method=org.springframework.core.annotation.MergedAnnotationsCollection.isMappingForType(Lorg/springframework/core/annotation/AnnotationTypeMapping;Ljava/lang/Object;)Z @ 13
Event: 4,455 Thread 0x00007f44b0002800 Uncommon trap: reason=class_check action=maybe_recompile pc=0x00007f44ecbbaedc method=java.lang.String.equals(Ljava/lang/Object;)Z @ 8

Classes redefined (0 events):
No events

Internal exceptions (10 events):
Event: 2,919 Thread 0x00007f44b0002800 Exception <a 'java/lang/ClassNotFoundException': org/springframework/core/OrderedCustomizer> (0x00000000ecd9cc48) thrown at [/build/openjdk-8-uwNjBd/openjdk-8-8u252-b09/src/hotspot/src/share/vm/classfile/systemDictionary.cpp, line 210]
Event: 2,920 Thread 0x00007f44b0002800 Exception <a 'java/lang/ClassNotFoundException': org/springframework/context/ResourceLoaderAwareCustomizer> (0x00000000ecdb2f70) thrown at [/build/openjdk-8-uwNjBd/openjdk-8-8u252-b09/src/hotspot/src/share/vm/classfile/systemDictionary.cpp, line 210]
Event: 2,920 Thread 0x00007f44b0002800 Exception <a 'java/lang/ClassNotFoundException': org/springframework/beans/factory/AwareCustomizer> (0x00000000ecdc76f8) thrown at [/build/openjdk-8-uwNjBd/openjdk-8-8u252-b09/src/hotspot/src/share/vm/classfile/systemDictionary.cpp, line 210]
Event: 2,921 Thread 0x00007f44b0002800 Exception <a 'java/lang/ClassNotFoundException': org/springframework/beans/factory/BeanClassLoaderAwareCustomizer> (0x00000000ecddeb10) thrown at [/build/openjdk-8-uwNjBd/openjdk-8-8u252-b09/src/hotspot/src/share/vm/classfile/systemDictionary.cpp, line 21
Event: 2,923 Thread 0x00007f44b0002800 Exception <a 'java/lang/ClassNotFoundException': org/springframework/beans/factory/AwareCustomizer> (0x00000000ecdf3328) thrown at [/build/openjdk-8-uwNjBd/openjdk-8-8u252-b09/src/hotspot/src/share/vm/classfile/systemDictionary.cpp, line 210]
Event: 2,924 Thread 0x00007f44b0002800 Exception <a 'java/lang/ClassNotFoundException': org/springframework/context/EnvironmentAwareCustomizer> (0x00000000ece07d28) thrown at [/build/openjdk-8-uwNjBd/openjdk-8-8u252-b09/src/hotspot/src/share/vm/classfile/systemDictionary.cpp, line 210]
Event: 2,924 Thread 0x00007f44b0002800 Exception <a 'java/lang/ClassNotFoundException': org/springframework/beans/factory/AwareCustomizer> (0x00000000ece1c420) thrown at [/build/openjdk-8-uwNjBd/openjdk-8-8u252-b09/src/hotspot/src/share/vm/classfile/systemDictionary.cpp, line 210]
Event: 3,125 Thread 0x00007f44b0002800 Exception <a 'java/lang/NoSuchMethodError': java.lang.Object.lambda$or$2(Ljava/util/function/Predicate;Ljava/lang/Object;)Z> (0x00000000ed2d71c0) thrown at [/build/openjdk-8-uwNjBd/openjdk-8-8u252-b09/src/hotspot/src/share/vm/interpreter/linkResolver.cpp,
Event: 3,432 Thread 0x00007f44b0002800 Exception <a 'java/lang/IncompatibleClassChangeError': Found class java.lang.Object, but interface was expected> (0x00000000ec414a90) thrown at [/build/openjdk-8-uwNjBd/openjdk-8-8u252-b09/src/hotspot/src/share/vm/interpreter/linkResolver.cpp, line 653]
Event: 3,537 Thread 0x00007f44b0002800 Exception <a 'java/lang/NoSuchMethodError': java.lang.Object.lambda$getAllAnnotationAttributes$0(Lorg/springframework/util/MultiValueMap;)Lorg/springframework/util/MultiValueMap;> (0x00000000ec78fba8) thrown at [/build/openjdk-8-uwNjBd/openjdk-8-8u252-b09

Events (10 events):
Event: 4,570 loading class org/springframework/boot/autoconfigure/web/servlet/error/ErrorViewResolver done
Event: 4,571 loading class org/springframework/boot/autoconfigure/web/servlet/WebMvcAutoConfiguration
Event: 4,571 loading class org/springframework/boot/autoconfigure/web/servlet/WebMvcAutoConfiguration done
Event: 4,572 loading class org/springframework/boot/autoconfigure/web/ResourceProperties
Event: 4,572 loading class org/springframework/boot/autoconfigure/web/ResourceProperties done
Event: 4,575 loading class org/springframework/boot/web/servlet/error/ErrorAttributes
Event: 4,575 loading class org/springframework/boot/web/servlet/error/ErrorAttributes done
Event: 4,576 loading class org/springframework/boot/autoconfigure/web/servlet/error/DefaultErrorViewResolver
Event: 4,576 loading class org/springframework/boot/autoconfigure/web/servlet/error/DefaultErrorViewResolver done
Event: 4,581 Executing VM operation: CollectForMetadataAllocation


Dynamic libraries:
c3e00000-c6780000 rw-p 00000000 00:00 0 
c6780000-ebf80000 ---p 00000000 00:00 0 
ebf80000-f4680000 rw-p 00000000 00:00 0 
f8f80000-100000000 ---p 00000000 00:00 0 
100000000-1002a0000 rw-p 00000000 00:00 0 
1002a0000-140000000 ---p 00000000 00:00 0 
55eb220ca000-55eb220cb000 r-xp 00000000 08:01 13240252                   /usr/lib/jvm/java-8-openjdk-amd64/jre/bin/java
55eb222ca000-55eb222cb000 r--p 00000000 08:01 13240252                   /usr/lib/jvm/java-8-openjdk-amd64/jre/bin/java
55eb222cb000-55eb222cc000 rw-p 00001000 08:01 13240252                   /usr/lib/jvm/java-8-openjdk-amd64/jre/bin/java
55eb23043000-55eb23064000 rw-p 00000000 00:00 0                          [heap]
7f449c000000-7f449c021000 rw-p 00000000 00:00 0 
7f449c021000-7f44a0000000 ---p 00000000 00:00 0 
7f44a4000000-7f44a437d000 rw-p 00000000 00:00 0 
7f44a437d000-7f44a8000000 ---p 00000000 00:00 0 
7f44a8000000-7f44a81fb000 rw-p 00000000 00:00 0 
7f44a81fb000-7f44ac000000 ---p 00000000 00:00 0 
7f44ac000000-7f44ac021000 rw-p 00000000 00:00 0 
7f44ac021000-7f44b0000000 ---p 00000000 00:00 0 
7f44b0000000-7f44b0021000 rw-p 00000000 00:00 0 
7f44b0021000-7f44b4000000 ---p 00000000 00:00 0 
7f44b4000000-7f44b448d000 rw-p 00000000 00:00 0 
7f44b448d000-7f44b8000000 ---p 00000000 00:00 0 
7f44b8000000-7f44b8021000 rw-p 00000000 00:00 0 
7f44b8021000-7f44bc000000 ---p 00000000 00:00 0 
7f44bc000000-7f44bc389000 rw-p 00000000 00:00 0 
7f44bc389000-7f44c0000000 ---p 00000000 00:00 0 
7f44c0000000-7f44c0419000 rw-p 00000000 00:00 0 
7f44c0419000-7f44c4000000 ---p 00000000 00:00 0 
7f44c4000000-7f44c4021000 rw-p 00000000 00:00 0 
7f44c4021000-7f44c8000000 ---p 00000000 00:00 0 
7f44c98d8000-7f44c9904000 rw-p 00000000 00:00 0 
7f44c9904000-7f44c9adb000 ---p 00000000 00:00 0 
7f44c9adb000-7f44c9dd9000 rw-p 00000000 00:00 0 
7f44c9dd9000-7f44c9fd9000 rw-p 00000000 00:00 0 
7f44c9fd9000-7f44ca1d9000 rw-p 00000000 00:00 0 
7f44ca1d9000-7f44ca1e2000 r-xp 00000000 08:01 13121679                   /usr/lib/jvm/java-8-openjdk-amd64/jre/lib/amd64/libmanagement.so
7f44ca1e2000-7f44ca3e1000 ---p 00009000 08:01 13121679                   /usr/lib/jvm/java-8-openjdk-amd64/jre/lib/amd64/libmanagement.so
7f44ca3e1000-7f44ca3e2000 r--p 00008000 08:01 13121679                   /usr/lib/jvm/java-8-openjdk-amd64/jre/lib/amd64/libmanagement.so
7f44ca3e2000-7f44ca3e3000 rw-p 00009000 08:01 13121679                   /usr/lib/jvm/java-8-openjdk-amd64/jre/lib/amd64/libmanagement.so
7f44ca3e3000-7f44ca5e3000 rw-p 00000000 00:00 0 
7f44ca5e3000-7f44ca7e3000 rw-p 00000000 00:00 0 
7f44ca7e3000-7f44ca7e6000 ---p 00000000 00:00 0 
7f44ca7e6000-7f44ca8e4000 rw-p 00000000 00:00 0 
7f44ca8e4000-7f44ca8e7000 ---p 00000000 00:00 0 
7f44ca8e7000-7f44ca9e5000 rw-p 00000000 00:00 0 
7f44ca9e5000-7f44ca9e8000 ---p 00000000 00:00 0 
7f44ca9e8000-7f44caae6000 rw-p 00000000 00:00 0 
7f44caae6000-7f44caaed000 r--s 00000000 08:01 13372076                   /usr/lib/x86_64-linux-gnu/gconv/gconv-modules.cache
7f44caaed000-7f44cab0e000 r--p 00000000 08:01 14946806                   /usr/share/locale-langpack/pt_BR/LC_MESSAGES/libc.mo
7f44cab0e000-7f44cab0f000 r--s 00005000 08:01 27401706                   /home/thayanna/.m2/repository/org/springframework/spring-jcl/5.2.7.RELEASE/spring-jcl-5.2.7.RELEASE.jar
7f44cab0f000-7f44cab2b000 r--s 00145000 08:01 27401704                   /home/thayanna/.m2/repository/org/springframework/spring-core/5.2.7.RELEASE/spring-core-5.2.7.RELEASE.jar
7f44cab2b000-7f44cab2d000 r--s 0000a000 08:01 27401682                   /home/thayanna/.m2/repository/jakarta/activation/jakarta.activation-api/1.2.2/jakarta.activation-api-1.2.2.jar
7f44cab2d000-7f44cab31000 r--s 00019000 08:01 27401680                   /home/thayanna/.m2/repository/jakarta/xml/bind/jakarta.xml.bind-api/2.3.3/jakarta.xml.bind-api-2.3.3.jar
7f44cab31000-7f44cab4b000 r--s 0022d000 08:01 27401672                   /home/thayanna/.m2/repository/mysql/mysql-connector-java/8.0.20/mysql-connector-java-8.0.20.jar
7f44cab4b000-7f44cab75000 r--s 0013d000 08:01 27401670                   /home/thayanna/.m2/repository/org/springframework/boot/spring-boot-autoconfigure/2.3.1.RELEASE/spring-boot-autoconfigure-2.3.1.RELEASE.jar
7f44cab75000-7f44cab8e000 r--s 000f9000 08:01 27401668                   /home/thayanna/.m2/repository/org/springframework/boot/spring-boot/2.3.1.RELEASE/spring-boot-2.3.1.RELEASE.jar
7f44cab8e000-7f44cab94000 r--s 00031000 08:01 27401666                   /home/thayanna/.m2/repository/org/springframework/boot/spring-boot-devtools/2.3.1.RELEASE/spring-boot-devtools-2.3.1.RELEASE.jar
7f44cab94000-7f44cab99000 r--s 00040000 08:01 27401664                   /home/thayanna/.m2/repository/org/springframework/spring-expression/5.2.7.RELEASE/spring-expression-5.2.7.RELEASE.jar
7f44cab99000-7f44cabab000 r--s 000d8000 08:01 27401662                   /home/thayanna/.m2/repository/org/springframework/spring-webmvc/5.2.7.RELEASE/spring-webmvc-5.2.7.RELEASE.jar
7f44cabab000-7f44cabc7000 r--s 00144000 08:01 27401660                   /home/thayanna/.m2/repository/org/springframework/spring-web/5.2.7.RELEASE/spring-web-5.2.7.RELEASE.jar
7f44cabc7000-7f44cabcd000 r--s 0003c000 08:01 27401658                   /home/thayanna/.m2/repository/org/apache/tomcat/embed/tomcat-embed-websocket/9.0.36/tomcat-embed-websocket-9.0.36.jar
7f44cabcd000-7f44cabd2000 r--s 00036000 08:01 27401656                   /home/thayanna/.m2/repository/org/glassfish/jakarta.el/3.0.3/jakarta.el-3.0.3.jar
7f44cabd2000-7f44cabfd000 r--s 0030d000 08:01 27401654                   /home/thayanna/.m2/repository/org/apache/tomcat/embed/tomcat-embed-core/9.0.36/tomcat-embed-core-9.0.36.jar
7f44cabfd000-7f44cabfe000 r--s 00001000 08:01 27401652                   /home/thayanna/.m2/repository/org/springframework/boot/spring-boot-starter-tomcat/2.3.1.RELEASE/spring-boot-starter-tomcat-2.3.1.RELEASE.jar
7f44cabfe000-7f44cac00000 r--s 00001000 08:01 27401650                   /home/thayanna/.m2/repository/com/fasterxml/jackson/module/jackson-module-parameter-names/2.11.0/jackson-module-parameter-names-2.11.0.jar
7f44cac00000-7f44cac04000 r--s 00018000 08:01 27401648                   /home/thayanna/.m2/repository/com/fasterxml/jackson/datatype/jackson-datatype-jsr310/2.11.0/jackson-datatype-jsr310-2.11.0.jar
7f44cac04000-7f44cac06000 r--s 00007000 08:01 27401646                   /home/thayanna/.m2/repository/com/fasterxml/jackson/datatype/jackson-datatype-jdk8/2.11.0/jackson-datatype-jdk8-2.11.0.jar
7f44cac06000-7f44cac0a000 r--s 00052000 08:01 27401644                   /home/thayanna/.m2/repository/com/fasterxml/jackson/core/jackson-core/2.11.0/jackson-core-2.11.0.jar
7f44cac0a000-7f44cac0d000 r--s 0000e000 08:01 27401642                   /home/thayanna/.m2/repository/com/fasterxml/jackson/core/jackson-annotations/2.11.0/jackson-annotations-2.11.0.jar
7f44cac0d000-7f44cac23000 r--s 00145000 08:01 27401640                   /home/thayanna/.m2/repository/com/fasterxml/jackson/core/jackson-databind/2.11.0/jackson-databind-2.11.0.jar
7f44cac23000-7f44cac24000 r--s 00001000 08:01 27401638                   /home/thayanna/.m2/repository/org/springframework/boot/spring-boot-starter-json/2.3.1.RELEASE/spring-boot-starter-json-2.3.1.RELEASE.jar
7f44cac24000-7f44cac2b000 r--s 00045000 08:01 27401636                   /home/thayanna/.m2/repository/org/yaml/snakeyaml/1.26/snakeyaml-1.26.jar
7f44cac2b000-7f44cac2d000 r--s 00005000 08:01 26871726                   /home/thayanna/.m2/repository/jakarta/annotation/jakarta.annotation-api/1.3.5/jakarta.annotation-api-1.3.5.jar
7f44cac2d000-7f44cac2f000 r--s 00000000 08:01 26871724                   /home/thayanna/.m2/repository/org/slf4j/jul-to-slf4j/1.7.30/jul-to-slf4j-1.7.30.jar
7f44cac2f000-7f44cac35000 r--s 00042000 08:01 27401634                   /home/thayanna/.m2/repository/org/apache/logging/log4j/log4j-api/2.13.3/log4j-api-2.13.3.jar
7f44cac35000-7f44cac37000 r--s 00003000 08:01 27401632                   /home/thayanna/.m2/repository/org/apache/logging/log4j/log4j-to-slf4j/2.13.3/log4j-to-slf4j-2.13.3.jar
7f44cac37000-7f44cac42000 r--s 00069000 08:01 26870454                   /home/thayanna/.m2/repository/ch/qos/logback/logback-core/1.2.3/logback-core-1.2.3.jar
7f44cac42000-7f44cac48000 r--s 00041000 08:01 26870452                   /home/thayanna/.m2/repository/ch/qos/logback/logback-classic/1.2.3/logback-classic-1.2.3.jar
7f44cac48000-7f44cac49000 r--s 00001000 08:01 27401630                   /home/thayanna/.m2/repository/org/springframework/boot/spring-boot-starter-logging/2.3.1.RELEASE/spring-boot-starter-logging-2.3.1.RELEASE.jar
7f44cac49000-7f44cac4a000 r--s 00001000 08:01 27401628                   /home/thayanna/.m2/repository/org/springframework/boot/spring-boot-starter/2.3.1.RELEASE/spring-boot-starter-2.3.1.RELEASE.jar
7f44cac4a000-7f44cac4c000 r--s 0000a000 08:01 27401624                   /home/thayanna/.m2/repository/org/springframework/spring-aspects/5.2.7.RELEASE/spring-aspects-5.2.7.RELEASE.jar
7f44cac4c000-7f44cac4e000 r--s 00009000 08:01 26871710                   /home/thayanna/.m2/repository/org/slf4j/slf4j-api/1.7.30/slf4j-api-1.7.30.jar
7f44cac4e000-7f44cac5b000 r--s 0009c000 08:01 27401622                   /home/thayanna/.m2/repository/org/springframework/spring-beans/5.2.7.RELEASE/spring-beans-5.2.7.RELEASE.jar
7f44cac5b000-7f44cac64000 r--s 00044000 08:01 27401620                   /home/thayanna/.m2/repository/org/springframework/spring-tx/5.2.7.RELEASE/spring-tx-5.2.7.RELEASE.jar
7f44cac64000-7f44cac7f000 r--s 00111000 08:01 27401618                   /home/thayanna/.m2/repository/org/springframework/spring-context/5.2.7.RELEASE/spring-context-5.2.7.RELEASE.jar
7f44cac7f000-7f44cac84000 r--s 0002d000 08:01 27401616                   /home/thayanna/.m2/repository/org/springframework/spring-orm/5.2.7.RELEASE/spring-orm-5.2.7.RELEASE.jar
7f44cac84000-7f44cac9c000 r--s 00111000 08:01 27401614                   /home/thayanna/.m2/repository/org/springframework/data/spring-data-commons/2.3.1.RELEASE/spring-data-commons-2.3.1.RELEASE.jar
7f44cac9c000-7f44caca4000 r--s 00052000 08:01 27401612                   /home/thayanna/.m2/repository/org/springframework/data/spring-data-jpa/2.3.1.RELEASE/spring-data-jpa-2.3.1.RELEASE.jar
7f44caca4000-7f44caca6000 r--s 0000f000 08:01 27401610                   /home/thayanna/.m2/repository/com/sun/activation/jakarta.activation/1.2.2/jakarta.activation-1.2.2.jar
7f44caca6000-7f44caca8000 r--s 00006000 08:01 27401608                   /home/thayanna/.m2/repository/com/sun/istack/istack-commons-runtime/3.0.11/istack-commons-runtime-3.0.11.jar
7f44caca8000-7f44cacaa000 r--s 00010000 08:01 27401606                   /home/thayanna/.m2/repository/org/glassfish/jaxb/txw2/2.3.3/txw2-2.3.3.jar
7f44cacaa000-7f44cacbf000 r--s 000e8000 08:01 27401604                   /home/thayanna/.m2/repository/org/glassfish/jaxb/jaxb-runtime/2.3.3/jaxb-runtime-2.3.3.jar
7f44cacbf000-7f44cacc2000 r--s 00010000 08:01 26871686                   /home/thayanna/.m2/repository/org/hibernate/common/hibernate-commons-annotations/5.1.0.Final/hibernate-commons-annotations-5.1.0.Final.jar
7f44cacc2000-7f44cacc7000 r--s 0004b000 08:01 27401602                   /home/thayanna/.m2/repository/org/dom4j/dom4j/2.1.3/dom4j-2.1.3.jar
7f44cacc7000-7f44cacc9000 r--s 0000f000 08:01 26871684                   /home/thayanna/.m2/repository/com/fasterxml/classmate/1.5.1/classmate-1.5.1.jar
7f44cacc9000-7f44caccc000 r--s 0002d000 08:01 27401600                   /home/thayanna/.m2/repository/org/jboss/jandex/2.1.3.Final/jandex-2.1.3.Final.jar
7f44caccc000-7f44cacd1000 r--s 00068000 08:01 26870500                   /home/thayanna/.m2/repository/antlr/antlr/2.7.7/antlr-2.7.7.jar
7f44cacd1000-7f44cad1c000 r--s 00307000 08:01 27401598                   /home/thayanna/.m2/repository/net/bytebuddy/byte-buddy/1.10.11/byte-buddy-1.10.11.jar
7f44cad1c000-7f44cad26000 r--s 000b4000 08:01 26871678                   /home/thayanna/.m2/repository/org/javassist/javassist/3.24.0-GA/javassist-3.24.0-GA.jar
7f44cad26000-7f44cad28000 r--s 0000d000 08:01 26871676                   /home/thayanna/.m2/repository/org/jboss/logging/jboss-logging/3.4.1.Final/jboss-logging-3.4.1.Final.jar
7f44cad28000-7f44cadae000 r--s 00670000 08:01 27401596                   /home/thayanna/.m2/repository/org/hibernate/hibernate-core/5.4.17.Final/hibernate-core-5.4.17.Final.jar
7f44cadae000-7f44cadb4000 r--s 00023000 08:01 26871670                   /home/thayanna/.m2/repository/jakarta/persistence/jakarta.persistence-api/2.2.3/jakarta.persistence-api-2.2.3.jar
7f44cadb4000-7f44cadbe000 r--s 0005a000 08:01 27401594                   /home/thayanna/.m2/repository/org/springframework/spring-jdbc/5.2.7.RELEASE/spring-jdbc-5.2.7.RELEASE.jar
7f44cadbe000-7f44cadd7000 r--s 001da000 08:01 26871660                   /home/thayanna/.m2/repository/org/aspectj/aspectjweaver/1.9.5/aspectjweaver-1.9.5.jar
7f44cadd7000-7f44cade0000 r--s 00052000 08:01 27401588                   /home/thayanna/.m2/repository/org/springframework/spring-aop/5.2.7.RELEASE/spring-aop-5.2.7.RELEASE.jar
7f44cade0000-7f44cae11000 rw-p 00000000 00:00 0 
7f44cae11000-7f44cae28000 r-xp 00000000 08:01 13121681                   /usr/lib/jvm/java-8-openjdk-amd64/jre/lib/amd64/libnet.so
7f44cae28000-7f44cb028000 ---p 00017000 08:01 13121681                   /usr/lib/jvm/java-8-openjdk-amd64/jre/lib/amd64/libnet.so
7f44cb028000-7f44cb029000 r--p 00017000 08:01 13121681                   /usr/lib/jvm/java-8-openjdk-amd64/jre/lib/amd64/libnet.so
7f44cb029000-7f44cb02a000 rw-p 00018000 08:01 13121681                   /usr/lib/jvm/java-8-openjdk-amd64/jre/lib/amd64/libnet.so
7f44cb02a000-7f44cb03c000 r-xp 00000000 08:01 13121677                   /usr/lib/jvm/java-8-openjdk-amd64/jre/lib/amd64/libnio.so
7f44cb03c000-7f44cb23b000 ---p 00012000 08:01 13121677                   /usr/lib/jvm/java-8-openjdk-amd64/jre/lib/amd64/libnio.so
7f44cb23b000-7f44cb23c000 r--p 00011000 08:01 13121677                   /usr/lib/jvm/java-8-openjdk-amd64/jre/lib/amd64/libnio.so
7f44cb23c000-7f44cb23d000 rw-p 00012000 08:01 13121677                   /usr/lib/jvm/java-8-openjdk-amd64/jre/lib/amd64/libnio.so
7f44cb23d000-7f44cb23e000 ---p 00000000 00:00 0 
7f44cb23e000-7f44cb33e000 rw-p 00000000 00:00 0 
7f44cb33e000-7f44cb341000 ---p 00000000 00:00 0 
7f44cb341000-7f44cb43f000 rw-p 00000000 00:00 0 
7f44cb43f000-7f44cb442000 ---p 00000000 00:00 0 
7f44cb442000-7f44cb540000 rw-p 00000000 00:00 0 
7f44cb540000-7f44cb543000 ---p 00000000 00:00 0 
7f44cb543000-7f44cb641000 rw-p 00000000 00:00 0 
7f44cb641000-7f44cc000000 r--p 00000000 08:01 13114307                   /usr/lib/locale/locale-archive
7f44cc000000-7f44cc021000 rw-p 00000000 00:00 0 
7f44cc021000-7f44d0000000 ---p 00000000 00:00 0 
7f44d0000000-7f44d0021000 rw-p 00000000 00:00 0 
7f44d0021000-7f44d4000000 ---p 00000000 00:00 0 
7f44d4000000-7f44d4021000 rw-p 00000000 00:00 0 
7f44d4021000-7f44d8000000 ---p 00000000 00:00 0 
7f44d8000000-7f44d8021000 rw-p 00000000 00:00 0 
7f44d8021000-7f44dc000000 ---p 00000000 00:00 0 
7f44dc000000-7f44dc021000 rw-p 00000000 00:00 0 
7f44dc021000-7f44e0000000 ---p 00000000 00:00 0 
7f44e0000000-7f44e0021000 rw-p 00000000 00:00 0 
7f44e0021000-7f44e4000000 ---p 00000000 00:00 0 
7f44e4000000-7f44e4021000 rw-p 00000000 00:00 0 
7f44e4021000-7f44e8000000 ---p 00000000 00:00 0 
7f44e8000000-7f44e8001000 r--s 00001000 08:01 27401626                   /home/thayanna/.m2/repository/org/springframework/boot/spring-boot-starter-web/2.3.1.RELEASE/spring-boot-starter-web-2.3.1.RELEASE.jar
7f44e8001000-7f44e8002000 r--s 00003000 08:01 26871672                   /home/thayanna/.m2/repository/jakarta/transaction/jakarta.transaction-api/1.3.3/jakarta.transaction-api-1.3.3.jar
7f44e8002000-7f44e8006000 r--s 00023000 08:01 27401592                   /home/thayanna/.m2/repository/com/zaxxer/HikariCP/3.4.5/HikariCP-3.4.5.jar
7f44e8006000-7f44e8007000 r--s 00001000 08:01 27401590                   /home/thayanna/.m2/repository/org/springframework/boot/spring-boot-starter-jdbc/2.3.1.RELEASE/spring-boot-starter-jdbc-2.3.1.RELEASE.jar
7f44e8007000-7f44e8008000 r--s 00001000 08:01 27401586                   /home/thayanna/.m2/repository/org/springframework/boot/spring-boot-starter-aop/2.3.1.RELEASE/spring-boot-starter-aop-2.3.1.RELEASE.jar
7f44e8008000-7f44e8009000 r--s 00001000 08:01 27401584                   /home/thayanna/.m2/repository/org/springframework/boot/spring-boot-starter-data-jpa/2.3.1.RELEASE/spring-boot-starter-data-jpa-2.3.1.RELEASE.jar
7f44e8009000-7f44e800c000 r--s 0000f000 08:01 13240242                   /usr/lib/jvm/java-8-openjdk-amd64/jre/lib/ext/icedtea-sound.jar
7f44e800c000-7f44e8027000 r--s 00394000 08:01 13240241                   /usr/lib/jvm/java-8-openjdk-amd64/jre/lib/ext/cldrdata.jar
7f44e8027000-7f44e8042000 r--s 001d6000 08:01 13240236                   /usr/lib/jvm/java-8-openjdk-amd64/jre/lib/ext/nashorn.jar
7f44e8042000-7f44e8045000 ---p 00000000 00:00 0 
7f44e8045000-7f44e8143000 rw-p 00000000 00:00 0 
7f44e8143000-7f44e8146000 ---p 00000000 00:00 0 
7f44e8146000-7f44e8244000 rw-p 00000000 00:00 0 
7f44e8244000-7f44e8247000 ---p 00000000 00:00 0 
7f44e8247000-7f44e8345000 rw-p 00000000 00:00 0 
7f44e8345000-7f44e8348000 ---p 00000000 00:00 0 
7f44e8348000-7f44e8446000 rw-p 00000000 00:00 0 
7f44e8446000-7f44e8447000 ---p 00000000 00:00 0 
7f44e8447000-7f44e94b9000 rw-p 00000000 00:00 0 
7f44e94b9000-7f44e968b000 r--s 03ca5000 08:01 13121694                   /usr/lib/jvm/java-8-openjdk-amd64/jre/lib/rt.jar
7f44e968b000-7f44ebef2000 rw-p 00000000 00:00 0 
7f44ebef2000-7f44ebef3000 ---p 00000000 00:00 0 
7f44ebef3000-7f44ebff3000 rw-p 00000000 00:00 0 
7f44ebff3000-7f44ebff4000 ---p 00000000 00:00 0 
7f44ebff4000-7f44ec0f4000 rw-p 00000000 00:00 0 
7f44ec0f4000-7f44ec0f5000 ---p 00000000 00:00 0 
7f44ec0f5000-7f44ec1f5000 rw-p 00000000 00:00 0 
7f44ec1f5000-7f44ec1f6000 ---p 00000000 00:00 0 
7f44ec1f6000-7f44ec30b000 rw-p 00000000 00:00 0 
7f44ec30b000-7f44ec437000 ---p 00000000 00:00 0 
7f44ec437000-7f44ec44c000 rw-p 00000000 00:00 0 
7f44ec44c000-7f44ec577000 ---p 00000000 00:00 0 
7f44ec577000-7f44ec5bc000 rw-p 00000000 00:00 0 
7f44ec5bc000-7f44ec618000 ---p 00000000 00:00 0 
7f44ec618000-7f44ec633000 rw-p 00000000 00:00 0 
7f44ec633000-7f44ec9d9000 ---p 00000000 00:00 0 
7f44ec9d9000-7f44ed059000 rwxp 00000000 00:00 0 
7f44ed059000-7f44fb9d9000 ---p 00000000 00:00 0 
7f44fb9d9000-7f44fb9e1000 r-xp 00000000 08:01 13121670                   /usr/lib/jvm/java-8-openjdk-amd64/jre/lib/amd64/libzip.so
7f44fb9e1000-7f44fbbe0000 ---p 00008000 08:01 13121670                   /usr/lib/jvm/java-8-openjdk-amd64/jre/lib/amd64/libzip.so
7f44fbbe0000-7f44fbbe1000 r--p 00007000 08:01 13121670                   /usr/lib/jvm/java-8-openjdk-amd64/jre/lib/amd64/libzip.so
7f44fbbe1000-7f44fbbe2000 rw-p 00008000 08:01 13121670                   /usr/lib/jvm/java-8-openjdk-amd64/jre/lib/amd64/libzip.so
7f44fbbe2000-7f44fbbed000 r-xp 00000000 08:01 24646322                   /lib/x86_64-linux-gnu/libnss_files-2.23.so
7f44fbbed000-7f44fbdec000 ---p 0000b000 08:01 24646322                   /lib/x86_64-linux-gnu/libnss_files-2.23.so
7f44fbdec000-7f44fbded000 r--p 0000a000 08:01 24646322                   /lib/x86_64-linux-gnu/libnss_files-2.23.so
7f44fbded000-7f44fbdee000 rw-p 0000b000 08:01 24646322                   /lib/x86_64-linux-gnu/libnss_files-2.23.so
7f44fbdee000-7f44fbdf4000 rw-p 00000000 00:00 0 
7f44fbdf4000-7f44fbdff000 r-xp 00000000 08:01 24646332                   /lib/x86_64-linux-gnu/libnss_nis-2.23.so
7f44fbdff000-7f44fbffe000 ---p 0000b000 08:01 24646332                   /lib/x86_64-linux-gnu/libnss_nis-2.23.so
7f44fbffe000-7f44fbfff000 r--p 0000a000 08:01 24646332                   /lib/x86_64-linux-gnu/libnss_nis-2.23.so
7f44fbfff000-7f44fc000000 rw-p 0000b000 08:01 24646332                   /lib/x86_64-linux-gnu/libnss_nis-2.23.so
7f44fc000000-7f44fc670000 rw-p 00000000 00:00 0 
7f44fc670000-7f4500000000 ---p 00000000 00:00 0 
7f4500000000-7f4500001000 r--s 0000d000 08:01 13240237                   /usr/lib/jvm/java-8-openjdk-amd64/jre/lib/ext/sunec.jar
7f4500001000-7f4500002000 r--s 0000a000 08:01 13240240                   /usr/lib/jvm/java-8-openjdk-amd64/jre/lib/ext/jaccess.jar
7f4500002000-7f4500050000 rw-p 00000000 00:00 0 
7f4500050000-7f4500066000 r-xp 00000000 08:01 24646316                   /lib/x86_64-linux-gnu/libnsl-2.23.so
7f4500066000-7f4500265000 ---p 00016000 08:01 24646316                   /lib/x86_64-linux-gnu/libnsl-2.23.so
7f4500265000-7f4500266000 r--p 00015000 08:01 24646316                   /lib/x86_64-linux-gnu/libnsl-2.23.so
7f4500266000-7f4500267000 rw-p 00016000 08:01 24646316                   /lib/x86_64-linux-gnu/libnsl-2.23.so
7f4500267000-7f4500269000 rw-p 00000000 00:00 0 
7f4500269000-7f4500271000 r-xp 00000000 08:01 24646318                   /lib/x86_64-linux-gnu/libnss_compat-2.23.so
7f4500271000-7f4500470000 ---p 00008000 08:01 24646318                   /lib/x86_64-linux-gnu/libnss_compat-2.23.so
7f4500470000-7f4500471000 r--p 00007000 08:01 24646318                   /lib/x86_64-linux-gnu/libnss_compat-2.23.so
7f4500471000-7f4500472000 rw-p 00008000 08:01 24646318                   /lib/x86_64-linux-gnu/libnss_compat-2.23.so
7f4500472000-7f450049b000 r-xp 00000000 08:01 13121665                   /usr/lib/jvm/java-8-openjdk-amd64/jre/lib/amd64/libjava.so
7f450049b000-7f450069b000 ---p 00029000 08:01 13121665                   /usr/lib/jvm/java-8-openjdk-amd64/jre/lib/amd64/libjava.so
7f450069b000-7f450069c000 r--p 00029000 08:01 13121665                   /usr/lib/jvm/java-8-openjdk-amd64/jre/lib/amd64/libjava.so
7f450069c000-7f450069e000 rw-p 0002a000 08:01 13121665                   /usr/lib/jvm/java-8-openjdk-amd64/jre/lib/amd64/libjava.so
7f450069e000-7f45006ad000 r-xp 00000000 08:01 13121684                   /usr/lib/jvm/java-8-openjdk-amd64/jre/lib/amd64/libverify.so
7f45006ad000-7f45008ac000 ---p 0000f000 08:01 13121684                   /usr/lib/jvm/java-8-openjdk-amd64/jre/lib/amd64/libverify.so
7f45008ac000-7f45008ae000 r--p 0000e000 08:01 13121684                   /usr/lib/jvm/java-8-openjdk-amd64/jre/lib/amd64/libverify.so
7f45008ae000-7f45008af000 rw-p 00010000 08:01 13121684                   /usr/lib/jvm/java-8-openjdk-amd64/jre/lib/amd64/libverify.so
7f45008af000-7f45008b6000 r-xp 00000000 08:01 24646377                   /lib/x86_64-linux-gnu/librt-2.23.so
7f45008b6000-7f4500ab5000 ---p 00007000 08:01 24646377                   /lib/x86_64-linux-gnu/librt-2.23.so
7f4500ab5000-7f4500ab6000 r--p 00006000 08:01 24646377                   /lib/x86_64-linux-gnu/librt-2.23.so
7f4500ab6000-7f4500ab7000 rw-p 00007000 08:01 24646377                   /lib/x86_64-linux-gnu/librt-2.23.so
7f4500ab7000-7f4500acd000 r-xp 00000000 08:01 24646261                   /lib/x86_64-linux-gnu/libgcc_s.so.1
7f4500acd000-7f4500ccc000 ---p 00016000 08:01 24646261                   /lib/x86_64-linux-gnu/libgcc_s.so.1
7f4500ccc000-7f4500ccd000 rw-p 00015000 08:01 24646261                   /lib/x86_64-linux-gnu/libgcc_s.so.1
7f4500ccd000-7f4500dd5000 r-xp 00000000 08:01 24646293                   /lib/x86_64-linux-gnu/libm-2.23.so
7f4500dd5000-7f4500fd4000 ---p 00108000 08:01 24646293                   /lib/x86_64-linux-gnu/libm-2.23.so
7f4500fd4000-7f4500fd5000 r--p 00107000 08:01 24646293                   /lib/x86_64-linux-gnu/libm-2.23.so
7f4500fd5000-7f4500fd6000 rw-p 00108000 08:01 24646293                   /lib/x86_64-linux-gnu/libm-2.23.so
7f4500fd6000-7f4501148000 r-xp 00000000 08:01 13109418                   /usr/lib/x86_64-linux-gnu/libstdc++.so.6.0.21
7f4501148000-7f4501348000 ---p 00172000 08:01 13109418                   /usr/lib/x86_64-linux-gnu/libstdc++.so.6.0.21
7f4501348000-7f4501352000 r--p 00172000 08:01 13109418                   /usr/lib/x86_64-linux-gnu/libstdc++.so.6.0.21
7f4501352000-7f4501354000 rw-p 0017c000 08:01 13109418                   /usr/lib/x86_64-linux-gnu/libstdc++.so.6.0.21
7f4501354000-7f4501358000 rw-p 00000000 00:00 0 
7f4501358000-7f4501fc0000 r-xp 00000000 08:01 13240218                   /usr/lib/jvm/java-8-openjdk-amd64/jre/lib/amd64/server/libjvm.so
7f4501fc0000-7f45021c0000 ---p 00c68000 08:01 13240218                   /usr/lib/jvm/java-8-openjdk-amd64/jre/lib/amd64/server/libjvm.so
7f45021c0000-7f4502254000 r--p 00c68000 08:01 13240218                   /usr/lib/jvm/java-8-openjdk-amd64/jre/lib/amd64/server/libjvm.so
7f4502254000-7f450227d000 rw-p 00cfc000 08:01 13240218                   /usr/lib/jvm/java-8-openjdk-amd64/jre/lib/amd64/server/libjvm.so
7f450227d000-7f45022ad000 rw-p 00000000 00:00 0 
7f45022ad000-7f45022c5000 r-xp 00000000 08:01 24646369                   /lib/x86_64-linux-gnu/libpthread-2.23.so
7f45022c5000-7f45024c4000 ---p 00018000 08:01 24646369                   /lib/x86_64-linux-gnu/libpthread-2.23.so
7f45024c4000-7f45024c5000 r--p 00017000 08:01 24646369                   /lib/x86_64-linux-gnu/libpthread-2.23.so
7f45024c5000-7f45024c6000 rw-p 00018000 08:01 24646369                   /lib/x86_64-linux-gnu/libpthread-2.23.so
7f45024c6000-7f45024ca000 rw-p 00000000 00:00 0 
7f45024ca000-7f45024cd000 r-xp 00000000 08:01 24646247                   /lib/x86_64-linux-gnu/libdl-2.23.so
7f45024cd000-7f45026cc000 ---p 00003000 08:01 24646247                   /lib/x86_64-linux-gnu/libdl-2.23.so
7f45026cc000-7f45026cd000 r--p 00002000 08:01 24646247                   /lib/x86_64-linux-gnu/libdl-2.23.so
7f45026cd000-7f45026ce000 rw-p 00003000 08:01 24646247                   /lib/x86_64-linux-gnu/libdl-2.23.so
7f45026ce000-7f45026e7000 r-xp 00000000 08:01 24641754                   /lib/x86_64-linux-gnu/libz.so.1.2.8
7f45026e7000-7f45028e6000 ---p 00019000 08:01 24641754                   /lib/x86_64-linux-gnu/libz.so.1.2.8
7f45028e6000-7f45028e7000 r--p 00018000 08:01 24641754                   /lib/x86_64-linux-gnu/libz.so.1.2.8
7f45028e7000-7f45028e8000 rw-p 00019000 08:01 24641754                   /lib/x86_64-linux-gnu/libz.so.1.2.8
7f45028e8000-7f4502aa8000 r-xp 00000000 08:01 24646223                   /lib/x86_64-linux-gnu/libc-2.23.so
7f4502aa8000-7f4502ca8000 ---p 001c0000 08:01 24646223                   /lib/x86_64-linux-gnu/libc-2.23.so
7f4502ca8000-7f4502cac000 r--p 001c0000 08:01 24646223                   /lib/x86_64-linux-gnu/libc-2.23.so
7f4502cac000-7f4502cae000 rw-p 001c4000 08:01 24646223                   /lib/x86_64-linux-gnu/libc-2.23.so
7f4502cae000-7f4502cb2000 rw-p 00000000 00:00 0 
7f4502cb2000-7f4502cbf000 r-xp 00000000 08:01 13121664                   /usr/lib/jvm/java-8-openjdk-amd64/jre/lib/amd64/jli/libjli.so
7f4502cbf000-7f4502ebf000 ---p 0000d000 08:01 13121664                   /usr/lib/jvm/java-8-openjdk-amd64/jre/lib/amd64/jli/libjli.so
7f4502ebf000-7f4502ec0000 r--p 0000d000 08:01 13121664                   /usr/lib/jvm/java-8-openjdk-amd64/jre/lib/amd64/jli/libjli.so
7f4502ec0000-7f4502ec1000 rw-p 0000e000 08:01 13121664                   /usr/lib/jvm/java-8-openjdk-amd64/jre/lib/amd64/jli/libjli.so
7f4502ec1000-7f4502ee7000 r-xp 00000000 08:01 24646195                   /lib/x86_64-linux-gnu/ld-2.23.so
7f4502ee7000-7f4502ee9000 r--s 00001000 08:01 13240238                   /usr/lib/jvm/java-8-openjdk-amd64/jre/lib/ext/dnsns.jar
7f4502ee9000-7f4502eef000 r--s 0003d000 08:01 13240235                   /usr/lib/jvm/java-8-openjdk-amd64/jre/lib/ext/sunjce_provider.jar
7f4502eef000-7f4502ef0000 r--s 00010000 08:01 13240243                   /usr/lib/jvm/java-8-openjdk-amd64/jre/lib/ext/zipfs.jar
7f4502ef0000-7f4502fc8000 rw-p 00000000 00:00 0 
7f4502fc8000-7f4502fcb000 ---p 00000000 00:00 0 
7f4502fcb000-7f45030cd000 rw-p 00000000 00:00 0 
7f45030cd000-7f45030d7000 r--s 00116000 08:01 13240239                   /usr/lib/jvm/java-8-openjdk-amd64/jre/lib/ext/localedata.jar
7f45030d7000-7f45030db000 r--s 0003a000 08:01 13240244                   /usr/lib/jvm/java-8-openjdk-amd64/jre/lib/ext/sunpkcs11.jar
7f45030db000-7f45030e3000 rw-s 00000000 08:01 18613265                   /tmp/hsperfdata_thayanna/4588
7f45030e3000-7f45030e4000 rw-p 00000000 00:00 0 
7f45030e4000-7f45030e5000 ---p 00000000 00:00 0 
7f45030e5000-7f45030e6000 rw-p 00000000 00:00 0 
7f45030e6000-7f45030e7000 r--p 00025000 08:01 24646195                   /lib/x86_64-linux-gnu/ld-2.23.so
7f45030e7000-7f45030e8000 rw-p 00026000 08:01 24646195                   /lib/x86_64-linux-gnu/ld-2.23.so
7f45030e8000-7f45030e9000 rw-p 00000000 00:00 0 
7ffcb98ad000-7ffcb98d0000 rw-p 00000000 00:00 0                          [stack]
7ffcb99ca000-7ffcb99cd000 r--p 00000000 00:00 0                          [vvar]
7ffcb99cd000-7ffcb99cf000 r-xp 00000000 00:00 0                          [vdso]
ffffffffff600000-ffffffffff601000 r-xp 00000000 00:00 0                  [vsyscall]

VM Arguments:
jvm_args: -Dfile.encoding=UTF-8 
java_command: com.api.api.ApiApplication
java_class_path (initial): /home/thayanna/eclipse-workspace/api/target/classes:/home/thayanna/.m2/repository/org/springframework/boot/spring-boot-starter-data-jpa/2.3.1.RELEASE/spring-boot-starter-data-jpa-2.3.1.RELEASE.jar:/home/thayanna/.m2/repository/org/springframework/boot/spring-boot-starter-aop/2.3.1.RELEASE/spring-boot-starter-aop-2.3.1.RELEASE.jar:/home/thayanna/.m2/repository/org/springframework/spring-aop/5.2.7.RELEASE/spring-aop-5.2.7.RELEASE.jar:/home/thayanna/.m2/repository/org/aspectj/aspectjweaver/1.9.5/aspectjweaver-1.9.5.jar:/home/thayanna/.m2/repository/org/springframework/boot/spring-boot-starter-jdbc/2.3.1.RELEASE/spring-boot-starter-jdbc-2.3.1.RELEASE.jar:/home/thayanna/.m2/repository/com/zaxxer/HikariCP/3.4.5/HikariCP-3.4.5.jar:/home/thayanna/.m2/repository/org/springframework/spring-jdbc/5.2.7.RELEASE/spring-jdbc-5.2.7.RELEASE.jar:/home/thayanna/.m2/repository/jakarta/transaction/jakarta.transaction-api/1.3.3/jakarta.transaction-api-1.3.3.jar:/home/thayanna/.m2/repository/jakarta/persistence/jakarta.persistence-api/2.2.3/jakarta.persistence-api-2.2.3.jar:/home/thayanna/.m2/repository/org/hibernate/hibernate-core/5.4.17.Final/hibernate-core-5.4.17.Final.jar:/home/thayanna/.m2/repository/org/jboss/logging/jboss-logging/3.4.1.Final/jboss-logging-3.4.1.Final.jar:/home/thayanna/.m2/repository/org/javassist/javassist/3.24.0-GA/javassist-3.24.0-GA.jar:/home/thayanna/.m2/repository/net/bytebuddy/byte-buddy/1.10.11/byte-buddy-1.10.11.jar:/home/thayanna/.m2/repository/antlr/antlr/2.7.7/antlr-2.7.7.jar:/home/thayanna/.m2/repository/org/jboss/jandex/2.1.3.Final/jandex-2.1.3.Final.jar:/home/thayanna/.m2/repository/com/fasterxml/classmate/1.5.1/classmate-1.5.1.jar:/home/thayanna/.m2/repository/org/dom4j/dom4j/2.1.3/dom4j-2.1.3.jar:/home/thayanna/.m2/repository/org/hibernate/common/hibernate-commons-annotations/5.1.0.Final/hibernate-commons-annotations-5.1.0.Final.jar:/home/thayanna/.m2/repository/org/glassfish/jaxb/jaxb-runtime/2.3.3/jaxb-runtime-2.3.3.j
Launcher Type: SUN_STANDARD

Environment Variables:
PATH=/home/thayanna/bin:/home/thayanna/.local/bin:/usr/local/sbin:/usr/local/bin:/usr/sbin:/usr/bin:/sbin:/bin:/usr/games:/usr/local/games:/snap/bin
SHELL=/bin/bash
DISPLAY=:0

Signal Handlers:
SIGSEGV: [libjvm.so+0xa7bb00], sa_mask[0]=11111111011111111101111111111110, sa_flags=SA_RESTART|SA_SIGINFO
SIGBUS: [libjvm.so+0xa7bb00], sa_mask[0]=11111111011111111101111111111110, sa_flags=SA_RESTART|SA_SIGINFO
SIGFPE: [libjvm.so+0x8c3d50], sa_mask[0]=11111111011111111101111111111110, sa_flags=SA_RESTART|SA_SIGINFO
SIGPIPE: [libjvm.so+0x8c3d50], sa_mask[0]=11111111011111111101111111111110, sa_flags=SA_RESTART|SA_SIGINFO
SIGXFSZ: [libjvm.so+0x8c3d50], sa_mask[0]=11111111011111111101111111111110, sa_flags=SA_RESTART|SA_SIGINFO
SIGILL: [libjvm.so+0x8c3d50], sa_mask[0]=11111111011111111101111111111110, sa_flags=SA_RESTART|SA_SIGINFO
SIGUSR1: SIG_DFL, sa_mask[0]=00000000000000000000000000000000, sa_flags=none
SIGUSR2: [libjvm.so+0x8c3c00], sa_mask[0]=00100000000000000000000000000000, sa_flags=SA_RESTART|SA_SIGINFO
SIGHUP: [libjvm.so+0x8c4290], sa_mask[0]=11111111011111111101111111111110, sa_flags=SA_RESTART|SA_SIGINFO
SIGINT: [libjvm.so+0x8c4290], sa_mask[0]=11111111011111111101111111111110, sa_flags=SA_RESTART|SA_SIGINFO
SIGTERM: [libjvm.so+0x8c4290], sa_mask[0]=11111111011111111101111111111110, sa_flags=SA_RESTART|SA_SIGINFO
SIGQUIT: [libjvm.so+0x8c4290], sa_mask[0]=11111111011111111101111111111110, sa_flags=SA_RESTART|SA_SIGINFO


---------------  S Y S T E M  ---------------

OS:DISTRIB_ID=Ubuntu
DISTRIB_RELEASE=16.04
DISTRIB_CODENAME=xenial
DISTRIB_DESCRIPTION="Ubuntu 16.04.6 LTS"

uname:Linux 4.15.0-106-generic #107~16.04.1-Ubuntu SMP Thu Jun 4 15:40:05 UTC 2020 x86_64
libc:glibc 2.23 NPTL 2.23 
rlimit: STACK 8192k, CORE 0k, NPROC 14858, NOFILE 1048576, AS infinity
load average:3,71 2,84 1,96

/proc/meminfo:
MemTotal:        3937056 kB
MemFree:          118604 kB
MemAvailable:      39772 kB
Buffers:            5580 kB
Cached:           569976 kB
SwapCached:            0 kB
Active:          3011056 kB
Inactive:         551288 kB
Active(anon):    2987960 kB
Inactive(anon):   531700 kB
Active(file):      23096 kB
Inactive(file):    19588 kB
Unevictable:         112 kB
Mlocked:             112 kB
SwapTotal:             0 kB
SwapFree:              0 kB
Dirty:               464 kB
Writeback:             0 kB
AnonPages:       2986592 kB
Mapped:           209748 kB
Shmem:            533184 kB
Slab:              96200 kB
SReclaimable:      42044 kB
SUnreclaim:        54156 kB
KernelStack:       15264 kB
PageTables:        64968 kB
NFS_Unstable:          0 kB
Bounce:                0 kB
WritebackTmp:          0 kB
CommitLimit:     1968528 kB
Committed_AS:   10712468 kB
VmallocTotal:   34359738367 kB
VmallocUsed:           0 kB
VmallocChunk:          0 kB
HardwareCorrupted:     0 kB
AnonHugePages:     30720 kB
ShmemHugePages:        0 kB
ShmemPmdMapped:        0 kB
CmaTotal:              0 kB
CmaFree:               0 kB
HugePages_Total:       0
HugePages_Free:        0
HugePages_Rsvd:        0
HugePages_Surp:        0
Hugepagesize:       2048 kB
DirectMap4k:      194616 kB
DirectMap2M:     3897344 kB
DirectMap1G:     1048576 kB

container (cgroup) information:
container_type: cgroupv1
cpu_cpuset_cpus: 0-3
cpu_memory_nodes: 0
active_processor_count: 4
cpu_quota: -1
cpu_period: 100000
cpu_shares: -1
memory_limit_in_bytes: -1
memory_and_swap_limit_in_bytes: -2
memory_soft_limit_in_bytes: -1
memory_usage_in_bytes: 3647741952
memory_max_usage_in_bytes: 47681536


CPU:total 4 (initial active 4) (2 cores per cpu, 2 threads per core) family 6 model 61 stepping 4, cmov, cx8, fxsr, mmx, sse, sse2, sse3, ssse3, sse4.1, sse4.2, popcnt, avx, avx2, aes, clmul, erms, 3dnowpref, lzcnt, ht, tsc, tscinvbit, bmi1, bmi2, adx

/proc/cpuinfo:
processor	: 0
vendor_id	: GenuineIntel
cpu family	: 6
model		: 61
model name	: Intel(R) Core(TM) i5-5200U CPU @ 2.20GHz
stepping	: 4
microcode	: 0x2f
cpu MHz		: 2593.436
cache size	: 3072 KB
physical id	: 0
siblings	: 4
core id		: 0
cpu cores	: 2
apicid		: 0
initial apicid	: 0
fpu		: yes
fpu_exception	: yes
cpuid level	: 20
wp		: yes
flags		: fpu vme de pse tsc msr pae mce cx8 apic sep mtrr pge mca cmov pat pse36 clflush dts acpi mmx fxsr sse sse2 ss ht tm pbe syscall nx pdpe1gb rdtscp lm constant_tsc arch_perfmon pebs bts rep_good nopl xtopology nonstop_tsc cpuid aperfmperf pni pclmulqdq dtes64 monitor ds_cpl vmx est tm2 ssse3 sdbg fma cx16 xtpr pdcm pcid sse4_1 sse4_2 x2apic movbe popcnt tsc_deadline_timer aes xsave avx f16c rdrand lahf_lm abm 3dnowprefetch cpuid_fault epb invpcid_single pti ssbd ibrs ibpb stibp tpr_shadow vnmi flexpriority ept vpid fsgsbase tsc_adjust bmi1 avx2 smep bmi2 erms invpcid rdseed adx smap intel_pt xsaveopt dtherm ida arat pln pts md_clear flush_l1d
bugs		: cpu_meltdown spectre_v1 spectre_v2 spec_store_bypass l1tf mds swapgs itlb_multihit srbds
bogomips	: 4389.76
clflush size	: 64
cache_alignment	: 64
address sizes	: 39 bits physical, 48 bits virtual
power management:

processor	: 1
vendor_id	: GenuineIntel
cpu family	: 6
model		: 61
model name	: Intel(R) Core(TM) i5-5200U CPU @ 2.20GHz
stepping	: 4
microcode	: 0x2f
cpu MHz		: 2574.037
cache size	: 3072 KB
physical id	: 0
siblings	: 4
core id		: 1
cpu cores	: 2
apicid		: 2
initial apicid	: 2
fpu		: yes
fpu_exception	: yes
cpuid level	: 20
wp		: yes
flags		: fpu vme de pse tsc msr pae mce cx8 apic sep mtrr pge mca cmov pat pse36 clflush dts acpi mmx fxsr sse sse2 ss ht tm pbe syscall nx pdpe1gb rdtscp lm constant_tsc arch_perfmon pebs bts rep_good nopl xtopology nonstop_tsc cpuid aperfmperf pni pclmulqdq dtes64 monitor ds_cpl vmx est tm2 ssse3 sdbg fma cx16 xtpr pdcm pcid sse4_1 sse4_2 x2apic movbe popcnt tsc_deadline_timer aes xsave avx f16c rdrand lahf_lm abm 3dnowprefetch cpuid_fault epb invpcid_single pti ssbd ibrs ibpb stibp tpr_shadow vnmi flexpriority ept vpid fsgsbase tsc_adjust bmi1 avx2 smep bmi2 erms invpcid rdseed adx smap intel_pt xsaveopt dtherm ida arat pln pts md_clear flush_l1d
bugs		: cpu_meltdown spectre_v1 spectre_v2 spec_store_bypass l1tf mds swapgs itlb_multihit srbds
bogomips	: 4389.76
clflush size	: 64
cache_alignment	: 64
address sizes	: 39 bits physical, 48 bits virtual
power management:

processor	: 2
vendor_id	: GenuineIntel
cpu family	: 6
model		: 61
model name	: Intel(R) Core(TM) i5-5200U CPU @ 2.20GHz
stepping	: 4
microcode	: 0x2f
cpu MHz		: 2594.340
cache size	: 3072 KB
physical id	: 0
siblings	: 4
core id		: 0
cpu cores	: 2
apicid		: 1
initial apicid	: 1
fpu		: yes
fpu_exception	: yes
cpuid level	: 20
wp		: yes
flags		: fpu vme de pse tsc msr pae mce cx8 apic sep mtrr pge mca cmov pat pse36 clflush dts acpi mmx fxsr sse sse2 ss ht tm pbe syscall nx pdpe1gb rdtscp lm constant_tsc arch_perfmon pebs bts rep_good nopl xtopology nonstop_tsc cpuid aperfmperf pni pclmulqdq dtes64 monitor ds_cpl vmx est tm2 ssse3 sdbg fma cx16 xtpr pdcm pcid sse4_1 sse4_2 x2apic movbe popcnt tsc_deadline_timer aes xsave avx f16c rdrand lahf_lm abm 3dnowprefetch cpuid_fault epb invpcid_single pti ssbd ibrs ibpb stibp tpr_shadow vnmi flexpriority ept vpid fsgsbase tsc_adjust bmi1 avx2 smep bmi2 erms invpcid rdseed adx smap intel_pt xsaveopt dtherm ida arat pln pts md_clear flush_l1d
bugs		: cpu_meltdown spectre_v1 spectre_v2 spec_store_bypass l1tf mds swapgs itlb_multihit srbds
bogomips	: 4389.76
clflush size	: 64
cache_alignment	: 64
address sizes	: 39 bits physical, 48 bits virtual
power management:

processor	: 3
vendor_id	: GenuineIntel
cpu family	: 6
model		: 61
model name	: Intel(R) Core(TM) i5-5200U CPU @ 2.20GHz
stepping	: 4
microcode	: 0x2f
cpu MHz		: 2650.587
cache size	: 3072 KB
physical id	: 0
siblings	: 4
core id		: 1
cpu cores	: 2
apicid		: 3
initial apicid	: 3
fpu		: yes
fpu_exception	: yes
cpuid level	: 20
wp		: yes
flags		: fpu vme de pse tsc msr pae mce cx8 apic sep mtrr pge mca cmov pat pse36 clflush dts acpi mmx fxsr sse sse2 ss ht tm pbe syscall nx pdpe1gb rdtscp lm constant_tsc arch_perfmon pebs bts rep_good nopl xtopology nonstop_tsc cpuid aperfmperf pni pclmulqdq dtes64 monitor ds_cpl vmx est tm2 ssse3 sdbg fma cx16 xtpr pdcm pcid sse4_1 sse4_2 x2apic movbe popcnt tsc_deadline_timer aes xsave avx f16c rdrand lahf_lm abm 3dnowprefetch cpuid_fault epb invpcid_single pti ssbd ibrs ibpb stibp tpr_shadow vnmi flexpriority ept vpid fsgsbase tsc_adjust bmi1 avx2 smep bmi2 erms invpcid rdseed adx smap intel_pt xsaveopt dtherm ida arat pln pts md_clear flush_l1d
bugs		: cpu_meltdown spectre_v1 spectre_v2 spec_store_bypass l1tf mds swapgs itlb_multihit srbds
bogomips	: 4389.76
clflush size	: 64
cache_alignment	: 64
address sizes	: 39 bits physical, 48 bits virtual
power management:



Memory: 4k page, physical 3937056k(123652k free), swap 0k(0k free)

vm_info: OpenJDK 64-Bit Server VM (25.252-b09) for linux-amd64 JRE (1.8.0_252-8u252-b09-1~16.04-b09), built on Apr 15 2020 21:06:51 by "buildd" with gcc 5.4.0 20160609

time: Mon Jun 29 01:50:31 2020
timezone: -03
elapsed time: 4 seconds (0d 0h 0m 4s)

