#
# There is insufficient memory for the Java Runtime Environment to continue.
# Native memory allocation (mmap) failed to map 75497472 bytes for committing reserved memory.
# Possible reasons:
#   The system is out of physical RAM or swap space
#   The process is running with CompressedOops enabled, and the Java Heap may be blocking the growth of the native heap
# Possible solutions:
#   Reduce memory load on the system
#   Increase physical memory or swap space
#   Check if swap backing store is full
#   Decrease Java heap size (-Xmx/-Xms)
#   Decrease number of Java threads
#   Decrease Java thread stack sizes (-Xss)
#   Set larger code cache with -XX:ReservedCodeCacheSize=
#   JVM is running with Unscaled Compressed Oops mode in which the Java heap is
#     placed in the first 4GB address space. The Java Heap base address is the
#     maximum limit for the native heap growth. Please use -XX:HeapBaseMinAddress
#     to set the Java Heap base and to place the Java Heap above 4GB virtual address.
# This output file may be truncated or incomplete.
#
#  Out of Memory Error (os_linux.cpp:2757), pid=4387, tid=0x00007fab110e2700
#
# JRE version: OpenJDK Runtime Environment (8.0_252-b09) (build 1.8.0_252-8u252-b09-1~16.04-b09)
# Java VM: OpenJDK 64-Bit Server VM (25.252-b09 mixed mode linux-amd64 compressed oops)
# Failed to write core dump. Core dumps have been disabled. To enable core dumping, try "ulimit -c unlimited" before starting Java again
#

---------------  T H R E A D  ---------------

Current thread (0x00007fab2407b800):  VMThread [stack: 0x00007fab10fe2000,0x00007fab110e3000] [id=4398]

Stack: [0x00007fab10fe2000,0x00007fab110e3000],  sp=0x00007fab110e1370,  free space=1020k
Native frames: (J=compiled Java code, j=interpreted, Vv=VM code, C=native code)
V  [libjvm.so+0xa7af9b]
V  [libjvm.so+0x4ccc7c]
V  [libjvm.so+0x8c8ce8]
V  [libjvm.so+0x8c032e]
V  [libjvm.so+0x93e076]
V  [libjvm.so+0x93f3a3]
V  [libjvm.so+0x93ba84]
V  [libjvm.so+0x9348d9]
V  [libjvm.so+0x44efc3]
V  [libjvm.so+0xa7c5b9]
V  [libjvm.so+0xa81db7]
V  [libjvm.so+0xa7f5c7]
V  [libjvm.so+0xa80855]
V  [libjvm.so+0xa80e22]
V  [libjvm.so+0x8c6042]

VM_Operation (0x00007faae35987a0): CollectForMetadataAllocation, mode: safepoint, requested by thread 0x00007faad8002800


---------------  P R O C E S S  ---------------

Java Threads: ( => current thread )
  0x00007faad8002800 JavaThread "restartedMain" [_thread_blocked, id=4410, stack(0x00007faae349d000,0x00007faae359e000)]
  0x00007fab243ff000 JavaThread "Thread-0" [_thread_blocked, id=4409, stack(0x00007faae359e000,0x00007faae369f000)]
  0x00007fab240cb800 JavaThread "Service Thread" daemon [_thread_blocked, id=4405, stack(0x00007faae3eff000,0x00007faae4000000)]
  0x00007fab240c0800 JavaThread "C1 CompilerThread2" daemon [_thread_blocked, id=4404, stack(0x00007fab1001d000,0x00007fab1011e000)]
  0x00007fab240be800 JavaThread "C2 CompilerThread1" daemon [_thread_blocked, id=4403, stack(0x00007fab1011e000,0x00007fab1021f000)]
  0x00007fab240bb800 JavaThread "C2 CompilerThread0" daemon [_thread_blocked, id=4402, stack(0x00007fab1021f000,0x00007fab10320000)]
  0x00007fab240ba000 JavaThread "Signal Dispatcher" daemon [_thread_blocked, id=4401, stack(0x00007fab10320000,0x00007fab10421000)]
  0x00007fab2408a000 JavaThread "Finalizer" daemon [_thread_blocked, id=4400, stack(0x00007fab10de0000,0x00007fab10ee1000)]
  0x00007fab24085000 JavaThread "Reference Handler" daemon [_thread_blocked, id=4399, stack(0x00007fab10ee1000,0x00007fab10fe2000)]
  0x00007fab2400e000 JavaThread "main" [_thread_blocked, id=4389, stack(0x00007fab2bb81000,0x00007fab2bc82000)]

Other Threads:
=>0x00007fab2407b800 VMThread [stack: 0x00007fab10fe2000,0x00007fab110e3000] [id=4398]
  0x00007fab240ce000 WatcherThread [stack: 0x00007faae3dfe000,0x00007faae3eff000] [id=4406]

VM state:at safepoint (normal execution)

VM Mutex/Monitor currently owned by a thread:  ([mutex/lock_event])
[0x00007fab2400a3d0] Threads_lock - owner thread: 0x00007fab2407b800
[0x00007fab2400a8d0] Heap_lock - owner thread: 0x00007faad8002800

heap address: 0x00000000c3e00000, size: 962 MB, Compressed Oops mode: 32-bit
Narrow klass base: 0x0000000000000000, Narrow klass shift: 3
Compressed class space size: 1073741824 Address: 0x0000000100000000

Heap:
 PSYoungGen      total 130560K, used 2949K [0x00000000ebf80000, 0x00000000f4680000, 0x0000000100000000)
  eden space 123392K, 0% used [0x00000000ebf80000,0x00000000ebf80000,0x00000000f3800000)
  from space 7168K, 41% used [0x00000000f3800000,0x00000000f3ae1700,0x00000000f3f00000)
  to   space 6656K, 0% used [0x00000000f3f00000,0x00000000f3f00000,0x00000000f4580000)
 ParOldGen       total 42496K, used 7221K [0x00000000c3e00000, 0x00000000c6780000, 0x00000000ebf80000)
  object space 42496K, 16% used [0x00000000c3e00000,0x00000000c450d4c8,0x00000000c6780000)
 Metaspace       used 20353K, capacity 21190K, committed 21296K, reserved 1069056K
  class space    used 2453K, capacity 2648K, committed 2688K, reserved 1048576K

Card table byte_map: [0x00007fab28040000,0x00007fab28222000] byte_map_base: 0x00007fab27a21000

Marking Bits: (ParMarkBitMap*) 0x00007fab2ae495a0
 Begin Bits: [0x00007fab12cab000, 0x00007fab13bb3000)
 End Bits:   [0x00007fab13bb3000, 0x00007fab14abb000)

Polling page: 0x00007fab2bc9d000

CodeCache: size=245760Kb used=6624Kb max_used=6624Kb free=239135Kb
 bounds [0x00007fab15000000, 0x00007fab15680000, 0x00007fab24000000]
 total_blobs=2381 nmethods=2029 adapters=266
 compilation: enabled

Compilation events (10 events):
Event: 5,077 Thread 0x00007fab240c0800 2026       3       org.springframework.beans.factory.support.DefaultListableBeanFactory::requiresEagerInitForType (26 bytes)
Event: 5,077 Thread 0x00007fab240c0800 nmethod 2026 0x00007fab15678f10 code [0x00007fab156790a0, 0x00007fab15679538]
Event: 5,077 Thread 0x00007fab240c0800 2025       3       org.springframework.core.SimpleAliasRegistry::isAlias (11 bytes)
Event: 5,077 Thread 0x00007fab240c0800 nmethod 2025 0x00007fab15679650 code [0x00007fab156797c0, 0x00007fab156799e8]
Event: 5,081 Thread 0x00007fab240c0800 2027       3       java.util.Collections::addAll (43 bytes)
Event: 5,082 Thread 0x00007fab240c0800 nmethod 2027 0x00007fab15679ad0 code [0x00007fab15679c40, 0x00007fab15679f28]
Event: 5,082 Thread 0x00007fab240c0800 2028       3       sun.reflect.annotation.AnnotationParser::parseStringArray (85 bytes)
Event: 5,083 Thread 0x00007fab240c0800 nmethod 2028 0x00007fab1567a090 code [0x00007fab1567a2e0, 0x00007fab1567b138]
Event: 5,083 Thread 0x00007fab240c0800 2029       3       org.springframework.util.StringUtils::containsText (37 bytes)
Event: 5,084 Thread 0x00007fab240c0800 nmethod 2029 0x00007fab1567b950 code [0x00007fab1567bb20, 0x00007fab1567c098]

GC Heap History (10 events):
Event: 1,442 GC heap after
Heap after GC invocations=4 (full 0):
 PSYoungGen      total 34304K, used 2531K [0x00000000ebf80000, 0x00000000ee380000, 0x0000000100000000)
  eden space 31744K, 0% used [0x00000000ebf80000,0x00000000ebf80000,0x00000000ede80000)
  from space 2560K, 98% used [0x00000000ee100000,0x00000000ee378e90,0x00000000ee380000)
  to   space 2560K, 0% used [0x00000000ede80000,0x00000000ede80000,0x00000000ee100000)
 ParOldGen       total 42496K, used 141K [0x00000000c3e00000, 0x00000000c6780000, 0x00000000ebf80000)
  object space 42496K, 0% used [0x00000000c3e00000,0x00000000c3e237c0,0x00000000c6780000)
 Metaspace       used 7557K, capacity 7796K, committed 7936K, reserved 1056768K
  class space    used 844K, capacity 927K, committed 1024K, reserved 1048576K
}
Event: 2,182 GC heap before
{Heap before GC invocations=5 (full 0):
 PSYoungGen      total 34304K, used 34275K [0x00000000ebf80000, 0x00000000ee380000, 0x0000000100000000)
  eden space 31744K, 100% used [0x00000000ebf80000,0x00000000ede80000,0x00000000ede80000)
  from space 2560K, 98% used [0x00000000ee100000,0x00000000ee378e90,0x00000000ee380000)
  to   space 2560K, 0% used [0x00000000ede80000,0x00000000ede80000,0x00000000ee100000)
 ParOldGen       total 42496K, used 141K [0x00000000c3e00000, 0x00000000c6780000, 0x00000000ebf80000)
  object space 42496K, 0% used [0x00000000c3e00000,0x00000000c3e237c0,0x00000000c6780000)
 Metaspace       used 12212K, capacity 12718K, committed 12800K, reserved 1060864K
  class space    used 1385K, capacity 1518K, committed 1536K, reserved 1048576K
Event: 2,222 GC heap after
Heap after GC invocations=5 (full 0):
 PSYoungGen      total 34304K, used 2549K [0x00000000ebf80000, 0x00000000f0780000, 0x0000000100000000)
  eden space 31744K, 0% used [0x00000000ebf80000,0x00000000ebf80000,0x00000000ede80000)
  from space 2560K, 99% used [0x00000000ede80000,0x00000000ee0fd5b8,0x00000000ee100000)
  to   space 5120K, 0% used [0x00000000f0280000,0x00000000f0280000,0x00000000f0780000)
 ParOldGen       total 42496K, used 2802K [0x00000000c3e00000, 0x00000000c6780000, 0x00000000ebf80000)
  object space 42496K, 6% used [0x00000000c3e00000,0x00000000c40bc850,0x00000000c6780000)
 Metaspace       used 12212K, capacity 12718K, committed 12800K, reserved 1060864K
  class space    used 1385K, capacity 1518K, committed 1536K, reserved 1048576K
}
Event: 2,717 GC heap before
{Heap before GC invocations=6 (full 0):
 PSYoungGen      total 34304K, used 34293K [0x00000000ebf80000, 0x00000000f0780000, 0x0000000100000000)
  eden space 31744K, 100% used [0x00000000ebf80000,0x00000000ede80000,0x00000000ede80000)
  from space 2560K, 99% used [0x00000000ede80000,0x00000000ee0fd5b8,0x00000000ee100000)
  to   space 5120K, 0% used [0x00000000f0280000,0x00000000f0280000,0x00000000f0780000)
 ParOldGen       total 42496K, used 2802K [0x00000000c3e00000, 0x00000000c6780000, 0x00000000ebf80000)
  object space 42496K, 6% used [0x00000000c3e00000,0x00000000c40bc850,0x00000000c6780000)
 Metaspace       used 15959K, capacity 16530K, committed 16768K, reserved 1064960K
  class space    used 1907K, capacity 2050K, committed 2176K, reserved 1048576K
Event: 2,727 GC heap after
Heap after GC invocations=6 (full 0):
 PSYoungGen      total 67072K, used 5103K [0x00000000ebf80000, 0x00000000f0a80000, 0x0000000100000000)
  eden space 61952K, 0% used [0x00000000ebf80000,0x00000000ebf80000,0x00000000efc00000)
  from space 5120K, 99% used [0x00000000f0280000,0x00000000f077bc10,0x00000000f0780000)
  to   space 6656K, 0% used [0x00000000efc00000,0x00000000efc00000,0x00000000f0280000)
 ParOldGen       total 42496K, used 4217K [0x00000000c3e00000, 0x00000000c6780000, 0x00000000ebf80000)
  object space 42496K, 9% used [0x00000000c3e00000,0x00000000c421e770,0x00000000c6780000)
 Metaspace       used 15959K, capacity 16530K, committed 16768K, reserved 1064960K
  class space    used 1907K, capacity 2050K, committed 2176K, reserved 1048576K
}
Event: 3,552 GC heap before
{Heap before GC invocations=7 (full 0):
 PSYoungGen      total 67072K, used 67055K [0x00000000ebf80000, 0x00000000f0a80000, 0x0000000100000000)
  eden space 61952K, 100% used [0x00000000ebf80000,0x00000000efc00000,0x00000000efc00000)
  from space 5120K, 99% used [0x00000000f0280000,0x00000000f077bc10,0x00000000f0780000)
  to   space 6656K, 0% used [0x00000000efc00000,0x00000000efc00000,0x00000000f0280000)
 ParOldGen       total 42496K, used 4217K [0x00000000c3e00000, 0x00000000c6780000, 0x00000000ebf80000)
  object space 42496K, 9% used [0x00000000c3e00000,0x00000000c421e770,0x00000000c6780000)
 Metaspace       used 18625K, capacity 19352K, committed 19712K, reserved 1067008K
  class space    used 2254K, capacity 2433K, committed 2560K, reserved 1048576K
Event: 3,562 GC heap after
Heap after GC invocations=7 (full 0):
 PSYoungGen      total 68608K, used 4669K [0x00000000ebf80000, 0x00000000f4580000, 0x0000000100000000)
  eden space 61952K, 0% used [0x00000000ebf80000,0x00000000ebf80000,0x00000000efc00000)
  from space 6656K, 70% used [0x00000000efc00000,0x00000000f008f618,0x00000000f0280000)
  to   space 6656K, 0% used [0x00000000f3f00000,0x00000000f3f00000,0x00000000f4580000)
 ParOldGen       total 42496K, used 5612K [0x00000000c3e00000, 0x00000000c6780000, 0x00000000ebf80000)
  object space 42496K, 13% used [0x00000000c3e00000,0x00000000c437b278,0x00000000c6780000)
 Metaspace       used 18625K, capacity 19352K, committed 19712K, reserved 1067008K
  class space    used 2254K, capacity 2433K, committed 2560K, reserved 1048576K
}
Event: 4,551 GC heap before
{Heap before GC invocations=8 (full 0):
 PSYoungGen      total 68608K, used 66621K [0x00000000ebf80000, 0x00000000f4580000, 0x0000000100000000)
  eden space 61952K, 100% used [0x00000000ebf80000,0x00000000efc00000,0x00000000efc00000)
  from space 6656K, 70% used [0x00000000efc00000,0x00000000f008f618,0x00000000f0280000)
  to   space 6656K, 0% used [0x00000000f3f00000,0x00000000f3f00000,0x00000000f4580000)
 ParOldGen       total 42496K, used 5612K [0x00000000c3e00000, 0x00000000c6780000, 0x00000000ebf80000)
  object space 42496K, 13% used [0x00000000c3e00000,0x00000000c437b278,0x00000000c6780000)
 Metaspace       used 19693K, capacity 20568K, committed 20864K, reserved 1067008K
  class space    used 2373K, capacity 2563K, committed 2688K, reserved 1048576K
Event: 4,587 GC heap after
Heap after GC invocations=8 (full 0):
 PSYoungGen      total 130048K, used 5162K [0x00000000ebf80000, 0x00000000f4680000, 0x0000000100000000)
  eden space 123392K, 0% used [0x00000000ebf80000,0x00000000ebf80000,0x00000000f3800000)
  from space 6656K, 77% used [0x00000000f3f00000,0x00000000f440aa30,0x00000000f4580000)
  to   space 7168K, 0% used [0x00000000f3800000,0x00000000f3800000,0x00000000f3f00000)
 ParOldGen       total 42496K, used 5660K [0x00000000c3e00000, 0x00000000c6780000, 0x00000000ebf80000)
  object space 42496K, 13% used [0x00000000c3e00000,0x00000000c4387278,0x00000000c6780000)
 Metaspace       used 19693K, capacity 20568K, committed 20864K, reserved 1067008K
  class space    used 2373K, capacity 2563K, committed 2688K, reserved 1048576K
}
Event: 5,088 GC heap before
{Heap before GC invocations=9 (full 0):
 PSYoungGen      total 130048K, used 125542K [0x00000000ebf80000, 0x00000000f4680000, 0x0000000100000000)
  eden space 123392K, 97% used [0x00000000ebf80000,0x00000000f350f0a8,0x00000000f3800000)
  from space 6656K, 77% used [0x00000000f3f00000,0x00000000f440aa30,0x00000000f4580000)
  to   space 7168K, 0% used [0x00000000f3800000,0x00000000f3800000,0x00000000f3f00000)
 ParOldGen       total 42496K, used 5660K [0x00000000c3e00000, 0x00000000c6780000, 0x00000000ebf80000)
  object space 42496K, 13% used [0x00000000c3e00000,0x00000000c4387278,0x00000000c6780000)
 Metaspace       used 20353K, capacity 21190K, committed 21296K, reserved 1069056K
  class space    used 2453K, capacity 2648K, committed 2688K, reserved 1048576K

Deoptimization events (10 events):
Event: 2,574 Thread 0x00007faacc028800 Uncommon trap: reason=unstable_if action=reinterpret pc=0x00007fab1539cf20 method=jdk.internal.org.objectweb.asm.Type.getArgumentsAndReturnSizes(Ljava/lang/String;)I @ 47
Event: 2,607 Thread 0x00007faacc028800 Uncommon trap: reason=unstable_if action=reinterpret pc=0x00007fab153f431c method=java.util.concurrent.ConcurrentHashMap.putVal(Ljava/lang/Object;Ljava/lang/Object;Z)Ljava/lang/Object; @ 113
Event: 2,822 Thread 0x00007faad8002800 Uncommon trap: reason=unstable_if action=reinterpret pc=0x00007fab1529cc54 method=java.util.HashMap.hash(Ljava/lang/Object;)I @ 1
Event: 2,824 Thread 0x00007faad8002800 Uncommon trap: reason=unstable_if action=reinterpret pc=0x00007fab152e8aa8 method=java.util.HashMap.hash(Ljava/lang/Object;)I @ 1
Event: 2,858 Thread 0x00007faad8002800 Uncommon trap: reason=unstable_if action=reinterpret pc=0x00007fab1527fc64 method=java.util.HashMap.getNode(ILjava/lang/Object;)Ljava/util/HashMap$Node; @ 129
Event: 4,978 Thread 0x00007faad8002800 Uncommon trap: reason=class_check action=maybe_recompile pc=0x00007fab151c6c9c method=java.lang.String.equals(Ljava/lang/Object;)Z @ 8
Event: 4,978 Thread 0x00007faad8002800 Uncommon trap: reason=class_check action=maybe_recompile pc=0x00007fab151c6c9c method=java.lang.String.equals(Ljava/lang/Object;)Z @ 8
Event: 4,978 Thread 0x00007faad8002800 Uncommon trap: reason=class_check action=maybe_recompile pc=0x00007fab151c6c9c method=java.lang.String.equals(Ljava/lang/Object;)Z @ 8
Event: 4,980 Thread 0x00007faad8002800 Uncommon trap: reason=unstable_if action=reinterpret pc=0x00007fab155e0110 method=org.springframework.core.annotation.MergedAnnotationsCollection.isMappingForType(Lorg/springframework/core/annotation/AnnotationTypeMapping;Ljava/lang/Object;)Z @ 13
Event: 4,980 Thread 0x00007faad8002800 Uncommon trap: reason=class_check action=maybe_recompile pc=0x00007fab151c6c9c method=java.lang.String.equals(Ljava/lang/Object;)Z @ 8

Classes redefined (0 events):
No events

Internal exceptions (10 events):
Event: 3,127 Thread 0x00007faad8002800 Exception <a 'java/lang/ClassNotFoundException': org/springframework/core/OrderedCustomizer> (0x00000000ecd238b0) thrown at [/build/openjdk-8-uwNjBd/openjdk-8-8u252-b09/src/hotspot/src/share/vm/classfile/systemDictionary.cpp, line 210]
Event: 3,127 Thread 0x00007faad8002800 Exception <a 'java/lang/ClassNotFoundException': org/springframework/context/ResourceLoaderAwareCustomizer> (0x00000000ecd39b80) thrown at [/build/openjdk-8-uwNjBd/openjdk-8-8u252-b09/src/hotspot/src/share/vm/classfile/systemDictionary.cpp, line 210]
Event: 3,128 Thread 0x00007faad8002800 Exception <a 'java/lang/ClassNotFoundException': org/springframework/beans/factory/AwareCustomizer> (0x00000000ecd4e308) thrown at [/build/openjdk-8-uwNjBd/openjdk-8-8u252-b09/src/hotspot/src/share/vm/classfile/systemDictionary.cpp, line 210]
Event: 3,129 Thread 0x00007faad8002800 Exception <a 'java/lang/ClassNotFoundException': org/springframework/beans/factory/BeanClassLoaderAwareCustomizer> (0x00000000ecd656e8) thrown at [/build/openjdk-8-uwNjBd/openjdk-8-8u252-b09/src/hotspot/src/share/vm/classfile/systemDictionary.cpp, line 21
Event: 3,129 Thread 0x00007faad8002800 Exception <a 'java/lang/ClassNotFoundException': org/springframework/beans/factory/AwareCustomizer> (0x00000000ecd79f00) thrown at [/build/openjdk-8-uwNjBd/openjdk-8-8u252-b09/src/hotspot/src/share/vm/classfile/systemDictionary.cpp, line 210]
Event: 3,130 Thread 0x00007faad8002800 Exception <a 'java/lang/ClassNotFoundException': org/springframework/context/EnvironmentAwareCustomizer> (0x00000000ecd8e940) thrown at [/build/openjdk-8-uwNjBd/openjdk-8-8u252-b09/src/hotspot/src/share/vm/classfile/systemDictionary.cpp, line 210]
Event: 3,130 Thread 0x00007faad8002800 Exception <a 'java/lang/ClassNotFoundException': org/springframework/beans/factory/AwareCustomizer> (0x00000000ecda3038) thrown at [/build/openjdk-8-uwNjBd/openjdk-8-8u252-b09/src/hotspot/src/share/vm/classfile/systemDictionary.cpp, line 210]
Event: 3,345 Thread 0x00007faad8002800 Exception <a 'java/lang/NoSuchMethodError': java.lang.Object.lambda$or$2(Ljava/util/function/Predicate;Ljava/lang/Object;)Z> (0x00000000ed266c50) thrown at [/build/openjdk-8-uwNjBd/openjdk-8-8u252-b09/src/hotspot/src/share/vm/interpreter/linkResolver.cpp,
Event: 3,616 Thread 0x00007faad8002800 Exception <a 'java/lang/IncompatibleClassChangeError': Found class java.lang.Object, but interface was expected> (0x00000000ec405a80) thrown at [/build/openjdk-8-uwNjBd/openjdk-8-8u252-b09/src/hotspot/src/share/vm/interpreter/linkResolver.cpp, line 653]
Event: 3,746 Thread 0x00007faad8002800 Exception <a 'java/lang/NoSuchMethodError': java.lang.Object.lambda$getAllAnnotationAttributes$0(Lorg/springframework/util/MultiValueMap;)Lorg/springframework/util/MultiValueMap;> (0x00000000ec7f2b30) thrown at [/build/openjdk-8-uwNjBd/openjdk-8-8u252-b09

Events (10 events):
Event: 5,080 loading class org/springframework/boot/autoconfigure/web/servlet/error/ErrorMvcAutoConfiguration$DefaultErrorViewResolverConfiguration done
Event: 5,081 loading class org/springframework/boot/autoconfigure/web/servlet/error/ErrorViewResolver
Event: 5,081 loading class org/springframework/boot/autoconfigure/web/servlet/error/ErrorViewResolver done
Event: 5,082 loading class org/springframework/boot/autoconfigure/web/servlet/WebMvcAutoConfiguration
Event: 5,082 loading class org/springframework/boot/autoconfigure/web/servlet/WebMvcAutoConfiguration done
Event: 5,083 loading class org/springframework/boot/autoconfigure/web/ResourceProperties
Event: 5,083 loading class org/springframework/boot/autoconfigure/web/ResourceProperties done
Event: 5,085 loading class org/springframework/boot/web/servlet/error/ErrorAttributes
Event: 5,085 loading class org/springframework/boot/web/servlet/error/ErrorAttributes done
Event: 5,087 Executing VM operation: CollectForMetadataAllocation


Dynamic libraries:
c3e00000-c6780000 rw-p 00000000 00:00 0 
c6780000-ebf80000 ---p 00000000 00:00 0 
ebf80000-f4680000 rw-p 00000000 00:00 0 
f8e80000-100000000 ---p 00000000 00:00 0 
100000000-1002a0000 rw-p 00000000 00:00 0 
1002a0000-140000000 ---p 00000000 00:00 0 
56068852c000-56068852d000 r-xp 00000000 08:01 13240252                   /usr/lib/jvm/java-8-openjdk-amd64/jre/bin/java
56068872c000-56068872d000 r--p 00000000 08:01 13240252                   /usr/lib/jvm/java-8-openjdk-amd64/jre/bin/java
56068872d000-56068872e000 rw-p 00001000 08:01 13240252                   /usr/lib/jvm/java-8-openjdk-amd64/jre/bin/java
56068a49e000-56068a4bf000 rw-p 00000000 00:00 0                          [heap]
7faac4000000-7faac4021000 rw-p 00000000 00:00 0 
7faac4021000-7faac8000000 ---p 00000000 00:00 0 
7faac8000000-7faac8021000 rw-p 00000000 00:00 0 
7faac8021000-7faacc000000 ---p 00000000 00:00 0 
7faacc000000-7faacc40b000 rw-p 00000000 00:00 0 
7faacc40b000-7faad0000000 ---p 00000000 00:00 0 
7faad0000000-7faad0208000 rw-p 00000000 00:00 0 
7faad0208000-7faad4000000 ---p 00000000 00:00 0 
7faad4000000-7faad4021000 rw-p 00000000 00:00 0 
7faad4021000-7faad8000000 ---p 00000000 00:00 0 
7faad8000000-7faad8021000 rw-p 00000000 00:00 0 
7faad8021000-7faadc000000 ---p 00000000 00:00 0 
7faadc000000-7faadc021000 rw-p 00000000 00:00 0 
7faadc021000-7faae0000000 ---p 00000000 00:00 0 
7faae2390000-7faae23bc000 rw-p 00000000 00:00 0 
7faae23bc000-7faae2593000 ---p 00000000 00:00 0 
7faae2593000-7faae2691000 rw-p 00000000 00:00 0 
7faae2691000-7faae2694000 ---p 00000000 00:00 0 
7faae2694000-7faae2992000 rw-p 00000000 00:00 0 
7faae2992000-7faae2b92000 rw-p 00000000 00:00 0 
7faae2b92000-7faae2d92000 rw-p 00000000 00:00 0 
7faae2d92000-7faae2d9b000 r-xp 00000000 08:01 13121679                   /usr/lib/jvm/java-8-openjdk-amd64/jre/lib/amd64/libmanagement.so
7faae2d9b000-7faae2f9a000 ---p 00009000 08:01 13121679                   /usr/lib/jvm/java-8-openjdk-amd64/jre/lib/amd64/libmanagement.so
7faae2f9a000-7faae2f9b000 r--p 00008000 08:01 13121679                   /usr/lib/jvm/java-8-openjdk-amd64/jre/lib/amd64/libmanagement.so
7faae2f9b000-7faae2f9c000 rw-p 00009000 08:01 13121679                   /usr/lib/jvm/java-8-openjdk-amd64/jre/lib/amd64/libmanagement.so
7faae2f9c000-7faae319c000 rw-p 00000000 00:00 0 
7faae319c000-7faae339c000 rw-p 00000000 00:00 0 
7faae339c000-7faae339f000 ---p 00000000 00:00 0 
7faae339f000-7faae349d000 rw-p 00000000 00:00 0 
7faae349d000-7faae34a0000 ---p 00000000 00:00 0 
7faae34a0000-7faae359e000 rw-p 00000000 00:00 0 
7faae359e000-7faae35a1000 ---p 00000000 00:00 0 
7faae35a1000-7faae369f000 rw-p 00000000 00:00 0 
7faae369f000-7faae36a6000 r--s 00000000 08:01 13372076                   /usr/lib/x86_64-linux-gnu/gconv/gconv-modules.cache
7faae36a6000-7faae36c7000 r--p 00000000 08:01 14946806                   /usr/share/locale-langpack/pt_BR/LC_MESSAGES/libc.mo
7faae36c7000-7faae36c8000 r--s 00005000 08:01 27401706                   /home/thayanna/.m2/repository/org/springframework/spring-jcl/5.2.7.RELEASE/spring-jcl-5.2.7.RELEASE.jar
7faae36c8000-7faae36e4000 r--s 00145000 08:01 27401704                   /home/thayanna/.m2/repository/org/springframework/spring-core/5.2.7.RELEASE/spring-core-5.2.7.RELEASE.jar
7faae36e4000-7faae36e6000 r--s 0000a000 08:01 27401682                   /home/thayanna/.m2/repository/jakarta/activation/jakarta.activation-api/1.2.2/jakarta.activation-api-1.2.2.jar
7faae36e6000-7faae36ea000 r--s 00019000 08:01 27401680                   /home/thayanna/.m2/repository/jakarta/xml/bind/jakarta.xml.bind-api/2.3.3/jakarta.xml.bind-api-2.3.3.jar
7faae36ea000-7faae3704000 r--s 0022d000 08:01 27401672                   /home/thayanna/.m2/repository/mysql/mysql-connector-java/8.0.20/mysql-connector-java-8.0.20.jar
7faae3704000-7faae372e000 r--s 0013d000 08:01 27401670                   /home/thayanna/.m2/repository/org/springframework/boot/spring-boot-autoconfigure/2.3.1.RELEASE/spring-boot-autoconfigure-2.3.1.RELEASE.jar
7faae372e000-7faae3747000 r--s 000f9000 08:01 27401668                   /home/thayanna/.m2/repository/org/springframework/boot/spring-boot/2.3.1.RELEASE/spring-boot-2.3.1.RELEASE.jar
7faae3747000-7faae374d000 r--s 00031000 08:01 27401666                   /home/thayanna/.m2/repository/org/springframework/boot/spring-boot-devtools/2.3.1.RELEASE/spring-boot-devtools-2.3.1.RELEASE.jar
7faae374d000-7faae3752000 r--s 00040000 08:01 27401664                   /home/thayanna/.m2/repository/org/springframework/spring-expression/5.2.7.RELEASE/spring-expression-5.2.7.RELEASE.jar
7faae3752000-7faae3764000 r--s 000d8000 08:01 27401662                   /home/thayanna/.m2/repository/org/springframework/spring-webmvc/5.2.7.RELEASE/spring-webmvc-5.2.7.RELEASE.jar
7faae3764000-7faae3780000 r--s 00144000 08:01 27401660                   /home/thayanna/.m2/repository/org/springframework/spring-web/5.2.7.RELEASE/spring-web-5.2.7.RELEASE.jar
7faae3780000-7faae3786000 r--s 0003c000 08:01 27401658                   /home/thayanna/.m2/repository/org/apache/tomcat/embed/tomcat-embed-websocket/9.0.36/tomcat-embed-websocket-9.0.36.jar
7faae3786000-7faae378b000 r--s 00036000 08:01 27401656                   /home/thayanna/.m2/repository/org/glassfish/jakarta.el/3.0.3/jakarta.el-3.0.3.jar
7faae378b000-7faae37b6000 r--s 0030d000 08:01 27401654                   /home/thayanna/.m2/repository/org/apache/tomcat/embed/tomcat-embed-core/9.0.36/tomcat-embed-core-9.0.36.jar
7faae37b6000-7faae37b7000 r--s 00001000 08:01 27401652                   /home/thayanna/.m2/repository/org/springframework/boot/spring-boot-starter-tomcat/2.3.1.RELEASE/spring-boot-starter-tomcat-2.3.1.RELEASE.jar
7faae37b7000-7faae37b9000 r--s 00001000 08:01 27401650                   /home/thayanna/.m2/repository/com/fasterxml/jackson/module/jackson-module-parameter-names/2.11.0/jackson-module-parameter-names-2.11.0.jar
7faae37b9000-7faae37bd000 r--s 00018000 08:01 27401648                   /home/thayanna/.m2/repository/com/fasterxml/jackson/datatype/jackson-datatype-jsr310/2.11.0/jackson-datatype-jsr310-2.11.0.jar
7faae37bd000-7faae37bf000 r--s 00007000 08:01 27401646                   /home/thayanna/.m2/repository/com/fasterxml/jackson/datatype/jackson-datatype-jdk8/2.11.0/jackson-datatype-jdk8-2.11.0.jar
7faae37bf000-7faae37c3000 r--s 00052000 08:01 27401644                   /home/thayanna/.m2/repository/com/fasterxml/jackson/core/jackson-core/2.11.0/jackson-core-2.11.0.jar
7faae37c3000-7faae37c6000 r--s 0000e000 08:01 27401642                   /home/thayanna/.m2/repository/com/fasterxml/jackson/core/jackson-annotations/2.11.0/jackson-annotations-2.11.0.jar
7faae37c6000-7faae37dc000 r--s 00145000 08:01 27401640                   /home/thayanna/.m2/repository/com/fasterxml/jackson/core/jackson-databind/2.11.0/jackson-databind-2.11.0.jar
7faae37dc000-7faae37dd000 r--s 00001000 08:01 27401638                   /home/thayanna/.m2/repository/org/springframework/boot/spring-boot-starter-json/2.3.1.RELEASE/spring-boot-starter-json-2.3.1.RELEASE.jar
7faae37dd000-7faae37e4000 r--s 00045000 08:01 27401636                   /home/thayanna/.m2/repository/org/yaml/snakeyaml/1.26/snakeyaml-1.26.jar
7faae37e4000-7faae37e6000 r--s 00005000 08:01 26871726                   /home/thayanna/.m2/repository/jakarta/annotation/jakarta.annotation-api/1.3.5/jakarta.annotation-api-1.3.5.jar
7faae37e6000-7faae37e8000 r--s 00000000 08:01 26871724                   /home/thayanna/.m2/repository/org/slf4j/jul-to-slf4j/1.7.30/jul-to-slf4j-1.7.30.jar
7faae37e8000-7faae37ee000 r--s 00042000 08:01 27401634                   /home/thayanna/.m2/repository/org/apache/logging/log4j/log4j-api/2.13.3/log4j-api-2.13.3.jar
7faae37ee000-7faae37f0000 r--s 00003000 08:01 27401632                   /home/thayanna/.m2/repository/org/apache/logging/log4j/log4j-to-slf4j/2.13.3/log4j-to-slf4j-2.13.3.jar
7faae37f0000-7faae37fb000 r--s 00069000 08:01 26870454                   /home/thayanna/.m2/repository/ch/qos/logback/logback-core/1.2.3/logback-core-1.2.3.jar
7faae37fb000-7faae3801000 r--s 00041000 08:01 26870452                   /home/thayanna/.m2/repository/ch/qos/logback/logback-classic/1.2.3/logback-classic-1.2.3.jar
7faae3801000-7faae3802000 r--s 00001000 08:01 27401630                   /home/thayanna/.m2/repository/org/springframework/boot/spring-boot-starter-logging/2.3.1.RELEASE/spring-boot-starter-logging-2.3.1.RELEASE.jar
7faae3802000-7faae3803000 r--s 00001000 08:01 27401628                   /home/thayanna/.m2/repository/org/springframework/boot/spring-boot-starter/2.3.1.RELEASE/spring-boot-starter-2.3.1.RELEASE.jar
7faae3803000-7faae3804000 r--s 00001000 08:01 27401626                   /home/thayanna/.m2/repository/org/springframework/boot/spring-boot-starter-web/2.3.1.RELEASE/spring-boot-starter-web-2.3.1.RELEASE.jar
7faae3804000-7faae3806000 r--s 0000a000 08:01 27401624                   /home/thayanna/.m2/repository/org/springframework/spring-aspects/5.2.7.RELEASE/spring-aspects-5.2.7.RELEASE.jar
7faae3806000-7faae3808000 r--s 00009000 08:01 26871710                   /home/thayanna/.m2/repository/org/slf4j/slf4j-api/1.7.30/slf4j-api-1.7.30.jar
7faae3808000-7faae3815000 r--s 0009c000 08:01 27401622                   /home/thayanna/.m2/repository/org/springframework/spring-beans/5.2.7.RELEASE/spring-beans-5.2.7.RELEASE.jar
7faae3815000-7faae381e000 r--s 00044000 08:01 27401620                   /home/thayanna/.m2/repository/org/springframework/spring-tx/5.2.7.RELEASE/spring-tx-5.2.7.RELEASE.jar
7faae381e000-7faae3839000 r--s 00111000 08:01 27401618                   /home/thayanna/.m2/repository/org/springframework/spring-context/5.2.7.RELEASE/spring-context-5.2.7.RELEASE.jar
7faae3839000-7faae383e000 r--s 0002d000 08:01 27401616                   /home/thayanna/.m2/repository/org/springframework/spring-orm/5.2.7.RELEASE/spring-orm-5.2.7.RELEASE.jar
7faae383e000-7faae3856000 r--s 00111000 08:01 27401614                   /home/thayanna/.m2/repository/org/springframework/data/spring-data-commons/2.3.1.RELEASE/spring-data-commons-2.3.1.RELEASE.jar
7faae3856000-7faae385e000 r--s 00052000 08:01 27401612                   /home/thayanna/.m2/repository/org/springframework/data/spring-data-jpa/2.3.1.RELEASE/spring-data-jpa-2.3.1.RELEASE.jar
7faae385e000-7faae3860000 r--s 0000f000 08:01 27401610                   /home/thayanna/.m2/repository/com/sun/activation/jakarta.activation/1.2.2/jakarta.activation-1.2.2.jar
7faae3860000-7faae3862000 r--s 00006000 08:01 27401608                   /home/thayanna/.m2/repository/com/sun/istack/istack-commons-runtime/3.0.11/istack-commons-runtime-3.0.11.jar
7faae3862000-7faae3864000 r--s 00010000 08:01 27401606                   /home/thayanna/.m2/repository/org/glassfish/jaxb/txw2/2.3.3/txw2-2.3.3.jar
7faae3864000-7faae3879000 r--s 000e8000 08:01 27401604                   /home/thayanna/.m2/repository/org/glassfish/jaxb/jaxb-runtime/2.3.3/jaxb-runtime-2.3.3.jar
7faae3879000-7faae387c000 r--s 00010000 08:01 26871686                   /home/thayanna/.m2/repository/org/hibernate/common/hibernate-commons-annotations/5.1.0.Final/hibernate-commons-annotations-5.1.0.Final.jar
7faae387c000-7faae3881000 r--s 0004b000 08:01 27401602                   /home/thayanna/.m2/repository/org/dom4j/dom4j/2.1.3/dom4j-2.1.3.jar
7faae3881000-7faae3883000 r--s 0000f000 08:01 26871684                   /home/thayanna/.m2/repository/com/fasterxml/classmate/1.5.1/classmate-1.5.1.jar
7faae3883000-7faae3886000 r--s 0002d000 08:01 27401600                   /home/thayanna/.m2/repository/org/jboss/jandex/2.1.3.Final/jandex-2.1.3.Final.jar
7faae3886000-7faae388b000 r--s 00068000 08:01 26870500                   /home/thayanna/.m2/repository/antlr/antlr/2.7.7/antlr-2.7.7.jar
7faae388b000-7faae38d6000 r--s 00307000 08:01 27401598                   /home/thayanna/.m2/repository/net/bytebuddy/byte-buddy/1.10.11/byte-buddy-1.10.11.jar
7faae38d6000-7faae38e0000 r--s 000b4000 08:01 26871678                   /home/thayanna/.m2/repository/org/javassist/javassist/3.24.0-GA/javassist-3.24.0-GA.jar
7faae38e0000-7faae38e2000 r--s 0000d000 08:01 26871676                   /home/thayanna/.m2/repository/org/jboss/logging/jboss-logging/3.4.1.Final/jboss-logging-3.4.1.Final.jar
7faae38e2000-7faae3968000 r--s 00670000 08:01 27401596                   /home/thayanna/.m2/repository/org/hibernate/hibernate-core/5.4.17.Final/hibernate-core-5.4.17.Final.jar
7faae3968000-7faae396e000 r--s 00023000 08:01 26871670                   /home/thayanna/.m2/repository/jakarta/persistence/jakarta.persistence-api/2.2.3/jakarta.persistence-api-2.2.3.jar
7faae396e000-7faae3978000 r--s 0005a000 08:01 27401594                   /home/thayanna/.m2/repository/org/springframework/spring-jdbc/5.2.7.RELEASE/spring-jdbc-5.2.7.RELEASE.jar
7faae3978000-7faae397c000 r--s 00023000 08:01 27401592                   /home/thayanna/.m2/repository/com/zaxxer/HikariCP/3.4.5/HikariCP-3.4.5.jar
7faae397c000-7faae3995000 r--s 001da000 08:01 26871660                   /home/thayanna/.m2/repository/org/aspectj/aspectjweaver/1.9.5/aspectjweaver-1.9.5.jar
7faae3995000-7faae399e000 r--s 00052000 08:01 27401588                   /home/thayanna/.m2/repository/org/springframework/spring-aop/5.2.7.RELEASE/spring-aop-5.2.7.RELEASE.jar
7faae399e000-7faae39cf000 rw-p 00000000 00:00 0 
7faae39cf000-7faae39e6000 r-xp 00000000 08:01 13121681                   /usr/lib/jvm/java-8-openjdk-amd64/jre/lib/amd64/libnet.so
7faae39e6000-7faae3be6000 ---p 00017000 08:01 13121681                   /usr/lib/jvm/java-8-openjdk-amd64/jre/lib/amd64/libnet.so
7faae3be6000-7faae3be7000 r--p 00017000 08:01 13121681                   /usr/lib/jvm/java-8-openjdk-amd64/jre/lib/amd64/libnet.so
7faae3be7000-7faae3be8000 rw-p 00018000 08:01 13121681                   /usr/lib/jvm/java-8-openjdk-amd64/jre/lib/amd64/libnet.so
7faae3be8000-7faae3bfa000 r-xp 00000000 08:01 13121677                   /usr/lib/jvm/java-8-openjdk-amd64/jre/lib/amd64/libnio.so
7faae3bfa000-7faae3df9000 ---p 00012000 08:01 13121677                   /usr/lib/jvm/java-8-openjdk-amd64/jre/lib/amd64/libnio.so
7faae3df9000-7faae3dfa000 r--p 00011000 08:01 13121677                   /usr/lib/jvm/java-8-openjdk-amd64/jre/lib/amd64/libnio.so
7faae3dfa000-7faae3dfb000 rw-p 00012000 08:01 13121677                   /usr/lib/jvm/java-8-openjdk-amd64/jre/lib/amd64/libnio.so
7faae3dfb000-7faae3dfe000 r--s 0000f000 08:01 13240242                   /usr/lib/jvm/java-8-openjdk-amd64/jre/lib/ext/icedtea-sound.jar
7faae3dfe000-7faae3dff000 ---p 00000000 00:00 0 
7faae3dff000-7faae3eff000 rw-p 00000000 00:00 0 
7faae3eff000-7faae3f02000 ---p 00000000 00:00 0 
7faae3f02000-7faae4000000 rw-p 00000000 00:00 0 
7faae4000000-7faae4353000 rw-p 00000000 00:00 0 
7faae4353000-7faae8000000 ---p 00000000 00:00 0 
7faae8000000-7faae8478000 rw-p 00000000 00:00 0 
7faae8478000-7faaec000000 ---p 00000000 00:00 0 
7faaec000000-7faaec021000 rw-p 00000000 00:00 0 
7faaec021000-7faaf0000000 ---p 00000000 00:00 0 
7faaf0000000-7faaf06d3000 rw-p 00000000 00:00 0 
7faaf06d3000-7faaf4000000 ---p 00000000 00:00 0 
7faaf4000000-7faaf4021000 rw-p 00000000 00:00 0 
7faaf4021000-7faaf8000000 ---p 00000000 00:00 0 
7faaf8000000-7faaf8021000 rw-p 00000000 00:00 0 
7faaf8021000-7faafc000000 ---p 00000000 00:00 0 
7faafc000000-7faafc021000 rw-p 00000000 00:00 0 
7faafc021000-7fab00000000 ---p 00000000 00:00 0 
7fab00000000-7fab00021000 rw-p 00000000 00:00 0 
7fab00021000-7fab04000000 ---p 00000000 00:00 0 
7fab04000000-7fab04021000 rw-p 00000000 00:00 0 
7fab04021000-7fab08000000 ---p 00000000 00:00 0 
7fab08000000-7fab08021000 rw-p 00000000 00:00 0 
7fab08021000-7fab0c000000 ---p 00000000 00:00 0 
7fab0c000000-7fab0c021000 rw-p 00000000 00:00 0 
7fab0c021000-7fab10000000 ---p 00000000 00:00 0 
7fab10000000-7fab10001000 r--s 00003000 08:01 26871672                   /home/thayanna/.m2/repository/jakarta/transaction/jakarta.transaction-api/1.3.3/jakarta.transaction-api-1.3.3.jar
7fab10001000-7fab10002000 r--s 00001000 08:01 27401590                   /home/thayanna/.m2/repository/org/springframework/boot/spring-boot-starter-jdbc/2.3.1.RELEASE/spring-boot-starter-jdbc-2.3.1.RELEASE.jar
7fab10002000-7fab1001d000 r--s 00394000 08:01 13240241                   /usr/lib/jvm/java-8-openjdk-amd64/jre/lib/ext/cldrdata.jar
7fab1001d000-7fab10020000 ---p 00000000 00:00 0 
7fab10020000-7fab1011e000 rw-p 00000000 00:00 0 
7fab1011e000-7fab10121000 ---p 00000000 00:00 0 
7fab10121000-7fab1021f000 rw-p 00000000 00:00 0 
7fab1021f000-7fab10222000 ---p 00000000 00:00 0 
7fab10222000-7fab10320000 rw-p 00000000 00:00 0 
7fab10320000-7fab10323000 ---p 00000000 00:00 0 
7fab10323000-7fab10421000 rw-p 00000000 00:00 0 
7fab10421000-7fab10de0000 r--p 00000000 08:01 13114307                   /usr/lib/locale/locale-archive
7fab10de0000-7fab10de3000 ---p 00000000 00:00 0 
7fab10de3000-7fab10ee1000 rw-p 00000000 00:00 0 
7fab10ee1000-7fab10ee4000 ---p 00000000 00:00 0 
7fab10ee4000-7fab10fe2000 rw-p 00000000 00:00 0 
7fab10fe2000-7fab10fe3000 ---p 00000000 00:00 0 
7fab10fe3000-7fab12082000 rw-p 00000000 00:00 0 
7fab12082000-7fab12254000 r--s 03ca5000 08:01 13121694                   /usr/lib/jvm/java-8-openjdk-amd64/jre/lib/rt.jar
7fab12254000-7fab14abb000 rw-p 00000000 00:00 0 
7fab14abb000-7fab14abc000 ---p 00000000 00:00 0 
7fab14abc000-7fab14bbc000 rw-p 00000000 00:00 0 
7fab14bbc000-7fab14bbd000 ---p 00000000 00:00 0 
7fab14bbd000-7fab14cbd000 rw-p 00000000 00:00 0 
7fab14cbd000-7fab14cbe000 ---p 00000000 00:00 0 
7fab14cbe000-7fab14dbe000 rw-p 00000000 00:00 0 
7fab14dbe000-7fab14dbf000 ---p 00000000 00:00 0 
7fab14dbf000-7fab14ed4000 rw-p 00000000 00:00 0 
7fab14ed4000-7fab15000000 ---p 00000000 00:00 0 
7fab15000000-7fab15680000 rwxp 00000000 00:00 0 
7fab15680000-7fab24000000 ---p 00000000 00:00 0 
7fab24000000-7fab24662000 rw-p 00000000 00:00 0 
7fab24662000-7fab28000000 ---p 00000000 00:00 0 
7fab28000000-7fab28001000 r--s 00001000 08:01 27401586                   /home/thayanna/.m2/repository/org/springframework/boot/spring-boot-starter-aop/2.3.1.RELEASE/spring-boot-starter-aop-2.3.1.RELEASE.jar
7fab28001000-7fab28002000 r--s 00001000 08:01 27401584                   /home/thayanna/.m2/repository/org/springframework/boot/spring-boot-starter-data-jpa/2.3.1.RELEASE/spring-boot-starter-data-jpa-2.3.1.RELEASE.jar
7fab28002000-7fab28003000 r--s 0000d000 08:01 13240237                   /usr/lib/jvm/java-8-openjdk-amd64/jre/lib/ext/sunec.jar
7fab28003000-7fab28004000 r--s 0000a000 08:01 13240240                   /usr/lib/jvm/java-8-openjdk-amd64/jre/lib/ext/jaccess.jar
7fab28004000-7fab2801f000 r--s 001d6000 08:01 13240236                   /usr/lib/jvm/java-8-openjdk-amd64/jre/lib/ext/nashorn.jar
7fab2801f000-7fab28055000 rw-p 00000000 00:00 0 
7fab28055000-7fab28180000 ---p 00000000 00:00 0 
7fab28180000-7fab281c5000 rw-p 00000000 00:00 0 
7fab281c5000-7fab28221000 ---p 00000000 00:00 0 
7fab28221000-7fab2823c000 rw-p 00000000 00:00 0 
7fab2823c000-7fab285e2000 ---p 00000000 00:00 0 
7fab285e2000-7fab285ea000 r-xp 00000000 08:01 13121670                   /usr/lib/jvm/java-8-openjdk-amd64/jre/lib/amd64/libzip.so
7fab285ea000-7fab287e9000 ---p 00008000 08:01 13121670                   /usr/lib/jvm/java-8-openjdk-amd64/jre/lib/amd64/libzip.so
7fab287e9000-7fab287ea000 r--p 00007000 08:01 13121670                   /usr/lib/jvm/java-8-openjdk-amd64/jre/lib/amd64/libzip.so
7fab287ea000-7fab287eb000 rw-p 00008000 08:01 13121670                   /usr/lib/jvm/java-8-openjdk-amd64/jre/lib/amd64/libzip.so
7fab287eb000-7fab287f6000 r-xp 00000000 08:01 24646322                   /lib/x86_64-linux-gnu/libnss_files-2.23.so
7fab287f6000-7fab289f5000 ---p 0000b000 08:01 24646322                   /lib/x86_64-linux-gnu/libnss_files-2.23.so
7fab289f5000-7fab289f6000 r--p 0000a000 08:01 24646322                   /lib/x86_64-linux-gnu/libnss_files-2.23.so
7fab289f6000-7fab289f7000 rw-p 0000b000 08:01 24646322                   /lib/x86_64-linux-gnu/libnss_files-2.23.so
7fab289f7000-7fab289fd000 rw-p 00000000 00:00 0 
7fab289fd000-7fab28a08000 r-xp 00000000 08:01 24646332                   /lib/x86_64-linux-gnu/libnss_nis-2.23.so
7fab28a08000-7fab28c07000 ---p 0000b000 08:01 24646332                   /lib/x86_64-linux-gnu/libnss_nis-2.23.so
7fab28c07000-7fab28c08000 r--p 0000a000 08:01 24646332                   /lib/x86_64-linux-gnu/libnss_nis-2.23.so
7fab28c08000-7fab28c09000 rw-p 0000b000 08:01 24646332                   /lib/x86_64-linux-gnu/libnss_nis-2.23.so
7fab28c09000-7fab28c1f000 r-xp 00000000 08:01 24646316                   /lib/x86_64-linux-gnu/libnsl-2.23.so
7fab28c1f000-7fab28e1e000 ---p 00016000 08:01 24646316                   /lib/x86_64-linux-gnu/libnsl-2.23.so
7fab28e1e000-7fab28e1f000 r--p 00015000 08:01 24646316                   /lib/x86_64-linux-gnu/libnsl-2.23.so
7fab28e1f000-7fab28e20000 rw-p 00016000 08:01 24646316                   /lib/x86_64-linux-gnu/libnsl-2.23.so
7fab28e20000-7fab28e22000 rw-p 00000000 00:00 0 
7fab28e22000-7fab28e2a000 r-xp 00000000 08:01 24646318                   /lib/x86_64-linux-gnu/libnss_compat-2.23.so
7fab28e2a000-7fab29029000 ---p 00008000 08:01 24646318                   /lib/x86_64-linux-gnu/libnss_compat-2.23.so
7fab29029000-7fab2902a000 r--p 00007000 08:01 24646318                   /lib/x86_64-linux-gnu/libnss_compat-2.23.so
7fab2902a000-7fab2902b000 rw-p 00008000 08:01 24646318                   /lib/x86_64-linux-gnu/libnss_compat-2.23.so
7fab2902b000-7fab29054000 r-xp 00000000 08:01 13121665                   /usr/lib/jvm/java-8-openjdk-amd64/jre/lib/amd64/libjava.so
7fab29054000-7fab29254000 ---p 00029000 08:01 13121665                   /usr/lib/jvm/java-8-openjdk-amd64/jre/lib/amd64/libjava.so
7fab29254000-7fab29255000 r--p 00029000 08:01 13121665                   /usr/lib/jvm/java-8-openjdk-amd64/jre/lib/amd64/libjava.so
7fab29255000-7fab29257000 rw-p 0002a000 08:01 13121665                   /usr/lib/jvm/java-8-openjdk-amd64/jre/lib/amd64/libjava.so
7fab29257000-7fab29266000 r-xp 00000000 08:01 13121684                   /usr/lib/jvm/java-8-openjdk-amd64/jre/lib/amd64/libverify.so
7fab29266000-7fab29465000 ---p 0000f000 08:01 13121684                   /usr/lib/jvm/java-8-openjdk-amd64/jre/lib/amd64/libverify.so
7fab29465000-7fab29467000 r--p 0000e000 08:01 13121684                   /usr/lib/jvm/java-8-openjdk-amd64/jre/lib/amd64/libverify.so
7fab29467000-7fab29468000 rw-p 00010000 08:01 13121684                   /usr/lib/jvm/java-8-openjdk-amd64/jre/lib/amd64/libverify.so
7fab29468000-7fab2946f000 r-xp 00000000 08:01 24646377                   /lib/x86_64-linux-gnu/librt-2.23.so
7fab2946f000-7fab2966e000 ---p 00007000 08:01 24646377                   /lib/x86_64-linux-gnu/librt-2.23.so
7fab2966e000-7fab2966f000 r--p 00006000 08:01 24646377                   /lib/x86_64-linux-gnu/librt-2.23.so
7fab2966f000-7fab29670000 rw-p 00007000 08:01 24646377                   /lib/x86_64-linux-gnu/librt-2.23.so
7fab29670000-7fab29686000 r-xp 00000000 08:01 24646261                   /lib/x86_64-linux-gnu/libgcc_s.so.1
7fab29686000-7fab29885000 ---p 00016000 08:01 24646261                   /lib/x86_64-linux-gnu/libgcc_s.so.1
7fab29885000-7fab29886000 rw-p 00015000 08:01 24646261                   /lib/x86_64-linux-gnu/libgcc_s.so.1
7fab29886000-7fab2998e000 r-xp 00000000 08:01 24646293                   /lib/x86_64-linux-gnu/libm-2.23.so
7fab2998e000-7fab29b8d000 ---p 00108000 08:01 24646293                   /lib/x86_64-linux-gnu/libm-2.23.so
7fab29b8d000-7fab29b8e000 r--p 00107000 08:01 24646293                   /lib/x86_64-linux-gnu/libm-2.23.so
7fab29b8e000-7fab29b8f000 rw-p 00108000 08:01 24646293                   /lib/x86_64-linux-gnu/libm-2.23.so
7fab29b8f000-7fab29d01000 r-xp 00000000 08:01 13109418                   /usr/lib/x86_64-linux-gnu/libstdc++.so.6.0.21
7fab29d01000-7fab29f01000 ---p 00172000 08:01 13109418                   /usr/lib/x86_64-linux-gnu/libstdc++.so.6.0.21
7fab29f01000-7fab29f0b000 r--p 00172000 08:01 13109418                   /usr/lib/x86_64-linux-gnu/libstdc++.so.6.0.21
7fab29f0b000-7fab29f0d000 rw-p 0017c000 08:01 13109418                   /usr/lib/x86_64-linux-gnu/libstdc++.so.6.0.21
7fab29f0d000-7fab29f11000 rw-p 00000000 00:00 0 
7fab29f11000-7fab2ab79000 r-xp 00000000 08:01 13240218                   /usr/lib/jvm/java-8-openjdk-amd64/jre/lib/amd64/server/libjvm.so
7fab2ab79000-7fab2ad79000 ---p 00c68000 08:01 13240218                   /usr/lib/jvm/java-8-openjdk-amd64/jre/lib/amd64/server/libjvm.so
7fab2ad79000-7fab2ae0d000 r--p 00c68000 08:01 13240218                   /usr/lib/jvm/java-8-openjdk-amd64/jre/lib/amd64/server/libjvm.so
7fab2ae0d000-7fab2ae36000 rw-p 00cfc000 08:01 13240218                   /usr/lib/jvm/java-8-openjdk-amd64/jre/lib/amd64/server/libjvm.so
7fab2ae36000-7fab2ae66000 rw-p 00000000 00:00 0 
7fab2ae66000-7fab2ae7e000 r-xp 00000000 08:01 24646369                   /lib/x86_64-linux-gnu/libpthread-2.23.so
7fab2ae7e000-7fab2b07d000 ---p 00018000 08:01 24646369                   /lib/x86_64-linux-gnu/libpthread-2.23.so
7fab2b07d000-7fab2b07e000 r--p 00017000 08:01 24646369                   /lib/x86_64-linux-gnu/libpthread-2.23.so
7fab2b07e000-7fab2b07f000 rw-p 00018000 08:01 24646369                   /lib/x86_64-linux-gnu/libpthread-2.23.so
7fab2b07f000-7fab2b083000 rw-p 00000000 00:00 0 
7fab2b083000-7fab2b086000 r-xp 00000000 08:01 24646247                   /lib/x86_64-linux-gnu/libdl-2.23.so
7fab2b086000-7fab2b285000 ---p 00003000 08:01 24646247                   /lib/x86_64-linux-gnu/libdl-2.23.so
7fab2b285000-7fab2b286000 r--p 00002000 08:01 24646247                   /lib/x86_64-linux-gnu/libdl-2.23.so
7fab2b286000-7fab2b287000 rw-p 00003000 08:01 24646247                   /lib/x86_64-linux-gnu/libdl-2.23.so
7fab2b287000-7fab2b2a0000 r-xp 00000000 08:01 24641754                   /lib/x86_64-linux-gnu/libz.so.1.2.8
7fab2b2a0000-7fab2b49f000 ---p 00019000 08:01 24641754                   /lib/x86_64-linux-gnu/libz.so.1.2.8
7fab2b49f000-7fab2b4a0000 r--p 00018000 08:01 24641754                   /lib/x86_64-linux-gnu/libz.so.1.2.8
7fab2b4a0000-7fab2b4a1000 rw-p 00019000 08:01 24641754                   /lib/x86_64-linux-gnu/libz.so.1.2.8
7fab2b4a1000-7fab2b661000 r-xp 00000000 08:01 24646223                   /lib/x86_64-linux-gnu/libc-2.23.so
7fab2b661000-7fab2b861000 ---p 001c0000 08:01 24646223                   /lib/x86_64-linux-gnu/libc-2.23.so
7fab2b861000-7fab2b865000 r--p 001c0000 08:01 24646223                   /lib/x86_64-linux-gnu/libc-2.23.so
7fab2b865000-7fab2b867000 rw-p 001c4000 08:01 24646223                   /lib/x86_64-linux-gnu/libc-2.23.so
7fab2b867000-7fab2b86b000 rw-p 00000000 00:00 0 
7fab2b86b000-7fab2b878000 r-xp 00000000 08:01 13121664                   /usr/lib/jvm/java-8-openjdk-amd64/jre/lib/amd64/jli/libjli.so
7fab2b878000-7fab2ba78000 ---p 0000d000 08:01 13121664                   /usr/lib/jvm/java-8-openjdk-amd64/jre/lib/amd64/jli/libjli.so
7fab2ba78000-7fab2ba79000 r--p 0000d000 08:01 13121664                   /usr/lib/jvm/java-8-openjdk-amd64/jre/lib/amd64/jli/libjli.so
7fab2ba79000-7fab2ba7a000 rw-p 0000e000 08:01 13121664                   /usr/lib/jvm/java-8-openjdk-amd64/jre/lib/amd64/jli/libjli.so
7fab2ba7a000-7fab2baa0000 r-xp 00000000 08:01 24646195                   /lib/x86_64-linux-gnu/ld-2.23.so
7fab2baa0000-7fab2baa2000 r--s 00001000 08:01 13240238                   /usr/lib/jvm/java-8-openjdk-amd64/jre/lib/ext/dnsns.jar
7fab2baa2000-7fab2baa8000 r--s 0003d000 08:01 13240235                   /usr/lib/jvm/java-8-openjdk-amd64/jre/lib/ext/sunjce_provider.jar
7fab2baa8000-7fab2baa9000 r--s 00010000 08:01 13240243                   /usr/lib/jvm/java-8-openjdk-amd64/jre/lib/ext/zipfs.jar
7fab2baa9000-7fab2bb81000 rw-p 00000000 00:00 0 
7fab2bb81000-7fab2bb84000 ---p 00000000 00:00 0 
7fab2bb84000-7fab2bc86000 rw-p 00000000 00:00 0 
7fab2bc86000-7fab2bc90000 r--s 00116000 08:01 13240239                   /usr/lib/jvm/java-8-openjdk-amd64/jre/lib/ext/localedata.jar
7fab2bc90000-7fab2bc94000 r--s 0003a000 08:01 13240244                   /usr/lib/jvm/java-8-openjdk-amd64/jre/lib/ext/sunpkcs11.jar
7fab2bc94000-7fab2bc9c000 rw-s 00000000 08:01 18613265                   /tmp/hsperfdata_thayanna/4387
7fab2bc9c000-7fab2bc9d000 rw-p 00000000 00:00 0 
7fab2bc9d000-7fab2bc9e000 ---p 00000000 00:00 0 
7fab2bc9e000-7fab2bc9f000 rw-p 00000000 00:00 0 
7fab2bc9f000-7fab2bca0000 r--p 00025000 08:01 24646195                   /lib/x86_64-linux-gnu/ld-2.23.so
7fab2bca0000-7fab2bca1000 rw-p 00026000 08:01 24646195                   /lib/x86_64-linux-gnu/ld-2.23.so
7fab2bca1000-7fab2bca2000 rw-p 00000000 00:00 0 
7ffeb0244000-7ffeb0267000 rw-p 00000000 00:00 0                          [stack]
7ffeb0344000-7ffeb0347000 r--p 00000000 00:00 0                          [vvar]
7ffeb0347000-7ffeb0349000 r-xp 00000000 00:00 0                          [vdso]
ffffffffff600000-ffffffffff601000 r-xp 00000000 00:00 0                  [vsyscall]

VM Arguments:
jvm_args: -Dfile.encoding=UTF-8 
java_command: com.api.api.ApiApplication
java_class_path (initial): /home/thayanna/eclipse-workspace/api/target/classes:/home/thayanna/.m2/repository/org/springframework/boot/spring-boot-starter-data-jpa/2.3.1.RELEASE/spring-boot-starter-data-jpa-2.3.1.RELEASE.jar:/home/thayanna/.m2/repository/org/springframework/boot/spring-boot-starter-aop/2.3.1.RELEASE/spring-boot-starter-aop-2.3.1.RELEASE.jar:/home/thayanna/.m2/repository/org/springframework/spring-aop/5.2.7.RELEASE/spring-aop-5.2.7.RELEASE.jar:/home/thayanna/.m2/repository/org/aspectj/aspectjweaver/1.9.5/aspectjweaver-1.9.5.jar:/home/thayanna/.m2/repository/org/springframework/boot/spring-boot-starter-jdbc/2.3.1.RELEASE/spring-boot-starter-jdbc-2.3.1.RELEASE.jar:/home/thayanna/.m2/repository/com/zaxxer/HikariCP/3.4.5/HikariCP-3.4.5.jar:/home/thayanna/.m2/repository/org/springframework/spring-jdbc/5.2.7.RELEASE/spring-jdbc-5.2.7.RELEASE.jar:/home/thayanna/.m2/repository/jakarta/transaction/jakarta.transaction-api/1.3.3/jakarta.transaction-api-1.3.3.jar:/home/thayanna/.m2/repository/jakarta/persistence/jakarta.persistence-api/2.2.3/jakarta.persistence-api-2.2.3.jar:/home/thayanna/.m2/repository/org/hibernate/hibernate-core/5.4.17.Final/hibernate-core-5.4.17.Final.jar:/home/thayanna/.m2/repository/org/jboss/logging/jboss-logging/3.4.1.Final/jboss-logging-3.4.1.Final.jar:/home/thayanna/.m2/repository/org/javassist/javassist/3.24.0-GA/javassist-3.24.0-GA.jar:/home/thayanna/.m2/repository/net/bytebuddy/byte-buddy/1.10.11/byte-buddy-1.10.11.jar:/home/thayanna/.m2/repository/antlr/antlr/2.7.7/antlr-2.7.7.jar:/home/thayanna/.m2/repository/org/jboss/jandex/2.1.3.Final/jandex-2.1.3.Final.jar:/home/thayanna/.m2/repository/com/fasterxml/classmate/1.5.1/classmate-1.5.1.jar:/home/thayanna/.m2/repository/org/dom4j/dom4j/2.1.3/dom4j-2.1.3.jar:/home/thayanna/.m2/repository/org/hibernate/common/hibernate-commons-annotations/5.1.0.Final/hibernate-commons-annotations-5.1.0.Final.jar:/home/thayanna/.m2/repository/org/glassfish/jaxb/jaxb-runtime/2.3.3/jaxb-runtime-2.3.3.j
Launcher Type: SUN_STANDARD

Environment Variables:
PATH=/home/thayanna/bin:/home/thayanna/.local/bin:/usr/local/sbin:/usr/local/bin:/usr/sbin:/usr/bin:/sbin:/bin:/usr/games:/usr/local/games:/snap/bin
SHELL=/bin/bash
DISPLAY=:0

Signal Handlers:
SIGSEGV: [libjvm.so+0xa7bb00], sa_mask[0]=11111111011111111101111111111110, sa_flags=SA_RESTART|SA_SIGINFO
SIGBUS: [libjvm.so+0xa7bb00], sa_mask[0]=11111111011111111101111111111110, sa_flags=SA_RESTART|SA_SIGINFO
SIGFPE: [libjvm.so+0x8c3d50], sa_mask[0]=11111111011111111101111111111110, sa_flags=SA_RESTART|SA_SIGINFO
SIGPIPE: [libjvm.so+0x8c3d50], sa_mask[0]=11111111011111111101111111111110, sa_flags=SA_RESTART|SA_SIGINFO
SIGXFSZ: [libjvm.so+0x8c3d50], sa_mask[0]=11111111011111111101111111111110, sa_flags=SA_RESTART|SA_SIGINFO
SIGILL: [libjvm.so+0x8c3d50], sa_mask[0]=11111111011111111101111111111110, sa_flags=SA_RESTART|SA_SIGINFO
SIGUSR1: SIG_DFL, sa_mask[0]=00000000000000000000000000000000, sa_flags=none
SIGUSR2: [libjvm.so+0x8c3c00], sa_mask[0]=00100000000000000000000000000000, sa_flags=SA_RESTART|SA_SIGINFO
SIGHUP: [libjvm.so+0x8c4290], sa_mask[0]=11111111011111111101111111111110, sa_flags=SA_RESTART|SA_SIGINFO
SIGINT: [libjvm.so+0x8c4290], sa_mask[0]=11111111011111111101111111111110, sa_flags=SA_RESTART|SA_SIGINFO
SIGTERM: [libjvm.so+0x8c4290], sa_mask[0]=11111111011111111101111111111110, sa_flags=SA_RESTART|SA_SIGINFO
SIGQUIT: [libjvm.so+0x8c4290], sa_mask[0]=11111111011111111101111111111110, sa_flags=SA_RESTART|SA_SIGINFO


---------------  S Y S T E M  ---------------

OS:DISTRIB_ID=Ubuntu
DISTRIB_RELEASE=16.04
DISTRIB_CODENAME=xenial
DISTRIB_DESCRIPTION="Ubuntu 16.04.6 LTS"

uname:Linux 4.15.0-106-generic #107~16.04.1-Ubuntu SMP Thu Jun 4 15:40:05 UTC 2020 x86_64
libc:glibc 2.23 NPTL 2.23 
rlimit: STACK 8192k, CORE 0k, NPROC 14858, NOFILE 1048576, AS infinity
load average:3,00 2,64 1,88

/proc/meminfo:
MemTotal:        3937056 kB
MemFree:          106648 kB
MemAvailable:      33324 kB
Buffers:            3968 kB
Cached:           583972 kB
SwapCached:            0 kB
Active:          3013944 kB
Inactive:         558956 kB
Active(anon):    2986564 kB
Inactive(anon):   532628 kB
Active(file):      27380 kB
Inactive(file):    26328 kB
Unevictable:         112 kB
Mlocked:             112 kB
SwapTotal:             0 kB
SwapFree:              0 kB
Dirty:                 0 kB
Writeback:           592 kB
AnonPages:       2985204 kB
Mapped:           218276 kB
Shmem:            534112 kB
Slab:              96288 kB
SReclaimable:      42036 kB
SUnreclaim:        54252 kB
KernelStack:       15232 kB
PageTables:        65036 kB
NFS_Unstable:          0 kB
Bounce:                0 kB
WritebackTmp:          0 kB
CommitLimit:     1968528 kB
Committed_AS:   10711748 kB
VmallocTotal:   34359738367 kB
VmallocUsed:           0 kB
VmallocChunk:          0 kB
HardwareCorrupted:     0 kB
AnonHugePages:     30720 kB
ShmemHugePages:        0 kB
ShmemPmdMapped:        0 kB
CmaTotal:              0 kB
CmaFree:               0 kB
HugePages_Total:       0
HugePages_Free:        0
HugePages_Rsvd:        0
HugePages_Surp:        0
Hugepagesize:       2048 kB
DirectMap4k:      194616 kB
DirectMap2M:     3897344 kB
DirectMap1G:     1048576 kB

container (cgroup) information:
container_type: cgroupv1
cpu_cpuset_cpus: 0-3
cpu_memory_nodes: 0
active_processor_count: 4
cpu_quota: -1
cpu_period: 100000
cpu_shares: -1
memory_limit_in_bytes: -1
memory_and_swap_limit_in_bytes: -2
memory_soft_limit_in_bytes: -1
memory_usage_in_bytes: 3658530816
memory_max_usage_in_bytes: 47681536


CPU:total 4 (initial active 4) (2 cores per cpu, 2 threads per core) family 6 model 61 stepping 4, cmov, cx8, fxsr, mmx, sse, sse2, sse3, ssse3, sse4.1, sse4.2, popcnt, avx, avx2, aes, clmul, erms, 3dnowpref, lzcnt, ht, tsc, tscinvbit, bmi1, bmi2, adx

/proc/cpuinfo:
processor	: 0
vendor_id	: GenuineIntel
cpu family	: 6
model		: 61
model name	: Intel(R) Core(TM) i5-5200U CPU @ 2.20GHz
stepping	: 4
microcode	: 0x2f
cpu MHz		: 2484.332
cache size	: 3072 KB
physical id	: 0
siblings	: 4
core id		: 0
cpu cores	: 2
apicid		: 0
initial apicid	: 0
fpu		: yes
fpu_exception	: yes
cpuid level	: 20
wp		: yes
flags		: fpu vme de pse tsc msr pae mce cx8 apic sep mtrr pge mca cmov pat pse36 clflush dts acpi mmx fxsr sse sse2 ss ht tm pbe syscall nx pdpe1gb rdtscp lm constant_tsc arch_perfmon pebs bts rep_good nopl xtopology nonstop_tsc cpuid aperfmperf pni pclmulqdq dtes64 monitor ds_cpl vmx est tm2 ssse3 sdbg fma cx16 xtpr pdcm pcid sse4_1 sse4_2 x2apic movbe popcnt tsc_deadline_timer aes xsave avx f16c rdrand lahf_lm abm 3dnowprefetch cpuid_fault epb invpcid_single pti ssbd ibrs ibpb stibp tpr_shadow vnmi flexpriority ept vpid fsgsbase tsc_adjust bmi1 avx2 smep bmi2 erms invpcid rdseed adx smap intel_pt xsaveopt dtherm ida arat pln pts md_clear flush_l1d
bugs		: cpu_meltdown spectre_v1 spectre_v2 spec_store_bypass l1tf mds swapgs itlb_multihit srbds
bogomips	: 4389.76
clflush size	: 64
cache_alignment	: 64
address sizes	: 39 bits physical, 48 bits virtual
power management:

processor	: 1
vendor_id	: GenuineIntel
cpu family	: 6
model		: 61
model name	: Intel(R) Core(TM) i5-5200U CPU @ 2.20GHz
stepping	: 4
microcode	: 0x2f
cpu MHz		: 2493.273
cache size	: 3072 KB
physical id	: 0
siblings	: 4
core id		: 1
cpu cores	: 2
apicid		: 2
initial apicid	: 2
fpu		: yes
fpu_exception	: yes
cpuid level	: 20
wp		: yes
flags		: fpu vme de pse tsc msr pae mce cx8 apic sep mtrr pge mca cmov pat pse36 clflush dts acpi mmx fxsr sse sse2 ss ht tm pbe syscall nx pdpe1gb rdtscp lm constant_tsc arch_perfmon pebs bts rep_good nopl xtopology nonstop_tsc cpuid aperfmperf pni pclmulqdq dtes64 monitor ds_cpl vmx est tm2 ssse3 sdbg fma cx16 xtpr pdcm pcid sse4_1 sse4_2 x2apic movbe popcnt tsc_deadline_timer aes xsave avx f16c rdrand lahf_lm abm 3dnowprefetch cpuid_fault epb invpcid_single pti ssbd ibrs ibpb stibp tpr_shadow vnmi flexpriority ept vpid fsgsbase tsc_adjust bmi1 avx2 smep bmi2 erms invpcid rdseed adx smap intel_pt xsaveopt dtherm ida arat pln pts md_clear flush_l1d
bugs		: cpu_meltdown spectre_v1 spectre_v2 spec_store_bypass l1tf mds swapgs itlb_multihit srbds
bogomips	: 4389.76
clflush size	: 64
cache_alignment	: 64
address sizes	: 39 bits physical, 48 bits virtual
power management:

processor	: 2
vendor_id	: GenuineIntel
cpu family	: 6
model		: 61
model name	: Intel(R) Core(TM) i5-5200U CPU @ 2.20GHz
stepping	: 4
microcode	: 0x2f
cpu MHz		: 2463.479
cache size	: 3072 KB
physical id	: 0
siblings	: 4
core id		: 0
cpu cores	: 2
apicid		: 1
initial apicid	: 1
fpu		: yes
fpu_exception	: yes
cpuid level	: 20
wp		: yes
flags		: fpu vme de pse tsc msr pae mce cx8 apic sep mtrr pge mca cmov pat pse36 clflush dts acpi mmx fxsr sse sse2 ss ht tm pbe syscall nx pdpe1gb rdtscp lm constant_tsc arch_perfmon pebs bts rep_good nopl xtopology nonstop_tsc cpuid aperfmperf pni pclmulqdq dtes64 monitor ds_cpl vmx est tm2 ssse3 sdbg fma cx16 xtpr pdcm pcid sse4_1 sse4_2 x2apic movbe popcnt tsc_deadline_timer aes xsave avx f16c rdrand lahf_lm abm 3dnowprefetch cpuid_fault epb invpcid_single pti ssbd ibrs ibpb stibp tpr_shadow vnmi flexpriority ept vpid fsgsbase tsc_adjust bmi1 avx2 smep bmi2 erms invpcid rdseed adx smap intel_pt xsaveopt dtherm ida arat pln pts md_clear flush_l1d
bugs		: cpu_meltdown spectre_v1 spectre_v2 spec_store_bypass l1tf mds swapgs itlb_multihit srbds
bogomips	: 4389.76
clflush size	: 64
cache_alignment	: 64
address sizes	: 39 bits physical, 48 bits virtual
power management:

processor	: 3
vendor_id	: GenuineIntel
cpu family	: 6
model		: 61
model name	: Intel(R) Core(TM) i5-5200U CPU @ 2.20GHz
stepping	: 4
microcode	: 0x2f
cpu MHz		: 2494.189
cache size	: 3072 KB
physical id	: 0
siblings	: 4
core id		: 1
cpu cores	: 2
apicid		: 3
initial apicid	: 3
fpu		: yes
fpu_exception	: yes
cpuid level	: 20
wp		: yes
flags		: fpu vme de pse tsc msr pae mce cx8 apic sep mtrr pge mca cmov pat pse36 clflush dts acpi mmx fxsr sse sse2 ss ht tm pbe syscall nx pdpe1gb rdtscp lm constant_tsc arch_perfmon pebs bts rep_good nopl xtopology nonstop_tsc cpuid aperfmperf pni pclmulqdq dtes64 monitor ds_cpl vmx est tm2 ssse3 sdbg fma cx16 xtpr pdcm pcid sse4_1 sse4_2 x2apic movbe popcnt tsc_deadline_timer aes xsave avx f16c rdrand lahf_lm abm 3dnowprefetch cpuid_fault epb invpcid_single pti ssbd ibrs ibpb stibp tpr_shadow vnmi flexpriority ept vpid fsgsbase tsc_adjust bmi1 avx2 smep bmi2 erms invpcid rdseed adx smap intel_pt xsaveopt dtherm ida arat pln pts md_clear flush_l1d
bugs		: cpu_meltdown spectre_v1 spectre_v2 spec_store_bypass l1tf mds swapgs itlb_multihit srbds
bogomips	: 4389.76
clflush size	: 64
cache_alignment	: 64
address sizes	: 39 bits physical, 48 bits virtual
power management:



Memory: 4k page, physical 3937056k(114588k free), swap 0k(0k free)

vm_info: OpenJDK 64-Bit Server VM (25.252-b09) for linux-amd64 JRE (1.8.0_252-8u252-b09-1~16.04-b09), built on Apr 15 2020 21:06:51 by "buildd" with gcc 5.4.0 20160609

time: Mon Jun 29 01:50:09 2020
timezone: -03
elapsed time: 5 seconds (0d 0h 0m 5s)

