#
# There is insufficient memory for the Java Runtime Environment to continue.
# Native memory allocation (mmap) failed to map 128974848 bytes for committing reserved memory.
# Possible reasons:
#   The system is out of physical RAM or swap space
#   The process is running with CompressedOops enabled, and the Java Heap may be blocking the growth of the native heap
# Possible solutions:
#   Reduce memory load on the system
#   Increase physical memory or swap space
#   Check if swap backing store is full
#   Decrease Java heap size (-Xmx/-Xms)
#   Decrease number of Java threads
#   Decrease Java thread stack sizes (-Xss)
#   Set larger code cache with -XX:ReservedCodeCacheSize=
#   JVM is running with Unscaled Compressed Oops mode in which the Java heap is
#     placed in the first 4GB address space. The Java Heap base address is the
#     maximum limit for the native heap growth. Please use -XX:HeapBaseMinAddress
#     to set the Java Heap base and to place the Java Heap above 4GB virtual address.
# This output file may be truncated or incomplete.
#
#  Out of Memory Error (os_linux.cpp:2757), pid=4793, tid=0x00007f7a14afa700
#
# JRE version: OpenJDK Runtime Environment (8.0_252-b09) (build 1.8.0_252-8u252-b09-1~16.04-b09)
# Java VM: OpenJDK 64-Bit Server VM (25.252-b09 mixed mode linux-amd64 compressed oops)
# Failed to write core dump. Core dumps have been disabled. To enable core dumping, try "ulimit -c unlimited" before starting Java again
#

---------------  T H R E A D  ---------------

Current thread (0x00007f7a2407b800):  VMThread [stack: 0x00007f7a149fa000,0x00007f7a14afb000] [id=4803]

Stack: [0x00007f7a149fa000,0x00007f7a14afb000],  sp=0x00007f7a14af9390,  free space=1020k
Native frames: (J=compiled Java code, j=interpreted, Vv=VM code, C=native code)
V  [libjvm.so+0xa7af9b]
V  [libjvm.so+0x4ccc7c]
V  [libjvm.so+0x8c8ce8]
V  [libjvm.so+0x8c032e]
V  [libjvm.so+0x93e076]
V  [libjvm.so+0x93f3a3]
V  [libjvm.so+0x93ba84]
V  [libjvm.so+0x93bd1c]
V  [libjvm.so+0x8ed9e3]
V  [libjvm.so+0xa7ccd2]
V  [libjvm.so+0xa81db7]
V  [libjvm.so+0xa7f5c7]
V  [libjvm.so+0xa80855]
V  [libjvm.so+0xa80e22]
V  [libjvm.so+0x8c6042]

VM_Operation (0x00007f7a0d1d63a0): ParallelGCFailedAllocation, mode: safepoint, requested by thread 0x00007f79d0002800


---------------  P R O C E S S  ---------------

Java Threads: ( => current thread )
  0x00007f79d0002800 JavaThread "restartedMain" [_thread_blocked, id=4813, stack(0x00007f7a0d0d9000,0x00007f7a0d1da000)]
  0x00007f7a241dc000 JavaThread "Thread-0" [_thread_blocked, id=4812, stack(0x00007f7a0d1da000,0x00007f7a0d2db000)]
  0x00007f7a240cb800 JavaThread "Service Thread" daemon [_thread_blocked, id=4810, stack(0x00007f7a142f3000,0x00007f7a143f4000)]
  0x00007f7a240c0800 JavaThread "C1 CompilerThread2" daemon [_thread_blocked, id=4809, stack(0x00007f7a143f4000,0x00007f7a144f5000)]
  0x00007f7a240be800 JavaThread "C2 CompilerThread1" daemon [_thread_blocked, id=4808, stack(0x00007f7a144f5000,0x00007f7a145f6000)]
  0x00007f7a240bb800 JavaThread "C2 CompilerThread0" daemon [_thread_blocked, id=4807, stack(0x00007f7a145f6000,0x00007f7a146f7000)]
  0x00007f7a240ba000 JavaThread "Signal Dispatcher" daemon [_thread_blocked, id=4806, stack(0x00007f7a146f7000,0x00007f7a147f8000)]
  0x00007f7a2408a000 JavaThread "Finalizer" daemon [_thread_blocked, id=4805, stack(0x00007f7a147f8000,0x00007f7a148f9000)]
  0x00007f7a24085000 JavaThread "Reference Handler" daemon [_thread_blocked, id=4804, stack(0x00007f7a148f9000,0x00007f7a149fa000)]
  0x00007f7a2400e000 JavaThread "main" [_thread_blocked, id=4798, stack(0x00007f7a2d7bd000,0x00007f7a2d8be000)]

Other Threads:
=>0x00007f7a2407b800 VMThread [stack: 0x00007f7a149fa000,0x00007f7a14afb000] [id=4803]
  0x00007f7a240ce000 WatcherThread [stack: 0x00007f7a141f2000,0x00007f7a142f3000] [id=4811]

VM state:at safepoint (normal execution)

VM Mutex/Monitor currently owned by a thread:  ([mutex/lock_event])
[0x00007f7a2400a3d0] Threads_lock - owner thread: 0x00007f7a2407b800
[0x00007f7a2400a8d0] Heap_lock - owner thread: 0x00007f79d0002800

heap address: 0x00000000c3e00000, size: 962 MB, Compressed Oops mode: 32-bit
Narrow klass base: 0x0000000000000000, Narrow klass shift: 3
Compressed class space size: 1073741824 Address: 0x0000000100000000

Heap:
 PSYoungGen      total 135168K, used 4221K [0x00000000ebf80000, 0x00000000f4b80000, 0x0000000100000000)
  eden space 126976K, 0% used [0x00000000ebf80000,0x00000000ebf80000,0x00000000f3b80000)
  from space 8192K, 51% used [0x00000000f3b80000,0x00000000f3f9f708,0x00000000f4380000)
  to   space 7680K, 0% used [0x00000000f4400000,0x00000000f4400000,0x00000000f4b80000)
 ParOldGen       total 42496K, used 10046K [0x00000000c3e00000, 0x00000000c6780000, 0x00000000ebf80000)
  object space 42496K, 23% used [0x00000000c3e00000,0x00000000c47cf9e0,0x00000000c6780000)
 Metaspace       used 19910K, capacity 20744K, committed 20864K, reserved 1067008K
  class space    used 2390K, capacity 2571K, committed 2688K, reserved 1048576K

Card table byte_map: [0x00007f7a29c7c000,0x00007f7a29e5e000] byte_map_base: 0x00007f7a2965d000

Marking Bits: (ParMarkBitMap*) 0x00007f7a2ca855a0
 Begin Bits: [0x00007f7a0e1f0000, 0x00007f7a0f0f8000)
 End Bits:   [0x00007f7a0f0f8000, 0x00007f7a10000000)

Polling page: 0x00007f7a2d8d9000

CodeCache: size=245760Kb used=6411Kb max_used=6411Kb free=239348Kb
 bounds [0x00007f7a15000000, 0x00007f7a15650000, 0x00007f7a24000000]
 total_blobs=2300 nmethods=1948 adapters=266
 compilation: enabled

Compilation events (10 events):
Event: 3,360 Thread 0x00007f7a240c0800 1941       3       org.springframework.core.annotation.TypeMappedAnnotation::getAdaptType (48 bytes)
Event: 3,360 Thread 0x00007f7a240c0800 nmethod 1941 0x00007f7a15623510 code [0x00007f7a156236e0, 0x00007f7a15623f68]
Event: 3,360 Thread 0x00007f7a240c0800 1945       3       java.util.LinkedHashMap::getOrDefault (33 bytes)
Event: 3,361 Thread 0x00007f7a240c0800 nmethod 1945 0x00007f7a15626110 code [0x00007f7a156262c0, 0x00007f7a156267c8]
Event: 3,362 Thread 0x00007f7a240c0800 1946   !   3       java.nio.CharBuffer::wrap (20 bytes)
Event: 3,363 Thread 0x00007f7a240c0800 nmethod 1946 0x00007f7a15625950 code [0x00007f7a15625ae0, 0x00007f7a15625e98]
Event: 3,363 Thread 0x00007f7a240c0800 1947       3       java.nio.HeapCharBuffer::<init> (14 bytes)
Event: 3,363 Thread 0x00007f7a240c0800 nmethod 1947 0x00007f7a15625450 code [0x00007f7a156255c0, 0x00007f7a15625808]
Event: 3,364 Thread 0x00007f7a240c0800 1948       3       org.springframework.core.KotlinDetector::isKotlinReflectPresent (4 bytes)
Event: 3,364 Thread 0x00007f7a240c0800 nmethod 1948 0x00007f7a15623190 code [0x00007f7a156232e0, 0x00007f7a15623410]

GC Heap History (10 events):
Event: 1,124 GC heap after
Heap after GC invocations=2 (full 0):
 PSYoungGen      total 34304K, used 2377K [0x00000000ebf80000, 0x00000000ee380000, 0x0000000100000000)
  eden space 31744K, 0% used [0x00000000ebf80000,0x00000000ebf80000,0x00000000ede80000)
  from space 2560K, 92% used [0x00000000ee100000,0x00000000ee3525d0,0x00000000ee380000)
  to   space 2560K, 0% used [0x00000000ede80000,0x00000000ede80000,0x00000000ee100000)
 ParOldGen       total 42496K, used 54K [0x00000000c3e00000, 0x00000000c6780000, 0x00000000ebf80000)
  object space 42496K, 0% used [0x00000000c3e00000,0x00000000c3e0db60,0x00000000c6780000)
 Metaspace       used 7367K, capacity 7558K, committed 7808K, reserved 1056768K
  class space    used 819K, capacity 887K, committed 896K, reserved 1048576K
}
Event: 1,172 GC heap before
{Heap before GC invocations=3 (full 0):
 PSYoungGen      total 34304K, used 34121K [0x00000000ebf80000, 0x00000000ee380000, 0x0000000100000000)
  eden space 31744K, 100% used [0x00000000ebf80000,0x00000000ede80000,0x00000000ede80000)
  from space 2560K, 92% used [0x00000000ee100000,0x00000000ee3525d0,0x00000000ee380000)
  to   space 2560K, 0% used [0x00000000ede80000,0x00000000ede80000,0x00000000ee100000)
 ParOldGen       total 42496K, used 54K [0x00000000c3e00000, 0x00000000c6780000, 0x00000000ebf80000)
  object space 42496K, 0% used [0x00000000c3e00000,0x00000000c3e0db60,0x00000000c6780000)
 Metaspace       used 7546K, capacity 7802K, committed 7936K, reserved 1056768K
  class space    used 842K, capacity 925K, committed 1024K, reserved 1048576K
Event: 1,176 GC heap after
Heap after GC invocations=3 (full 0):
 PSYoungGen      total 34304K, used 2534K [0x00000000ebf80000, 0x00000000f0280000, 0x0000000100000000)
  eden space 31744K, 0% used [0x00000000ebf80000,0x00000000ebf80000,0x00000000ede80000)
  from space 2560K, 98% used [0x00000000ede80000,0x00000000ee0f9938,0x00000000ee100000)
  to   space 2560K, 0% used [0x00000000f0000000,0x00000000f0000000,0x00000000f0280000)
 ParOldGen       total 42496K, used 102K [0x00000000c3e00000, 0x00000000c6780000, 0x00000000ebf80000)
  object space 42496K, 0% used [0x00000000c3e00000,0x00000000c3e19b60,0x00000000c6780000)
 Metaspace       used 7546K, capacity 7802K, committed 7936K, reserved 1056768K
  class space    used 842K, capacity 925K, committed 1024K, reserved 1048576K
}
Event: 1,550 GC heap before
{Heap before GC invocations=4 (full 0):
 PSYoungGen      total 34304K, used 34278K [0x00000000ebf80000, 0x00000000f0280000, 0x0000000100000000)
  eden space 31744K, 100% used [0x00000000ebf80000,0x00000000ede80000,0x00000000ede80000)
  from space 2560K, 98% used [0x00000000ede80000,0x00000000ee0f9938,0x00000000ee100000)
  to   space 2560K, 0% used [0x00000000f0000000,0x00000000f0000000,0x00000000f0280000)
 ParOldGen       total 42496K, used 102K [0x00000000c3e00000, 0x00000000c6780000, 0x00000000ebf80000)
  object space 42496K, 0% used [0x00000000c3e00000,0x00000000c3e19b60,0x00000000c6780000)
 Metaspace       used 12213K, capacity 12644K, committed 12800K, reserved 1060864K
  class space    used 1389K, capacity 1515K, committed 1536K, reserved 1048576K
Event: 1,557 GC heap after
Heap after GC invocations=4 (full 0):
 PSYoungGen      total 66048K, used 2544K [0x00000000ebf80000, 0x00000000f0280000, 0x0000000100000000)
  eden space 63488K, 0% used [0x00000000ebf80000,0x00000000ebf80000,0x00000000efd80000)
  from space 2560K, 99% used [0x00000000f0000000,0x00000000f027c010,0x00000000f0280000)
  to   space 2560K, 0% used [0x00000000efd80000,0x00000000efd80000,0x00000000f0000000)
 ParOldGen       total 42496K, used 2775K [0x00000000c3e00000, 0x00000000c6780000, 0x00000000ebf80000)
  object space 42496K, 6% used [0x00000000c3e00000,0x00000000c40b5e60,0x00000000c6780000)
 Metaspace       used 12213K, capacity 12644K, committed 12800K, reserved 1060864K
  class space    used 1389K, capacity 1515K, committed 1536K, reserved 1048576K
}
Event: 2,452 GC heap before
{Heap before GC invocations=5 (full 0):
 PSYoungGen      total 66048K, used 66032K [0x00000000ebf80000, 0x00000000f0280000, 0x0000000100000000)
  eden space 63488K, 100% used [0x00000000ebf80000,0x00000000efd80000,0x00000000efd80000)
  from space 2560K, 99% used [0x00000000f0000000,0x00000000f027c010,0x00000000f0280000)
  to   space 2560K, 0% used [0x00000000efd80000,0x00000000efd80000,0x00000000f0000000)
 ParOldGen       total 42496K, used 2775K [0x00000000c3e00000, 0x00000000c6780000, 0x00000000ebf80000)
  object space 42496K, 6% used [0x00000000c3e00000,0x00000000c40b5e60,0x00000000c6780000)
 Metaspace       used 18407K, capacity 19144K, committed 19328K, reserved 1067008K
  class space    used 2237K, capacity 2401K, committed 2432K, reserved 1048576K
Event: 2,466 GC heap after
Heap after GC invocations=5 (full 0):
 PSYoungGen      total 66048K, used 2542K [0x00000000ebf80000, 0x00000000f4c80000, 0x0000000100000000)
  eden space 63488K, 0% used [0x00000000ebf80000,0x00000000ebf80000,0x00000000efd80000)
  from space 2560K, 99% used [0x00000000efd80000,0x00000000efffb960,0x00000000f0000000)
  to   space 8704K, 0% used [0x00000000f4400000,0x00000000f4400000,0x00000000f4c80000)
 ParOldGen       total 42496K, used 9375K [0x00000000c3e00000, 0x00000000c6780000, 0x00000000ebf80000)
  object space 42496K, 22% used [0x00000000c3e00000,0x00000000c4727d18,0x00000000c6780000)
 Metaspace       used 18407K, capacity 19144K, committed 19328K, reserved 1067008K
  class space    used 2237K, capacity 2401K, committed 2432K, reserved 1048576K
}
Event: 3,005 GC heap before
{Heap before GC invocations=6 (full 0):
 PSYoungGen      total 66048K, used 66030K [0x00000000ebf80000, 0x00000000f4c80000, 0x0000000100000000)
  eden space 63488K, 100% used [0x00000000ebf80000,0x00000000efd80000,0x00000000efd80000)
  from space 2560K, 99% used [0x00000000efd80000,0x00000000efffb960,0x00000000f0000000)
  to   space 8704K, 0% used [0x00000000f4400000,0x00000000f4400000,0x00000000f4c80000)
 ParOldGen       total 42496K, used 9375K [0x00000000c3e00000, 0x00000000c6780000, 0x00000000ebf80000)
  object space 42496K, 22% used [0x00000000c3e00000,0x00000000c4727d18,0x00000000c6780000)
 Metaspace       used 19319K, capacity 20112K, committed 20224K, reserved 1067008K
  class space    used 2339K, capacity 2525K, committed 2560K, reserved 1048576K
Event: 3,045 GC heap after
Heap after GC invocations=6 (full 0):
 PSYoungGen      total 134656K, used 4519K [0x00000000ebf80000, 0x00000000f4b80000, 0x0000000100000000)
  eden space 126976K, 0% used [0x00000000ebf80000,0x00000000ebf80000,0x00000000f3b80000)
  from space 7680K, 58% used [0x00000000f4400000,0x00000000f4869f50,0x00000000f4b80000)
  to   space 8192K, 0% used [0x00000000f3b80000,0x00000000f3b80000,0x00000000f4380000)
 ParOldGen       total 42496K, used 9383K [0x00000000c3e00000, 0x00000000c6780000, 0x00000000ebf80000)
  object space 42496K, 22% used [0x00000000c3e00000,0x00000000c4729d18,0x00000000c6780000)
 Metaspace       used 19319K, capacity 20112K, committed 20224K, reserved 1067008K
  class space    used 2339K, capacity 2525K, committed 2560K, reserved 1048576K
}
Event: 3,367 GC heap before
{Heap before GC invocations=7 (full 0):
 PSYoungGen      total 134656K, used 131495K [0x00000000ebf80000, 0x00000000f4b80000, 0x0000000100000000)
  eden space 126976K, 100% used [0x00000000ebf80000,0x00000000f3b80000,0x00000000f3b80000)
  from space 7680K, 58% used [0x00000000f4400000,0x00000000f4869f50,0x00000000f4b80000)
  to   space 8192K, 0% used [0x00000000f3b80000,0x00000000f3b80000,0x00000000f4380000)
 ParOldGen       total 42496K, used 9383K [0x00000000c3e00000, 0x00000000c6780000, 0x00000000ebf80000)
  object space 42496K, 22% used [0x00000000c3e00000,0x00000000c4729d18,0x00000000c6780000)
 Metaspace       used 19910K, capacity 20744K, committed 20864K, reserved 1067008K
  class space    used 2390K, capacity 2571K, committed 2688K, reserved 1048576K

Deoptimization events (10 events):
Event: 1,073 Thread 0x00007f7a2400e000 Uncommon trap: reason=range_check action=make_not_entrant pc=0x00007f7a15290180 method=sun.reflect.generics.parser.SignatureParser.current()C @ 34
Event: 1,177 Thread 0x00007f79d0002800 Uncommon trap: reason=unstable_if action=reinterpret pc=0x00007f7a152a2f5c method=java.io.UnixFileSystem.normalize(Ljava/lang/String;)Ljava/lang/String; @ 60
Event: 1,177 Thread 0x00007f79d0002800 Uncommon trap: reason=class_check action=maybe_recompile pc=0x00007f7a1519e914 method=sun.misc.URLClassPath.getLoader(I)Lsun/misc/URLClassPath$Loader; @ 94
Event: 1,232 Thread 0x00007f79d0002800 Uncommon trap: reason=unstable_if action=reinterpret pc=0x00007f7a1518d2d8 method=java.lang.String.indexOf([CII[CIII)I @ 3
Event: 1,766 Thread 0x00007f79d4028800 Uncommon trap: reason=unstable_if action=reinterpret pc=0x00007f7a153806e4 method=jdk.internal.org.objectweb.asm.Type.getArgumentsAndReturnSizes(Ljava/lang/String;)I @ 47
Event: 1,767 Thread 0x00007f79d4028800 Uncommon trap: reason=unstable_if action=reinterpret pc=0x00007f7a153e7f9c method=java.util.concurrent.ConcurrentHashMap.putVal(Ljava/lang/Object;Ljava/lang/Object;Z)Ljava/lang/Object; @ 113
Event: 1,873 Thread 0x00007f79d0002800 Uncommon trap: reason=unstable_if action=reinterpret pc=0x00007f7a15297554 method=java.util.HashMap.hash(Ljava/lang/Object;)I @ 1
Event: 1,901 Thread 0x00007f79d0002800 Uncommon trap: reason=unstable_if action=reinterpret pc=0x00007f7a15278e24 method=java.util.HashMap.getNode(ILjava/lang/Object;)Ljava/util/HashMap$Node; @ 129
Event: 1,901 Thread 0x00007f79d0002800 Uncommon trap: reason=unstable_if action=reinterpret pc=0x00007f7a153f5fe8 method=java.util.HashMap.putVal(ILjava/lang/Object;Ljava/lang/Object;ZZ)Ljava/lang/Object; @ 181
Event: 1,916 Thread 0x00007f79d0002800 Uncommon trap: reason=unstable_if action=reinterpret pc=0x00007f7a153de420 method=java.util.HashMap.putVal(ILjava/lang/Object;Ljava/lang/Object;ZZ)Ljava/lang/Object; @ 181

Classes redefined (0 events):
No events

Internal exceptions (10 events):
Event: 2,092 Thread 0x00007f79d0002800 Exception <a 'java/lang/ClassNotFoundException': org/springframework/core/OrderedCustomizer> (0x00000000eec666a8) thrown at [/build/openjdk-8-uwNjBd/openjdk-8-8u252-b09/src/hotspot/src/share/vm/classfile/systemDictionary.cpp, line 210]
Event: 2,094 Thread 0x00007f79d0002800 Exception <a 'java/lang/ClassNotFoundException': org/springframework/context/ResourceLoaderAwareCustomizer> (0x00000000eec7c978) thrown at [/build/openjdk-8-uwNjBd/openjdk-8-8u252-b09/src/hotspot/src/share/vm/classfile/systemDictionary.cpp, line 210]
Event: 2,095 Thread 0x00007f79d0002800 Exception <a 'java/lang/ClassNotFoundException': org/springframework/beans/factory/AwareCustomizer> (0x00000000eec91100) thrown at [/build/openjdk-8-uwNjBd/openjdk-8-8u252-b09/src/hotspot/src/share/vm/classfile/systemDictionary.cpp, line 210]
Event: 2,095 Thread 0x00007f79d0002800 Exception <a 'java/lang/ClassNotFoundException': org/springframework/beans/factory/BeanClassLoaderAwareCustomizer> (0x00000000eeca84e0) thrown at [/build/openjdk-8-uwNjBd/openjdk-8-8u252-b09/src/hotspot/src/share/vm/classfile/systemDictionary.cpp, line 21
Event: 2,097 Thread 0x00007f79d0002800 Exception <a 'java/lang/ClassNotFoundException': org/springframework/beans/factory/AwareCustomizer> (0x00000000eecbccf8) thrown at [/build/openjdk-8-uwNjBd/openjdk-8-8u252-b09/src/hotspot/src/share/vm/classfile/systemDictionary.cpp, line 210]
Event: 2,098 Thread 0x00007f79d0002800 Exception <a 'java/lang/ClassNotFoundException': org/springframework/context/EnvironmentAwareCustomizer> (0x00000000eecd16f8) thrown at [/build/openjdk-8-uwNjBd/openjdk-8-8u252-b09/src/hotspot/src/share/vm/classfile/systemDictionary.cpp, line 210]
Event: 2,099 Thread 0x00007f79d0002800 Exception <a 'java/lang/ClassNotFoundException': org/springframework/beans/factory/AwareCustomizer> (0x00000000eece5e08) thrown at [/build/openjdk-8-uwNjBd/openjdk-8-8u252-b09/src/hotspot/src/share/vm/classfile/systemDictionary.cpp, line 210]
Event: 2,314 Thread 0x00007f79d0002800 Exception <a 'java/lang/NoSuchMethodError': java.lang.Object.lambda$or$2(Ljava/util/function/Predicate;Ljava/lang/Object;)Z> (0x00000000ef1a8b28) thrown at [/build/openjdk-8-uwNjBd/openjdk-8-8u252-b09/src/hotspot/src/share/vm/interpreter/linkResolver.cpp,
Event: 2,595 Thread 0x00007f79d0002800 Exception <a 'java/lang/IncompatibleClassChangeError': Found class java.lang.Object, but interface was expected> (0x00000000ee1b23d0) thrown at [/build/openjdk-8-uwNjBd/openjdk-8-8u252-b09/src/hotspot/src/share/vm/interpreter/linkResolver.cpp, line 653]
Event: 2,676 Thread 0x00007f79d0002800 Exception <a 'java/lang/NoSuchMethodError': java.lang.Object.lambda$getAllAnnotationAttributes$0(Lorg/springframework/util/MultiValueMap;)Lorg/springframework/util/MultiValueMap;> (0x00000000ee4d08c8) thrown at [/build/openjdk-8-uwNjBd/openjdk-8-8u252-b09

Events (10 events):
Event: 3,362 Thread 0x00007f79d43f3000 Thread exited: 0x00007f79d43f3000
Event: 3,365 Thread 0x00007f79d43f3000 Thread added: 0x00007f79d43f3000
Event: 3,365 Thread 0x00007f79d43f3000 Thread exited: 0x00007f79d43f3000
Event: 3,365 Thread 0x00007f79d43f3000 Thread added: 0x00007f79d43f3000
Event: 3,365 Thread 0x00007f79d43f3000 Thread exited: 0x00007f79d43f3000
Event: 3,366 Thread 0x00007f79d43f3000 Thread added: 0x00007f79d43f3000
Event: 3,366 Thread 0x00007f79d43f3000 Thread exited: 0x00007f79d43f3000
Event: 3,367 Thread 0x00007f79d43f3000 Thread added: 0x00007f79d43f3000
Event: 3,367 Thread 0x00007f79d43f3000 Thread exited: 0x00007f79d43f3000
Event: 3,367 Executing VM operation: ParallelGCFailedAllocation


Dynamic libraries:
c3e00000-c6780000 rw-p 00000000 00:00 0 
c6780000-ebf80000 ---p 00000000 00:00 0 
ebf80000-f4b80000 rw-p 00000000 00:00 0 
fc680000-100000000 ---p 00000000 00:00 0 
100000000-1002a0000 rw-p 00000000 00:00 0 
1002a0000-140000000 ---p 00000000 00:00 0 
55d0bdd62000-55d0bdd63000 r-xp 00000000 08:01 13240252                   /usr/lib/jvm/java-8-openjdk-amd64/jre/bin/java
55d0bdf62000-55d0bdf63000 r--p 00000000 08:01 13240252                   /usr/lib/jvm/java-8-openjdk-amd64/jre/bin/java
55d0bdf63000-55d0bdf64000 rw-p 00001000 08:01 13240252                   /usr/lib/jvm/java-8-openjdk-amd64/jre/bin/java
55d0be581000-55d0be5a2000 rw-p 00000000 00:00 0                          [heap]
7f79c8000000-7f79c81f0000 rw-p 00000000 00:00 0 
7f79c81f0000-7f79cc000000 ---p 00000000 00:00 0 
7f79d0000000-7f79d0021000 rw-p 00000000 00:00 0 
7f79d0021000-7f79d4000000 ---p 00000000 00:00 0 
7f79d4000000-7f79d43f7000 rw-p 00000000 00:00 0 
7f79d43f7000-7f79d8000000 ---p 00000000 00:00 0 
7f79d8000000-7f79d8021000 rw-p 00000000 00:00 0 
7f79d8021000-7f79dc000000 ---p 00000000 00:00 0 
7f79dc000000-7f79dc021000 rw-p 00000000 00:00 0 
7f79dc021000-7f79e0000000 ---p 00000000 00:00 0 
7f79e0000000-7f79e05b5000 rw-p 00000000 00:00 0 
7f79e05b5000-7f79e4000000 ---p 00000000 00:00 0 
7f79e4000000-7f79e460d000 rw-p 00000000 00:00 0 
7f79e460d000-7f79e8000000 ---p 00000000 00:00 0 
7f79e8000000-7f79e8021000 rw-p 00000000 00:00 0 
7f79e8021000-7f79ec000000 ---p 00000000 00:00 0 
7f79ec000000-7f79ec391000 rw-p 00000000 00:00 0 
7f79ec391000-7f79f0000000 ---p 00000000 00:00 0 
7f79f0000000-7f79f0021000 rw-p 00000000 00:00 0 
7f79f0021000-7f79f4000000 ---p 00000000 00:00 0 
7f79f4000000-7f79f4021000 rw-p 00000000 00:00 0 
7f79f4021000-7f79f8000000 ---p 00000000 00:00 0 
7f79f8000000-7f79f8021000 rw-p 00000000 00:00 0 
7f79f8021000-7f79fc000000 ---p 00000000 00:00 0 
7f79fc000000-7f79fc021000 rw-p 00000000 00:00 0 
7f79fc021000-7f7a00000000 ---p 00000000 00:00 0 
7f7a00000000-7f7a00021000 rw-p 00000000 00:00 0 
7f7a00021000-7f7a04000000 ---p 00000000 00:00 0 
7f7a08000000-7f7a08021000 rw-p 00000000 00:00 0 
7f7a08021000-7f7a0c000000 ---p 00000000 00:00 0 
7f7a0c2cd000-7f7a0c2d0000 ---p 00000000 00:00 0 
7f7a0c2d0000-7f7a0c58e000 rw-p 00000000 00:00 0 
7f7a0c58e000-7f7a0c5ce000 ---p 00000000 00:00 0 
7f7a0c5ce000-7f7a0c7ce000 rw-p 00000000 00:00 0 
7f7a0c7ce000-7f7a0c9ce000 rw-p 00000000 00:00 0 
7f7a0c9ce000-7f7a0c9d7000 r-xp 00000000 08:01 13121679                   /usr/lib/jvm/java-8-openjdk-amd64/jre/lib/amd64/libmanagement.so
7f7a0c9d7000-7f7a0cbd6000 ---p 00009000 08:01 13121679                   /usr/lib/jvm/java-8-openjdk-amd64/jre/lib/amd64/libmanagement.so
7f7a0cbd6000-7f7a0cbd7000 r--p 00008000 08:01 13121679                   /usr/lib/jvm/java-8-openjdk-amd64/jre/lib/amd64/libmanagement.so
7f7a0cbd7000-7f7a0cbd8000 rw-p 00009000 08:01 13121679                   /usr/lib/jvm/java-8-openjdk-amd64/jre/lib/amd64/libmanagement.so
7f7a0cbd8000-7f7a0cdd8000 rw-p 00000000 00:00 0 
7f7a0cdd8000-7f7a0cfd8000 rw-p 00000000 00:00 0 
7f7a0cfd8000-7f7a0cfdb000 ---p 00000000 00:00 0 
7f7a0cfdb000-7f7a0d0d9000 rw-p 00000000 00:00 0 
7f7a0d0d9000-7f7a0d0dc000 ---p 00000000 00:00 0 
7f7a0d0dc000-7f7a0d1da000 rw-p 00000000 00:00 0 
7f7a0d1da000-7f7a0d1dd000 ---p 00000000 00:00 0 
7f7a0d1dd000-7f7a0d2db000 rw-p 00000000 00:00 0 
7f7a0d2db000-7f7a0d2e2000 r--s 00000000 08:01 13372076                   /usr/lib/x86_64-linux-gnu/gconv/gconv-modules.cache
7f7a0d2e2000-7f7a0d303000 r--p 00000000 08:01 14946806                   /usr/share/locale-langpack/pt_BR/LC_MESSAGES/libc.mo
7f7a0d303000-7f7a0d31f000 r--s 00145000 08:01 27401704                   /home/thayanna/.m2/repository/org/springframework/spring-core/5.2.7.RELEASE/spring-core-5.2.7.RELEASE.jar
7f7a0d31f000-7f7a0d323000 r--s 00019000 08:01 27401680                   /home/thayanna/.m2/repository/jakarta/xml/bind/jakarta.xml.bind-api/2.3.3/jakarta.xml.bind-api-2.3.3.jar
7f7a0d323000-7f7a0d33d000 r--s 0022d000 08:01 27401672                   /home/thayanna/.m2/repository/mysql/mysql-connector-java/8.0.20/mysql-connector-java-8.0.20.jar
7f7a0d33d000-7f7a0d367000 r--s 0013d000 08:01 27401670                   /home/thayanna/.m2/repository/org/springframework/boot/spring-boot-autoconfigure/2.3.1.RELEASE/spring-boot-autoconfigure-2.3.1.RELEASE.jar
7f7a0d367000-7f7a0d380000 r--s 000f9000 08:01 27401668                   /home/thayanna/.m2/repository/org/springframework/boot/spring-boot/2.3.1.RELEASE/spring-boot-2.3.1.RELEASE.jar
7f7a0d380000-7f7a0d386000 r--s 00031000 08:01 27401666                   /home/thayanna/.m2/repository/org/springframework/boot/spring-boot-devtools/2.3.1.RELEASE/spring-boot-devtools-2.3.1.RELEASE.jar
7f7a0d386000-7f7a0d38b000 r--s 00040000 08:01 27401664                   /home/thayanna/.m2/repository/org/springframework/spring-expression/5.2.7.RELEASE/spring-expression-5.2.7.RELEASE.jar
7f7a0d38b000-7f7a0d39d000 r--s 000d8000 08:01 27401662                   /home/thayanna/.m2/repository/org/springframework/spring-webmvc/5.2.7.RELEASE/spring-webmvc-5.2.7.RELEASE.jar
7f7a0d39d000-7f7a0d3b9000 r--s 00144000 08:01 27401660                   /home/thayanna/.m2/repository/org/springframework/spring-web/5.2.7.RELEASE/spring-web-5.2.7.RELEASE.jar
7f7a0d3b9000-7f7a0d3bf000 r--s 0003c000 08:01 27401658                   /home/thayanna/.m2/repository/org/apache/tomcat/embed/tomcat-embed-websocket/9.0.36/tomcat-embed-websocket-9.0.36.jar
7f7a0d3bf000-7f7a0d3c4000 r--s 00036000 08:01 27401656                   /home/thayanna/.m2/repository/org/glassfish/jakarta.el/3.0.3/jakarta.el-3.0.3.jar
7f7a0d3c4000-7f7a0d3ef000 r--s 0030d000 08:01 27401654                   /home/thayanna/.m2/repository/org/apache/tomcat/embed/tomcat-embed-core/9.0.36/tomcat-embed-core-9.0.36.jar
7f7a0d3ef000-7f7a0d405000 r--s 00145000 08:01 27401640                   /home/thayanna/.m2/repository/com/fasterxml/jackson/core/jackson-databind/2.11.0/jackson-databind-2.11.0.jar
7f7a0d405000-7f7a0d41c000 r-xp 00000000 08:01 13121681                   /usr/lib/jvm/java-8-openjdk-amd64/jre/lib/amd64/libnet.so
7f7a0d41c000-7f7a0d61c000 ---p 00017000 08:01 13121681                   /usr/lib/jvm/java-8-openjdk-amd64/jre/lib/amd64/libnet.so
7f7a0d61c000-7f7a0d61d000 r--p 00017000 08:01 13121681                   /usr/lib/jvm/java-8-openjdk-amd64/jre/lib/amd64/libnet.so
7f7a0d61d000-7f7a0d61e000 rw-p 00018000 08:01 13121681                   /usr/lib/jvm/java-8-openjdk-amd64/jre/lib/amd64/libnet.so
7f7a0d61e000-7f7a0d630000 r-xp 00000000 08:01 13121677                   /usr/lib/jvm/java-8-openjdk-amd64/jre/lib/amd64/libnio.so
7f7a0d630000-7f7a0d82f000 ---p 00012000 08:01 13121677                   /usr/lib/jvm/java-8-openjdk-amd64/jre/lib/amd64/libnio.so
7f7a0d82f000-7f7a0d830000 r--p 00011000 08:01 13121677                   /usr/lib/jvm/java-8-openjdk-amd64/jre/lib/amd64/libnio.so
7f7a0d830000-7f7a0d831000 rw-p 00012000 08:01 13121677                   /usr/lib/jvm/java-8-openjdk-amd64/jre/lib/amd64/libnio.so
7f7a0d831000-7f7a0e1f0000 r--p 00000000 08:01 13114307                   /usr/lib/locale/locale-archive
7f7a0e1f0000-7f7a10000000 rw-p 00000000 00:00 0 
7f7a10000000-7f7a10021000 rw-p 00000000 00:00 0 
7f7a10021000-7f7a14000000 ---p 00000000 00:00 0 
7f7a14000000-7f7a14001000 r--s 00005000 08:01 27401706                   /home/thayanna/.m2/repository/org/springframework/spring-jcl/5.2.7.RELEASE/spring-jcl-5.2.7.RELEASE.jar
7f7a14001000-7f7a14003000 r--s 0000a000 08:01 27401682                   /home/thayanna/.m2/repository/jakarta/activation/jakarta.activation-api/1.2.2/jakarta.activation-api-1.2.2.jar
7f7a14003000-7f7a14004000 r--s 00001000 08:01 27401652                   /home/thayanna/.m2/repository/org/springframework/boot/spring-boot-starter-tomcat/2.3.1.RELEASE/spring-boot-starter-tomcat-2.3.1.RELEASE.jar
7f7a14004000-7f7a14006000 r--s 00001000 08:01 27401650                   /home/thayanna/.m2/repository/com/fasterxml/jackson/module/jackson-module-parameter-names/2.11.0/jackson-module-parameter-names-2.11.0.jar
7f7a14006000-7f7a1400a000 r--s 00018000 08:01 27401648                   /home/thayanna/.m2/repository/com/fasterxml/jackson/datatype/jackson-datatype-jsr310/2.11.0/jackson-datatype-jsr310-2.11.0.jar
7f7a1400a000-7f7a1400c000 r--s 00007000 08:01 27401646                   /home/thayanna/.m2/repository/com/fasterxml/jackson/datatype/jackson-datatype-jdk8/2.11.0/jackson-datatype-jdk8-2.11.0.jar
7f7a1400c000-7f7a14010000 r--s 00052000 08:01 27401644                   /home/thayanna/.m2/repository/com/fasterxml/jackson/core/jackson-core/2.11.0/jackson-core-2.11.0.jar
7f7a14010000-7f7a14013000 r--s 0000e000 08:01 27401642                   /home/thayanna/.m2/repository/com/fasterxml/jackson/core/jackson-annotations/2.11.0/jackson-annotations-2.11.0.jar
7f7a14013000-7f7a14014000 r--s 00001000 08:01 27401638                   /home/thayanna/.m2/repository/org/springframework/boot/spring-boot-starter-json/2.3.1.RELEASE/spring-boot-starter-json-2.3.1.RELEASE.jar
7f7a14014000-7f7a1401b000 r--s 00045000 08:01 27401636                   /home/thayanna/.m2/repository/org/yaml/snakeyaml/1.26/snakeyaml-1.26.jar
7f7a1401b000-7f7a1401d000 r--s 00005000 08:01 26871726                   /home/thayanna/.m2/repository/jakarta/annotation/jakarta.annotation-api/1.3.5/jakarta.annotation-api-1.3.5.jar
7f7a1401d000-7f7a1401f000 r--s 00000000 08:01 26871724                   /home/thayanna/.m2/repository/org/slf4j/jul-to-slf4j/1.7.30/jul-to-slf4j-1.7.30.jar
7f7a1401f000-7f7a14025000 r--s 00042000 08:01 27401634                   /home/thayanna/.m2/repository/org/apache/logging/log4j/log4j-api/2.13.3/log4j-api-2.13.3.jar
7f7a14025000-7f7a14027000 r--s 00003000 08:01 27401632                   /home/thayanna/.m2/repository/org/apache/logging/log4j/log4j-to-slf4j/2.13.3/log4j-to-slf4j-2.13.3.jar
7f7a14027000-7f7a14032000 r--s 00069000 08:01 26870454                   /home/thayanna/.m2/repository/ch/qos/logback/logback-core/1.2.3/logback-core-1.2.3.jar
7f7a14032000-7f7a14038000 r--s 00041000 08:01 26870452                   /home/thayanna/.m2/repository/ch/qos/logback/logback-classic/1.2.3/logback-classic-1.2.3.jar
7f7a14038000-7f7a14039000 r--s 00001000 08:01 27401630                   /home/thayanna/.m2/repository/org/springframework/boot/spring-boot-starter-logging/2.3.1.RELEASE/spring-boot-starter-logging-2.3.1.RELEASE.jar
7f7a14039000-7f7a1403a000 r--s 00001000 08:01 27401628                   /home/thayanna/.m2/repository/org/springframework/boot/spring-boot-starter/2.3.1.RELEASE/spring-boot-starter-2.3.1.RELEASE.jar
7f7a1403a000-7f7a1403c000 r--s 0000a000 08:01 27401624                   /home/thayanna/.m2/repository/org/springframework/spring-aspects/5.2.7.RELEASE/spring-aspects-5.2.7.RELEASE.jar
7f7a1403c000-7f7a1403e000 r--s 00009000 08:01 26871710                   /home/thayanna/.m2/repository/org/slf4j/slf4j-api/1.7.30/slf4j-api-1.7.30.jar
7f7a1403e000-7f7a1404b000 r--s 0009c000 08:01 27401622                   /home/thayanna/.m2/repository/org/springframework/spring-beans/5.2.7.RELEASE/spring-beans-5.2.7.RELEASE.jar
7f7a1404b000-7f7a14054000 r--s 00044000 08:01 27401620                   /home/thayanna/.m2/repository/org/springframework/spring-tx/5.2.7.RELEASE/spring-tx-5.2.7.RELEASE.jar
7f7a14054000-7f7a1406f000 r--s 00111000 08:01 27401618                   /home/thayanna/.m2/repository/org/springframework/spring-context/5.2.7.RELEASE/spring-context-5.2.7.RELEASE.jar
7f7a1406f000-7f7a14074000 r--s 0002d000 08:01 27401616                   /home/thayanna/.m2/repository/org/springframework/spring-orm/5.2.7.RELEASE/spring-orm-5.2.7.RELEASE.jar
7f7a14074000-7f7a1408c000 r--s 00111000 08:01 27401614                   /home/thayanna/.m2/repository/org/springframework/data/spring-data-commons/2.3.1.RELEASE/spring-data-commons-2.3.1.RELEASE.jar
7f7a1408c000-7f7a14094000 r--s 00052000 08:01 27401612                   /home/thayanna/.m2/repository/org/springframework/data/spring-data-jpa/2.3.1.RELEASE/spring-data-jpa-2.3.1.RELEASE.jar
7f7a14094000-7f7a14096000 r--s 0000f000 08:01 27401610                   /home/thayanna/.m2/repository/com/sun/activation/jakarta.activation/1.2.2/jakarta.activation-1.2.2.jar
7f7a14096000-7f7a14098000 r--s 00006000 08:01 27401608                   /home/thayanna/.m2/repository/com/sun/istack/istack-commons-runtime/3.0.11/istack-commons-runtime-3.0.11.jar
7f7a14098000-7f7a1409a000 r--s 00010000 08:01 27401606                   /home/thayanna/.m2/repository/org/glassfish/jaxb/txw2/2.3.3/txw2-2.3.3.jar
7f7a1409a000-7f7a140af000 r--s 000e8000 08:01 27401604                   /home/thayanna/.m2/repository/org/glassfish/jaxb/jaxb-runtime/2.3.3/jaxb-runtime-2.3.3.jar
7f7a140af000-7f7a140b2000 r--s 00010000 08:01 26871686                   /home/thayanna/.m2/repository/org/hibernate/common/hibernate-commons-annotations/5.1.0.Final/hibernate-commons-annotations-5.1.0.Final.jar
7f7a140b2000-7f7a140b7000 r--s 0004b000 08:01 27401602                   /home/thayanna/.m2/repository/org/dom4j/dom4j/2.1.3/dom4j-2.1.3.jar
7f7a140b7000-7f7a140b9000 r--s 0000f000 08:01 26871684                   /home/thayanna/.m2/repository/com/fasterxml/classmate/1.5.1/classmate-1.5.1.jar
7f7a140b9000-7f7a140bc000 r--s 0002d000 08:01 27401600                   /home/thayanna/.m2/repository/org/jboss/jandex/2.1.3.Final/jandex-2.1.3.Final.jar
7f7a140bc000-7f7a140c1000 r--s 00068000 08:01 26870500                   /home/thayanna/.m2/repository/antlr/antlr/2.7.7/antlr-2.7.7.jar
7f7a140c1000-7f7a1410c000 r--s 00307000 08:01 27401598                   /home/thayanna/.m2/repository/net/bytebuddy/byte-buddy/1.10.11/byte-buddy-1.10.11.jar
7f7a1410c000-7f7a14116000 r--s 000b4000 08:01 26871678                   /home/thayanna/.m2/repository/org/javassist/javassist/3.24.0-GA/javassist-3.24.0-GA.jar
7f7a14116000-7f7a14118000 r--s 0000d000 08:01 26871676                   /home/thayanna/.m2/repository/org/jboss/logging/jboss-logging/3.4.1.Final/jboss-logging-3.4.1.Final.jar
7f7a14118000-7f7a1419e000 r--s 00670000 08:01 27401596                   /home/thayanna/.m2/repository/org/hibernate/hibernate-core/5.4.17.Final/hibernate-core-5.4.17.Final.jar
7f7a1419e000-7f7a141a8000 r--s 0005a000 08:01 27401594                   /home/thayanna/.m2/repository/org/springframework/spring-jdbc/5.2.7.RELEASE/spring-jdbc-5.2.7.RELEASE.jar
7f7a141a8000-7f7a141c1000 r--s 001da000 08:01 26871660                   /home/thayanna/.m2/repository/org/aspectj/aspectjweaver/1.9.5/aspectjweaver-1.9.5.jar
7f7a141c1000-7f7a141f2000 rw-p 00000000 00:00 0 
7f7a141f2000-7f7a141f3000 ---p 00000000 00:00 0 
7f7a141f3000-7f7a142f3000 rw-p 00000000 00:00 0 
7f7a142f3000-7f7a142f6000 ---p 00000000 00:00 0 
7f7a142f6000-7f7a143f4000 rw-p 00000000 00:00 0 
7f7a143f4000-7f7a143f7000 ---p 00000000 00:00 0 
7f7a143f7000-7f7a144f5000 rw-p 00000000 00:00 0 
7f7a144f5000-7f7a144f8000 ---p 00000000 00:00 0 
7f7a144f8000-7f7a145f6000 rw-p 00000000 00:00 0 
7f7a145f6000-7f7a145f9000 ---p 00000000 00:00 0 
7f7a145f9000-7f7a146f7000 rw-p 00000000 00:00 0 
7f7a146f7000-7f7a146fa000 ---p 00000000 00:00 0 
7f7a146fa000-7f7a147f8000 rw-p 00000000 00:00 0 
7f7a147f8000-7f7a147fb000 ---p 00000000 00:00 0 
7f7a147fb000-7f7a148f9000 rw-p 00000000 00:00 0 
7f7a148f9000-7f7a148fc000 ---p 00000000 00:00 0 
7f7a148fc000-7f7a149fa000 rw-p 00000000 00:00 0 
7f7a149fa000-7f7a149fb000 ---p 00000000 00:00 0 
7f7a149fb000-7f7a15000000 rw-p 00000000 00:00 0 
7f7a15000000-7f7a15650000 rwxp 00000000 00:00 0 
7f7a15650000-7f7a24000000 ---p 00000000 00:00 0 
7f7a24000000-7f7a24652000 rw-p 00000000 00:00 0 
7f7a24652000-7f7a28000000 ---p 00000000 00:00 0 
7f7a28000000-7f7a28001000 r--s 00001000 08:01 27401626                   /home/thayanna/.m2/repository/org/springframework/boot/spring-boot-starter-web/2.3.1.RELEASE/spring-boot-starter-web-2.3.1.RELEASE.jar
7f7a28001000-7f7a28007000 r--s 00023000 08:01 26871670                   /home/thayanna/.m2/repository/jakarta/persistence/jakarta.persistence-api/2.2.3/jakarta.persistence-api-2.2.3.jar
7f7a28007000-7f7a28008000 r--s 00003000 08:01 26871672                   /home/thayanna/.m2/repository/jakarta/transaction/jakarta.transaction-api/1.3.3/jakarta.transaction-api-1.3.3.jar
7f7a28008000-7f7a2800c000 r--s 00023000 08:01 27401592                   /home/thayanna/.m2/repository/com/zaxxer/HikariCP/3.4.5/HikariCP-3.4.5.jar
7f7a2800c000-7f7a2800d000 r--s 00001000 08:01 27401590                   /home/thayanna/.m2/repository/org/springframework/boot/spring-boot-starter-jdbc/2.3.1.RELEASE/spring-boot-starter-jdbc-2.3.1.RELEASE.jar
7f7a2800d000-7f7a28016000 r--s 00052000 08:01 27401588                   /home/thayanna/.m2/repository/org/springframework/spring-aop/5.2.7.RELEASE/spring-aop-5.2.7.RELEASE.jar
7f7a28016000-7f7a28017000 r--s 00001000 08:01 27401586                   /home/thayanna/.m2/repository/org/springframework/boot/spring-boot-starter-aop/2.3.1.RELEASE/spring-boot-starter-aop-2.3.1.RELEASE.jar
7f7a28017000-7f7a28018000 r--s 00001000 08:01 27401584                   /home/thayanna/.m2/repository/org/springframework/boot/spring-boot-starter-data-jpa/2.3.1.RELEASE/spring-boot-starter-data-jpa-2.3.1.RELEASE.jar
7f7a28018000-7f7a2801b000 r--s 0000f000 08:01 13240242                   /usr/lib/jvm/java-8-openjdk-amd64/jre/lib/ext/icedtea-sound.jar
7f7a2801b000-7f7a2801c000 r--s 0000d000 08:01 13240237                   /usr/lib/jvm/java-8-openjdk-amd64/jre/lib/ext/sunec.jar
7f7a2801c000-7f7a2801d000 r--s 0000a000 08:01 13240240                   /usr/lib/jvm/java-8-openjdk-amd64/jre/lib/ext/jaccess.jar
7f7a2801d000-7f7a28038000 r--s 00394000 08:01 13240241                   /usr/lib/jvm/java-8-openjdk-amd64/jre/lib/ext/cldrdata.jar
7f7a28038000-7f7a28053000 r--s 001d6000 08:01 13240236                   /usr/lib/jvm/java-8-openjdk-amd64/jre/lib/ext/nashorn.jar
7f7a28053000-7f7a28b0e000 rw-p 00000000 00:00 0 
7f7a28b0e000-7f7a28ce0000 r--s 03ca5000 08:01 13121694                   /usr/lib/jvm/java-8-openjdk-amd64/jre/lib/rt.jar
7f7a28ce0000-7f7a29737000 rw-p 00000000 00:00 0 
7f7a29737000-7f7a29738000 ---p 00000000 00:00 0 
7f7a29738000-7f7a29838000 rw-p 00000000 00:00 0 
7f7a29838000-7f7a29839000 ---p 00000000 00:00 0 
7f7a29839000-7f7a29939000 rw-p 00000000 00:00 0 
7f7a29939000-7f7a2993a000 ---p 00000000 00:00 0 
7f7a2993a000-7f7a29a3a000 rw-p 00000000 00:00 0 
7f7a29a3a000-7f7a29a3b000 ---p 00000000 00:00 0 
7f7a29a3b000-7f7a29b50000 rw-p 00000000 00:00 0 
7f7a29b50000-7f7a29c7c000 ---p 00000000 00:00 0 
7f7a29c7c000-7f7a29c91000 rw-p 00000000 00:00 0 
7f7a29c91000-7f7a29dbc000 ---p 00000000 00:00 0 
7f7a29dbc000-7f7a29e03000 rw-p 00000000 00:00 0 
7f7a29e03000-7f7a29e5d000 ---p 00000000 00:00 0 
7f7a29e5d000-7f7a29e78000 rw-p 00000000 00:00 0 
7f7a29e78000-7f7a2a21e000 ---p 00000000 00:00 0 
7f7a2a21e000-7f7a2a226000 r-xp 00000000 08:01 13121670                   /usr/lib/jvm/java-8-openjdk-amd64/jre/lib/amd64/libzip.so
7f7a2a226000-7f7a2a425000 ---p 00008000 08:01 13121670                   /usr/lib/jvm/java-8-openjdk-amd64/jre/lib/amd64/libzip.so
7f7a2a425000-7f7a2a426000 r--p 00007000 08:01 13121670                   /usr/lib/jvm/java-8-openjdk-amd64/jre/lib/amd64/libzip.so
7f7a2a426000-7f7a2a427000 rw-p 00008000 08:01 13121670                   /usr/lib/jvm/java-8-openjdk-amd64/jre/lib/amd64/libzip.so
7f7a2a427000-7f7a2a432000 r-xp 00000000 08:01 24646322                   /lib/x86_64-linux-gnu/libnss_files-2.23.so
7f7a2a432000-7f7a2a631000 ---p 0000b000 08:01 24646322                   /lib/x86_64-linux-gnu/libnss_files-2.23.so
7f7a2a631000-7f7a2a632000 r--p 0000a000 08:01 24646322                   /lib/x86_64-linux-gnu/libnss_files-2.23.so
7f7a2a632000-7f7a2a633000 rw-p 0000b000 08:01 24646322                   /lib/x86_64-linux-gnu/libnss_files-2.23.so
7f7a2a633000-7f7a2a639000 rw-p 00000000 00:00 0 
7f7a2a639000-7f7a2a644000 r-xp 00000000 08:01 24646332                   /lib/x86_64-linux-gnu/libnss_nis-2.23.so
7f7a2a644000-7f7a2a843000 ---p 0000b000 08:01 24646332                   /lib/x86_64-linux-gnu/libnss_nis-2.23.so
7f7a2a843000-7f7a2a844000 r--p 0000a000 08:01 24646332                   /lib/x86_64-linux-gnu/libnss_nis-2.23.so
7f7a2a844000-7f7a2a845000 rw-p 0000b000 08:01 24646332                   /lib/x86_64-linux-gnu/libnss_nis-2.23.so
7f7a2a845000-7f7a2a85b000 r-xp 00000000 08:01 24646316                   /lib/x86_64-linux-gnu/libnsl-2.23.so
7f7a2a85b000-7f7a2aa5a000 ---p 00016000 08:01 24646316                   /lib/x86_64-linux-gnu/libnsl-2.23.so
7f7a2aa5a000-7f7a2aa5b000 r--p 00015000 08:01 24646316                   /lib/x86_64-linux-gnu/libnsl-2.23.so
7f7a2aa5b000-7f7a2aa5c000 rw-p 00016000 08:01 24646316                   /lib/x86_64-linux-gnu/libnsl-2.23.so
7f7a2aa5c000-7f7a2aa5e000 rw-p 00000000 00:00 0 
7f7a2aa5e000-7f7a2aa66000 r-xp 00000000 08:01 24646318                   /lib/x86_64-linux-gnu/libnss_compat-2.23.so
7f7a2aa66000-7f7a2ac65000 ---p 00008000 08:01 24646318                   /lib/x86_64-linux-gnu/libnss_compat-2.23.so
7f7a2ac65000-7f7a2ac66000 r--p 00007000 08:01 24646318                   /lib/x86_64-linux-gnu/libnss_compat-2.23.so
7f7a2ac66000-7f7a2ac67000 rw-p 00008000 08:01 24646318                   /lib/x86_64-linux-gnu/libnss_compat-2.23.so
7f7a2ac67000-7f7a2ac90000 r-xp 00000000 08:01 13121665                   /usr/lib/jvm/java-8-openjdk-amd64/jre/lib/amd64/libjava.so
7f7a2ac90000-7f7a2ae90000 ---p 00029000 08:01 13121665                   /usr/lib/jvm/java-8-openjdk-amd64/jre/lib/amd64/libjava.so
7f7a2ae90000-7f7a2ae91000 r--p 00029000 08:01 13121665                   /usr/lib/jvm/java-8-openjdk-amd64/jre/lib/amd64/libjava.so
7f7a2ae91000-7f7a2ae93000 rw-p 0002a000 08:01 13121665                   /usr/lib/jvm/java-8-openjdk-amd64/jre/lib/amd64/libjava.so
7f7a2ae93000-7f7a2aea2000 r-xp 00000000 08:01 13121684                   /usr/lib/jvm/java-8-openjdk-amd64/jre/lib/amd64/libverify.so
7f7a2aea2000-7f7a2b0a1000 ---p 0000f000 08:01 13121684                   /usr/lib/jvm/java-8-openjdk-amd64/jre/lib/amd64/libverify.so
7f7a2b0a1000-7f7a2b0a3000 r--p 0000e000 08:01 13121684                   /usr/lib/jvm/java-8-openjdk-amd64/jre/lib/amd64/libverify.so
7f7a2b0a3000-7f7a2b0a4000 rw-p 00010000 08:01 13121684                   /usr/lib/jvm/java-8-openjdk-amd64/jre/lib/amd64/libverify.so
7f7a2b0a4000-7f7a2b0ab000 r-xp 00000000 08:01 24646377                   /lib/x86_64-linux-gnu/librt-2.23.so
7f7a2b0ab000-7f7a2b2aa000 ---p 00007000 08:01 24646377                   /lib/x86_64-linux-gnu/librt-2.23.so
7f7a2b2aa000-7f7a2b2ab000 r--p 00006000 08:01 24646377                   /lib/x86_64-linux-gnu/librt-2.23.so
7f7a2b2ab000-7f7a2b2ac000 rw-p 00007000 08:01 24646377                   /lib/x86_64-linux-gnu/librt-2.23.so
7f7a2b2ac000-7f7a2b2c2000 r-xp 00000000 08:01 24646261                   /lib/x86_64-linux-gnu/libgcc_s.so.1
7f7a2b2c2000-7f7a2b4c1000 ---p 00016000 08:01 24646261                   /lib/x86_64-linux-gnu/libgcc_s.so.1
7f7a2b4c1000-7f7a2b4c2000 rw-p 00015000 08:01 24646261                   /lib/x86_64-linux-gnu/libgcc_s.so.1
7f7a2b4c2000-7f7a2b5ca000 r-xp 00000000 08:01 24646293                   /lib/x86_64-linux-gnu/libm-2.23.so
7f7a2b5ca000-7f7a2b7c9000 ---p 00108000 08:01 24646293                   /lib/x86_64-linux-gnu/libm-2.23.so
7f7a2b7c9000-7f7a2b7ca000 r--p 00107000 08:01 24646293                   /lib/x86_64-linux-gnu/libm-2.23.so
7f7a2b7ca000-7f7a2b7cb000 rw-p 00108000 08:01 24646293                   /lib/x86_64-linux-gnu/libm-2.23.so
7f7a2b7cb000-7f7a2b93d000 r-xp 00000000 08:01 13109418                   /usr/lib/x86_64-linux-gnu/libstdc++.so.6.0.21
7f7a2b93d000-7f7a2bb3d000 ---p 00172000 08:01 13109418                   /usr/lib/x86_64-linux-gnu/libstdc++.so.6.0.21
7f7a2bb3d000-7f7a2bb47000 r--p 00172000 08:01 13109418                   /usr/lib/x86_64-linux-gnu/libstdc++.so.6.0.21
7f7a2bb47000-7f7a2bb49000 rw-p 0017c000 08:01 13109418                   /usr/lib/x86_64-linux-gnu/libstdc++.so.6.0.21
7f7a2bb49000-7f7a2bb4d000 rw-p 00000000 00:00 0 
7f7a2bb4d000-7f7a2c7b5000 r-xp 00000000 08:01 13240218                   /usr/lib/jvm/java-8-openjdk-amd64/jre/lib/amd64/server/libjvm.so
7f7a2c7b5000-7f7a2c9b5000 ---p 00c68000 08:01 13240218                   /usr/lib/jvm/java-8-openjdk-amd64/jre/lib/amd64/server/libjvm.so
7f7a2c9b5000-7f7a2ca49000 r--p 00c68000 08:01 13240218                   /usr/lib/jvm/java-8-openjdk-amd64/jre/lib/amd64/server/libjvm.so
7f7a2ca49000-7f7a2ca72000 rw-p 00cfc000 08:01 13240218                   /usr/lib/jvm/java-8-openjdk-amd64/jre/lib/amd64/server/libjvm.so
7f7a2ca72000-7f7a2caa2000 rw-p 00000000 00:00 0 
7f7a2caa2000-7f7a2caba000 r-xp 00000000 08:01 24646369                   /lib/x86_64-linux-gnu/libpthread-2.23.so
7f7a2caba000-7f7a2ccb9000 ---p 00018000 08:01 24646369                   /lib/x86_64-linux-gnu/libpthread-2.23.so
7f7a2ccb9000-7f7a2ccba000 r--p 00017000 08:01 24646369                   /lib/x86_64-linux-gnu/libpthread-2.23.so
7f7a2ccba000-7f7a2ccbb000 rw-p 00018000 08:01 24646369                   /lib/x86_64-linux-gnu/libpthread-2.23.so
7f7a2ccbb000-7f7a2ccbf000 rw-p 00000000 00:00 0 
7f7a2ccbf000-7f7a2ccc2000 r-xp 00000000 08:01 24646247                   /lib/x86_64-linux-gnu/libdl-2.23.so
7f7a2ccc2000-7f7a2cec1000 ---p 00003000 08:01 24646247                   /lib/x86_64-linux-gnu/libdl-2.23.so
7f7a2cec1000-7f7a2cec2000 r--p 00002000 08:01 24646247                   /lib/x86_64-linux-gnu/libdl-2.23.so
7f7a2cec2000-7f7a2cec3000 rw-p 00003000 08:01 24646247                   /lib/x86_64-linux-gnu/libdl-2.23.so
7f7a2cec3000-7f7a2cedc000 r-xp 00000000 08:01 24641754                   /lib/x86_64-linux-gnu/libz.so.1.2.8
7f7a2cedc000-7f7a2d0db000 ---p 00019000 08:01 24641754                   /lib/x86_64-linux-gnu/libz.so.1.2.8
7f7a2d0db000-7f7a2d0dc000 r--p 00018000 08:01 24641754                   /lib/x86_64-linux-gnu/libz.so.1.2.8
7f7a2d0dc000-7f7a2d0dd000 rw-p 00019000 08:01 24641754                   /lib/x86_64-linux-gnu/libz.so.1.2.8
7f7a2d0dd000-7f7a2d29d000 r-xp 00000000 08:01 24646223                   /lib/x86_64-linux-gnu/libc-2.23.so
7f7a2d29d000-7f7a2d49d000 ---p 001c0000 08:01 24646223                   /lib/x86_64-linux-gnu/libc-2.23.so
7f7a2d49d000-7f7a2d4a1000 r--p 001c0000 08:01 24646223                   /lib/x86_64-linux-gnu/libc-2.23.so
7f7a2d4a1000-7f7a2d4a3000 rw-p 001c4000 08:01 24646223                   /lib/x86_64-linux-gnu/libc-2.23.so
7f7a2d4a3000-7f7a2d4a7000 rw-p 00000000 00:00 0 
7f7a2d4a7000-7f7a2d4b4000 r-xp 00000000 08:01 13121664                   /usr/lib/jvm/java-8-openjdk-amd64/jre/lib/amd64/jli/libjli.so
7f7a2d4b4000-7f7a2d6b4000 ---p 0000d000 08:01 13121664                   /usr/lib/jvm/java-8-openjdk-amd64/jre/lib/amd64/jli/libjli.so
7f7a2d6b4000-7f7a2d6b5000 r--p 0000d000 08:01 13121664                   /usr/lib/jvm/java-8-openjdk-amd64/jre/lib/amd64/jli/libjli.so
7f7a2d6b5000-7f7a2d6b6000 rw-p 0000e000 08:01 13121664                   /usr/lib/jvm/java-8-openjdk-amd64/jre/lib/amd64/jli/libjli.so
7f7a2d6b6000-7f7a2d6dc000 r-xp 00000000 08:01 24646195                   /lib/x86_64-linux-gnu/ld-2.23.so
7f7a2d6dc000-7f7a2d6de000 r--s 00001000 08:01 13240238                   /usr/lib/jvm/java-8-openjdk-amd64/jre/lib/ext/dnsns.jar
7f7a2d6de000-7f7a2d6e4000 r--s 0003d000 08:01 13240235                   /usr/lib/jvm/java-8-openjdk-amd64/jre/lib/ext/sunjce_provider.jar
7f7a2d6e4000-7f7a2d6e5000 r--s 00010000 08:01 13240243                   /usr/lib/jvm/java-8-openjdk-amd64/jre/lib/ext/zipfs.jar
7f7a2d6e5000-7f7a2d7bd000 rw-p 00000000 00:00 0 
7f7a2d7bd000-7f7a2d7c0000 ---p 00000000 00:00 0 
7f7a2d7c0000-7f7a2d8c2000 rw-p 00000000 00:00 0 
7f7a2d8c2000-7f7a2d8cc000 r--s 00116000 08:01 13240239                   /usr/lib/jvm/java-8-openjdk-amd64/jre/lib/ext/localedata.jar
7f7a2d8cc000-7f7a2d8d0000 r--s 0003a000 08:01 13240244                   /usr/lib/jvm/java-8-openjdk-amd64/jre/lib/ext/sunpkcs11.jar
7f7a2d8d0000-7f7a2d8d8000 rw-s 00000000 08:01 18613265                   /tmp/hsperfdata_thayanna/4793
7f7a2d8d8000-7f7a2d8d9000 rw-p 00000000 00:00 0 
7f7a2d8d9000-7f7a2d8da000 ---p 00000000 00:00 0 
7f7a2d8da000-7f7a2d8db000 rw-p 00000000 00:00 0 
7f7a2d8db000-7f7a2d8dc000 r--p 00025000 08:01 24646195                   /lib/x86_64-linux-gnu/ld-2.23.so
7f7a2d8dc000-7f7a2d8dd000 rw-p 00026000 08:01 24646195                   /lib/x86_64-linux-gnu/ld-2.23.so
7f7a2d8dd000-7f7a2d8de000 rw-p 00000000 00:00 0 
7ffd9c981000-7ffd9c9a4000 rw-p 00000000 00:00 0                          [stack]
7ffd9c9e3000-7ffd9c9e6000 r--p 00000000 00:00 0                          [vvar]
7ffd9c9e6000-7ffd9c9e8000 r-xp 00000000 00:00 0                          [vdso]
ffffffffff600000-ffffffffff601000 r-xp 00000000 00:00 0                  [vsyscall]

VM Arguments:
jvm_args: -Dfile.encoding=UTF-8 
java_command: com.api.api.ApiApplication
java_class_path (initial): /home/thayanna/eclipse-workspace/api/target/classes:/home/thayanna/.m2/repository/org/springframework/boot/spring-boot-starter-data-jpa/2.3.1.RELEASE/spring-boot-starter-data-jpa-2.3.1.RELEASE.jar:/home/thayanna/.m2/repository/org/springframework/boot/spring-boot-starter-aop/2.3.1.RELEASE/spring-boot-starter-aop-2.3.1.RELEASE.jar:/home/thayanna/.m2/repository/org/springframework/spring-aop/5.2.7.RELEASE/spring-aop-5.2.7.RELEASE.jar:/home/thayanna/.m2/repository/org/aspectj/aspectjweaver/1.9.5/aspectjweaver-1.9.5.jar:/home/thayanna/.m2/repository/org/springframework/boot/spring-boot-starter-jdbc/2.3.1.RELEASE/spring-boot-starter-jdbc-2.3.1.RELEASE.jar:/home/thayanna/.m2/repository/com/zaxxer/HikariCP/3.4.5/HikariCP-3.4.5.jar:/home/thayanna/.m2/repository/org/springframework/spring-jdbc/5.2.7.RELEASE/spring-jdbc-5.2.7.RELEASE.jar:/home/thayanna/.m2/repository/jakarta/transaction/jakarta.transaction-api/1.3.3/jakarta.transaction-api-1.3.3.jar:/home/thayanna/.m2/repository/jakarta/persistence/jakarta.persistence-api/2.2.3/jakarta.persistence-api-2.2.3.jar:/home/thayanna/.m2/repository/org/hibernate/hibernate-core/5.4.17.Final/hibernate-core-5.4.17.Final.jar:/home/thayanna/.m2/repository/org/jboss/logging/jboss-logging/3.4.1.Final/jboss-logging-3.4.1.Final.jar:/home/thayanna/.m2/repository/org/javassist/javassist/3.24.0-GA/javassist-3.24.0-GA.jar:/home/thayanna/.m2/repository/net/bytebuddy/byte-buddy/1.10.11/byte-buddy-1.10.11.jar:/home/thayanna/.m2/repository/antlr/antlr/2.7.7/antlr-2.7.7.jar:/home/thayanna/.m2/repository/org/jboss/jandex/2.1.3.Final/jandex-2.1.3.Final.jar:/home/thayanna/.m2/repository/com/fasterxml/classmate/1.5.1/classmate-1.5.1.jar:/home/thayanna/.m2/repository/org/dom4j/dom4j/2.1.3/dom4j-2.1.3.jar:/home/thayanna/.m2/repository/org/hibernate/common/hibernate-commons-annotations/5.1.0.Final/hibernate-commons-annotations-5.1.0.Final.jar:/home/thayanna/.m2/repository/org/glassfish/jaxb/jaxb-runtime/2.3.3/jaxb-runtime-2.3.3.j
Launcher Type: SUN_STANDARD

Environment Variables:
PATH=/home/thayanna/bin:/home/thayanna/.local/bin:/usr/local/sbin:/usr/local/bin:/usr/sbin:/usr/bin:/sbin:/bin:/usr/games:/usr/local/games:/snap/bin
SHELL=/bin/bash
DISPLAY=:0

Signal Handlers:
SIGSEGV: [libjvm.so+0xa7bb00], sa_mask[0]=11111111011111111101111111111110, sa_flags=SA_RESTART|SA_SIGINFO
SIGBUS: [libjvm.so+0xa7bb00], sa_mask[0]=11111111011111111101111111111110, sa_flags=SA_RESTART|SA_SIGINFO
SIGFPE: [libjvm.so+0x8c3d50], sa_mask[0]=11111111011111111101111111111110, sa_flags=SA_RESTART|SA_SIGINFO
SIGPIPE: [libjvm.so+0x8c3d50], sa_mask[0]=11111111011111111101111111111110, sa_flags=SA_RESTART|SA_SIGINFO
SIGXFSZ: [libjvm.so+0x8c3d50], sa_mask[0]=11111111011111111101111111111110, sa_flags=SA_RESTART|SA_SIGINFO
SIGILL: [libjvm.so+0x8c3d50], sa_mask[0]=11111111011111111101111111111110, sa_flags=SA_RESTART|SA_SIGINFO
SIGUSR1: SIG_DFL, sa_mask[0]=00000000000000000000000000000000, sa_flags=none
SIGUSR2: [libjvm.so+0x8c3c00], sa_mask[0]=00100000000000000000000000000000, sa_flags=SA_RESTART|SA_SIGINFO
SIGHUP: [libjvm.so+0x8c4290], sa_mask[0]=11111111011111111101111111111110, sa_flags=SA_RESTART|SA_SIGINFO
SIGINT: [libjvm.so+0x8c4290], sa_mask[0]=11111111011111111101111111111110, sa_flags=SA_RESTART|SA_SIGINFO
SIGTERM: [libjvm.so+0x8c4290], sa_mask[0]=11111111011111111101111111111110, sa_flags=SA_RESTART|SA_SIGINFO
SIGQUIT: [libjvm.so+0x8c4290], sa_mask[0]=11111111011111111101111111111110, sa_flags=SA_RESTART|SA_SIGINFO


---------------  S Y S T E M  ---------------

OS:DISTRIB_ID=Ubuntu
DISTRIB_RELEASE=16.04
DISTRIB_CODENAME=xenial
DISTRIB_DESCRIPTION="Ubuntu 16.04.6 LTS"

uname:Linux 4.15.0-106-generic #107~16.04.1-Ubuntu SMP Thu Jun 4 15:40:05 UTC 2020 x86_64
libc:glibc 2.23 NPTL 2.23 
rlimit: STACK 8192k, CORE 0k, NPROC 14858, NOFILE 1048576, AS infinity
load average:3,61 2,91 2,03

/proc/meminfo:
MemTotal:        3937056 kB
MemFree:          120492 kB
MemAvailable:      36900 kB
Buffers:            2120 kB
Cached:           568040 kB
SwapCached:            0 kB
Active:          3014116 kB
Inactive:         547512 kB
Active(anon):    2993304 kB
Inactive(anon):   534512 kB
Active(file):      20812 kB
Inactive(file):    13000 kB
Unevictable:         112 kB
Mlocked:             112 kB
SwapTotal:             0 kB
SwapFree:              0 kB
Dirty:               208 kB
Writeback:             0 kB
AnonPages:       2991976 kB
Mapped:           208764 kB
Shmem:            535996 kB
Slab:              95656 kB
SReclaimable:      41400 kB
SUnreclaim:        54256 kB
KernelStack:       15256 kB
PageTables:        64944 kB
NFS_Unstable:          0 kB
Bounce:                0 kB
WritebackTmp:          0 kB
CommitLimit:     1968528 kB
Committed_AS:   10719888 kB
VmallocTotal:   34359738367 kB
VmallocUsed:           0 kB
VmallocChunk:          0 kB
HardwareCorrupted:     0 kB
AnonHugePages:     30720 kB
ShmemHugePages:        0 kB
ShmemPmdMapped:        0 kB
CmaTotal:              0 kB
CmaFree:               0 kB
HugePages_Total:       0
HugePages_Free:        0
HugePages_Rsvd:        0
HugePages_Surp:        0
Hugepagesize:       2048 kB
DirectMap4k:      194616 kB
DirectMap2M:     3897344 kB
DirectMap1G:     1048576 kB

container (cgroup) information:
container_type: cgroupv1
cpu_cpuset_cpus: 0-3
cpu_memory_nodes: 0
active_processor_count: 4
cpu_quota: -1
cpu_period: 100000
cpu_shares: -1
memory_limit_in_bytes: -1
memory_and_swap_limit_in_bytes: -2
memory_soft_limit_in_bytes: -1
memory_usage_in_bytes: 3648024576
memory_max_usage_in_bytes: 49696768


CPU:total 4 (initial active 4) (2 cores per cpu, 2 threads per core) family 6 model 61 stepping 4, cmov, cx8, fxsr, mmx, sse, sse2, sse3, ssse3, sse4.1, sse4.2, popcnt, avx, avx2, aes, clmul, erms, 3dnowpref, lzcnt, ht, tsc, tscinvbit, bmi1, bmi2, adx

/proc/cpuinfo:
processor	: 0
vendor_id	: GenuineIntel
cpu family	: 6
model		: 61
model name	: Intel(R) Core(TM) i5-5200U CPU @ 2.20GHz
stepping	: 4
microcode	: 0x2f
cpu MHz		: 1910.724
cache size	: 3072 KB
physical id	: 0
siblings	: 4
core id		: 0
cpu cores	: 2
apicid		: 0
initial apicid	: 0
fpu		: yes
fpu_exception	: yes
cpuid level	: 20
wp		: yes
flags		: fpu vme de pse tsc msr pae mce cx8 apic sep mtrr pge mca cmov pat pse36 clflush dts acpi mmx fxsr sse sse2 ss ht tm pbe syscall nx pdpe1gb rdtscp lm constant_tsc arch_perfmon pebs bts rep_good nopl xtopology nonstop_tsc cpuid aperfmperf pni pclmulqdq dtes64 monitor ds_cpl vmx est tm2 ssse3 sdbg fma cx16 xtpr pdcm pcid sse4_1 sse4_2 x2apic movbe popcnt tsc_deadline_timer aes xsave avx f16c rdrand lahf_lm abm 3dnowprefetch cpuid_fault epb invpcid_single pti ssbd ibrs ibpb stibp tpr_shadow vnmi flexpriority ept vpid fsgsbase tsc_adjust bmi1 avx2 smep bmi2 erms invpcid rdseed adx smap intel_pt xsaveopt dtherm ida arat pln pts md_clear flush_l1d
bugs		: cpu_meltdown spectre_v1 spectre_v2 spec_store_bypass l1tf mds swapgs itlb_multihit srbds
bogomips	: 4389.76
clflush size	: 64
cache_alignment	: 64
address sizes	: 39 bits physical, 48 bits virtual
power management:

processor	: 1
vendor_id	: GenuineIntel
cpu family	: 6
model		: 61
model name	: Intel(R) Core(TM) i5-5200U CPU @ 2.20GHz
stepping	: 4
microcode	: 0x2f
cpu MHz		: 2014.940
cache size	: 3072 KB
physical id	: 0
siblings	: 4
core id		: 1
cpu cores	: 2
apicid		: 2
initial apicid	: 2
fpu		: yes
fpu_exception	: yes
cpuid level	: 20
wp		: yes
flags		: fpu vme de pse tsc msr pae mce cx8 apic sep mtrr pge mca cmov pat pse36 clflush dts acpi mmx fxsr sse sse2 ss ht tm pbe syscall nx pdpe1gb rdtscp lm constant_tsc arch_perfmon pebs bts rep_good nopl xtopology nonstop_tsc cpuid aperfmperf pni pclmulqdq dtes64 monitor ds_cpl vmx est tm2 ssse3 sdbg fma cx16 xtpr pdcm pcid sse4_1 sse4_2 x2apic movbe popcnt tsc_deadline_timer aes xsave avx f16c rdrand lahf_lm abm 3dnowprefetch cpuid_fault epb invpcid_single pti ssbd ibrs ibpb stibp tpr_shadow vnmi flexpriority ept vpid fsgsbase tsc_adjust bmi1 avx2 smep bmi2 erms invpcid rdseed adx smap intel_pt xsaveopt dtherm ida arat pln pts md_clear flush_l1d
bugs		: cpu_meltdown spectre_v1 spectre_v2 spec_store_bypass l1tf mds swapgs itlb_multihit srbds
bogomips	: 4389.76
clflush size	: 64
cache_alignment	: 64
address sizes	: 39 bits physical, 48 bits virtual
power management:

processor	: 2
vendor_id	: GenuineIntel
cpu family	: 6
model		: 61
model name	: Intel(R) Core(TM) i5-5200U CPU @ 2.20GHz
stepping	: 4
microcode	: 0x2f
cpu MHz		: 2176.314
cache size	: 3072 KB
physical id	: 0
siblings	: 4
core id		: 0
cpu cores	: 2
apicid		: 1
initial apicid	: 1
fpu		: yes
fpu_exception	: yes
cpuid level	: 20
wp		: yes
flags		: fpu vme de pse tsc msr pae mce cx8 apic sep mtrr pge mca cmov pat pse36 clflush dts acpi mmx fxsr sse sse2 ss ht tm pbe syscall nx pdpe1gb rdtscp lm constant_tsc arch_perfmon pebs bts rep_good nopl xtopology nonstop_tsc cpuid aperfmperf pni pclmulqdq dtes64 monitor ds_cpl vmx est tm2 ssse3 sdbg fma cx16 xtpr pdcm pcid sse4_1 sse4_2 x2apic movbe popcnt tsc_deadline_timer aes xsave avx f16c rdrand lahf_lm abm 3dnowprefetch cpuid_fault epb invpcid_single pti ssbd ibrs ibpb stibp tpr_shadow vnmi flexpriority ept vpid fsgsbase tsc_adjust bmi1 avx2 smep bmi2 erms invpcid rdseed adx smap intel_pt xsaveopt dtherm ida arat pln pts md_clear flush_l1d
bugs		: cpu_meltdown spectre_v1 spectre_v2 spec_store_bypass l1tf mds swapgs itlb_multihit srbds
bogomips	: 4389.76
clflush size	: 64
cache_alignment	: 64
address sizes	: 39 bits physical, 48 bits virtual
power management:

processor	: 3
vendor_id	: GenuineIntel
cpu family	: 6
model		: 61
model name	: Intel(R) Core(TM) i5-5200U CPU @ 2.20GHz
stepping	: 4
microcode	: 0x2f
cpu MHz		: 1979.256
cache size	: 3072 KB
physical id	: 0
siblings	: 4
core id		: 1
cpu cores	: 2
apicid		: 3
initial apicid	: 3
fpu		: yes
fpu_exception	: yes
cpuid level	: 20
wp		: yes
flags		: fpu vme de pse tsc msr pae mce cx8 apic sep mtrr pge mca cmov pat pse36 clflush dts acpi mmx fxsr sse sse2 ss ht tm pbe syscall nx pdpe1gb rdtscp lm constant_tsc arch_perfmon pebs bts rep_good nopl xtopology nonstop_tsc cpuid aperfmperf pni pclmulqdq dtes64 monitor ds_cpl vmx est tm2 ssse3 sdbg fma cx16 xtpr pdcm pcid sse4_1 sse4_2 x2apic movbe popcnt tsc_deadline_timer aes xsave avx f16c rdrand lahf_lm abm 3dnowprefetch cpuid_fault epb invpcid_single pti ssbd ibrs ibpb stibp tpr_shadow vnmi flexpriority ept vpid fsgsbase tsc_adjust bmi1 avx2 smep bmi2 erms invpcid rdseed adx smap intel_pt xsaveopt dtherm ida arat pln pts md_clear flush_l1d
bugs		: cpu_meltdown spectre_v1 spectre_v2 spec_store_bypass l1tf mds swapgs itlb_multihit srbds
bogomips	: 4389.76
clflush size	: 64
cache_alignment	: 64
address sizes	: 39 bits physical, 48 bits virtual
power management:



Memory: 4k page, physical 3937056k(114432k free), swap 0k(0k free)

vm_info: OpenJDK 64-Bit Server VM (25.252-b09) for linux-amd64 JRE (1.8.0_252-8u252-b09-1~16.04-b09), built on Apr 15 2020 21:06:51 by "buildd" with gcc 5.4.0 20160609

time: Mon Jun 29 01:51:23 2020
timezone: -03
elapsed time: 3 seconds (0d 0h 0m 3s)

